[2025-09-30T14:15:49.791+0000] {processor.py:161} INFO - Started process (PID=38) to work on /opt/airflow/dags/main.py
[2025-09-30T14:15:49.792+0000] {processor.py:830} INFO - Processing file /opt/airflow/dags/main.py for tasks to queue
[2025-09-30T14:15:49.794+0000] {logging_mixin.py:188} INFO - [2025-09-30T14:15:49.793+0000] {dagbag.py:545} INFO - Filling up the DagBag from /opt/airflow/dags/main.py
[2025-09-30T14:15:49.819+0000] {logging_mixin.py:188} INFO - [2025-09-30T14:15:49.815+0000] {dagbag.py:355} ERROR - Failed to import: /opt/airflow/dags/main.py
Traceback (most recent call last):
  File "/home/airflow/.local/lib/python3.12/site-packages/airflow/models/dagbag.py", line 351, in parse
    loader.exec_module(new_module)
  File "<frozen importlib._bootstrap_external>", line 995, in exec_module
  File "<frozen importlib._bootstrap>", line 488, in _call_with_frames_removed
  File "/opt/airflow/dags/main.py", line 3, in <module>
    from pyspark.sql import SparkSession
ModuleNotFoundError: No module named 'pyspark'
[2025-09-30T14:15:49.820+0000] {processor.py:842} WARNING - No viable dags retrieved from /opt/airflow/dags/main.py
[2025-09-30T14:15:49.834+0000] {processor.py:183} INFO - Processing /opt/airflow/dags/main.py took 0.048 seconds
[2025-09-30T14:17:19.560+0000] {processor.py:161} INFO - Started process (PID=38) to work on /opt/airflow/dags/main.py
[2025-09-30T14:17:19.561+0000] {processor.py:830} INFO - Processing file /opt/airflow/dags/main.py for tasks to queue
[2025-09-30T14:17:19.564+0000] {logging_mixin.py:188} INFO - [2025-09-30T14:17:19.563+0000] {dagbag.py:545} INFO - Filling up the DagBag from /opt/airflow/dags/main.py
[2025-09-30T14:17:19.581+0000] {logging_mixin.py:188} INFO - [2025-09-30T14:17:19.577+0000] {dagbag.py:355} ERROR - Failed to import: /opt/airflow/dags/main.py
Traceback (most recent call last):
  File "/home/airflow/.local/lib/python3.12/site-packages/airflow/models/dagbag.py", line 351, in parse
    loader.exec_module(new_module)
  File "<frozen importlib._bootstrap_external>", line 995, in exec_module
  File "<frozen importlib._bootstrap>", line 488, in _call_with_frames_removed
  File "/opt/airflow/dags/main.py", line 3, in <module>
    from pyspark.sql import SparkSession
ModuleNotFoundError: No module named 'pyspark'
[2025-09-30T14:17:19.582+0000] {processor.py:842} WARNING - No viable dags retrieved from /opt/airflow/dags/main.py
[2025-09-30T14:17:19.597+0000] {processor.py:183} INFO - Processing /opt/airflow/dags/main.py took 0.041 seconds
[2025-09-30T14:17:49.832+0000] {processor.py:161} INFO - Started process (PID=45) to work on /opt/airflow/dags/main.py
[2025-09-30T14:17:49.832+0000] {processor.py:830} INFO - Processing file /opt/airflow/dags/main.py for tasks to queue
[2025-09-30T14:17:49.834+0000] {logging_mixin.py:188} INFO - [2025-09-30T14:17:49.833+0000] {dagbag.py:545} INFO - Filling up the DagBag from /opt/airflow/dags/main.py
[2025-09-30T14:17:49.846+0000] {logging_mixin.py:188} INFO - [2025-09-30T14:17:49.843+0000] {dagbag.py:355} ERROR - Failed to import: /opt/airflow/dags/main.py
Traceback (most recent call last):
  File "/home/airflow/.local/lib/python3.12/site-packages/airflow/models/dagbag.py", line 351, in parse
    loader.exec_module(new_module)
  File "<frozen importlib._bootstrap_external>", line 995, in exec_module
  File "<frozen importlib._bootstrap>", line 488, in _call_with_frames_removed
  File "/opt/airflow/dags/main.py", line 3, in <module>
    from pyspark.sql import SparkSession
ModuleNotFoundError: No module named 'pyspark'
[2025-09-30T14:17:49.847+0000] {processor.py:842} WARNING - No viable dags retrieved from /opt/airflow/dags/main.py
[2025-09-30T14:17:49.863+0000] {processor.py:183} INFO - Processing /opt/airflow/dags/main.py took 0.036 seconds
[2025-09-30T14:18:20.038+0000] {processor.py:161} INFO - Started process (PID=52) to work on /opt/airflow/dags/main.py
[2025-09-30T14:18:20.039+0000] {processor.py:830} INFO - Processing file /opt/airflow/dags/main.py for tasks to queue
[2025-09-30T14:18:20.041+0000] {logging_mixin.py:188} INFO - [2025-09-30T14:18:20.040+0000] {dagbag.py:545} INFO - Filling up the DagBag from /opt/airflow/dags/main.py
[2025-09-30T14:18:20.055+0000] {logging_mixin.py:188} INFO - [2025-09-30T14:18:20.051+0000] {dagbag.py:355} ERROR - Failed to import: /opt/airflow/dags/main.py
Traceback (most recent call last):
  File "/home/airflow/.local/lib/python3.12/site-packages/airflow/models/dagbag.py", line 351, in parse
    loader.exec_module(new_module)
  File "<frozen importlib._bootstrap_external>", line 995, in exec_module
  File "<frozen importlib._bootstrap>", line 488, in _call_with_frames_removed
  File "/opt/airflow/dags/main.py", line 3, in <module>
    from pyspark.sql import SparkSession
ModuleNotFoundError: No module named 'pyspark'
[2025-09-30T14:18:20.056+0000] {processor.py:842} WARNING - No viable dags retrieved from /opt/airflow/dags/main.py
[2025-09-30T14:18:20.071+0000] {processor.py:183} INFO - Processing /opt/airflow/dags/main.py took 0.037 seconds
[2025-09-30T14:18:50.239+0000] {processor.py:161} INFO - Started process (PID=59) to work on /opt/airflow/dags/main.py
[2025-09-30T14:18:50.239+0000] {processor.py:830} INFO - Processing file /opt/airflow/dags/main.py for tasks to queue
[2025-09-30T14:18:50.241+0000] {logging_mixin.py:188} INFO - [2025-09-30T14:18:50.241+0000] {dagbag.py:545} INFO - Filling up the DagBag from /opt/airflow/dags/main.py
[2025-09-30T14:18:50.253+0000] {logging_mixin.py:188} INFO - [2025-09-30T14:18:50.251+0000] {dagbag.py:355} ERROR - Failed to import: /opt/airflow/dags/main.py
Traceback (most recent call last):
  File "/home/airflow/.local/lib/python3.12/site-packages/airflow/models/dagbag.py", line 351, in parse
    loader.exec_module(new_module)
  File "<frozen importlib._bootstrap_external>", line 995, in exec_module
  File "<frozen importlib._bootstrap>", line 488, in _call_with_frames_removed
  File "/opt/airflow/dags/main.py", line 3, in <module>
    from pyspark.sql import SparkSession
ModuleNotFoundError: No module named 'pyspark'
[2025-09-30T14:18:50.255+0000] {processor.py:842} WARNING - No viable dags retrieved from /opt/airflow/dags/main.py
[2025-09-30T14:18:50.269+0000] {processor.py:183} INFO - Processing /opt/airflow/dags/main.py took 0.035 seconds
[2025-09-30T14:19:20.477+0000] {processor.py:161} INFO - Started process (PID=66) to work on /opt/airflow/dags/main.py
[2025-09-30T14:19:20.478+0000] {processor.py:830} INFO - Processing file /opt/airflow/dags/main.py for tasks to queue
[2025-09-30T14:19:20.480+0000] {logging_mixin.py:188} INFO - [2025-09-30T14:19:20.479+0000] {dagbag.py:545} INFO - Filling up the DagBag from /opt/airflow/dags/main.py
[2025-09-30T14:19:20.498+0000] {logging_mixin.py:188} INFO - [2025-09-30T14:19:20.495+0000] {dagbag.py:355} ERROR - Failed to import: /opt/airflow/dags/main.py
Traceback (most recent call last):
  File "/home/airflow/.local/lib/python3.12/site-packages/airflow/models/dagbag.py", line 351, in parse
    loader.exec_module(new_module)
  File "<frozen importlib._bootstrap_external>", line 995, in exec_module
  File "<frozen importlib._bootstrap>", line 488, in _call_with_frames_removed
  File "/opt/airflow/dags/main.py", line 3, in <module>
    from pyspark.sql import SparkSession
ModuleNotFoundError: No module named 'pyspark'
[2025-09-30T14:19:20.499+0000] {processor.py:842} WARNING - No viable dags retrieved from /opt/airflow/dags/main.py
[2025-09-30T14:19:20.516+0000] {processor.py:183} INFO - Processing /opt/airflow/dags/main.py took 0.043 seconds
[2025-09-30T14:19:50.740+0000] {processor.py:161} INFO - Started process (PID=73) to work on /opt/airflow/dags/main.py
[2025-09-30T14:19:50.741+0000] {processor.py:830} INFO - Processing file /opt/airflow/dags/main.py for tasks to queue
[2025-09-30T14:19:50.743+0000] {logging_mixin.py:188} INFO - [2025-09-30T14:19:50.742+0000] {dagbag.py:545} INFO - Filling up the DagBag from /opt/airflow/dags/main.py
[2025-09-30T14:19:50.754+0000] {logging_mixin.py:188} INFO - [2025-09-30T14:19:50.752+0000] {dagbag.py:355} ERROR - Failed to import: /opt/airflow/dags/main.py
Traceback (most recent call last):
  File "/home/airflow/.local/lib/python3.12/site-packages/airflow/models/dagbag.py", line 351, in parse
    loader.exec_module(new_module)
  File "<frozen importlib._bootstrap_external>", line 995, in exec_module
  File "<frozen importlib._bootstrap>", line 488, in _call_with_frames_removed
  File "/opt/airflow/dags/main.py", line 3, in <module>
    from pyspark.sql import SparkSession
ModuleNotFoundError: No module named 'pyspark'
[2025-09-30T14:19:50.755+0000] {processor.py:842} WARNING - No viable dags retrieved from /opt/airflow/dags/main.py
[2025-09-30T14:19:50.771+0000] {processor.py:183} INFO - Processing /opt/airflow/dags/main.py took 0.037 seconds
[2025-09-30T14:20:20.983+0000] {processor.py:161} INFO - Started process (PID=80) to work on /opt/airflow/dags/main.py
[2025-09-30T14:20:20.984+0000] {processor.py:830} INFO - Processing file /opt/airflow/dags/main.py for tasks to queue
[2025-09-30T14:20:20.985+0000] {logging_mixin.py:188} INFO - [2025-09-30T14:20:20.985+0000] {dagbag.py:545} INFO - Filling up the DagBag from /opt/airflow/dags/main.py
[2025-09-30T14:20:20.999+0000] {logging_mixin.py:188} INFO - [2025-09-30T14:20:20.996+0000] {dagbag.py:355} ERROR - Failed to import: /opt/airflow/dags/main.py
Traceback (most recent call last):
  File "/home/airflow/.local/lib/python3.12/site-packages/airflow/models/dagbag.py", line 351, in parse
    loader.exec_module(new_module)
  File "<frozen importlib._bootstrap_external>", line 995, in exec_module
  File "<frozen importlib._bootstrap>", line 488, in _call_with_frames_removed
  File "/opt/airflow/dags/main.py", line 3, in <module>
    from pyspark.sql import SparkSession
ModuleNotFoundError: No module named 'pyspark'
[2025-09-30T14:20:21.000+0000] {processor.py:842} WARNING - No viable dags retrieved from /opt/airflow/dags/main.py
[2025-09-30T14:20:21.016+0000] {processor.py:183} INFO - Processing /opt/airflow/dags/main.py took 0.039 seconds
[2025-09-30T14:20:51.199+0000] {processor.py:161} INFO - Started process (PID=87) to work on /opt/airflow/dags/main.py
[2025-09-30T14:20:51.200+0000] {processor.py:830} INFO - Processing file /opt/airflow/dags/main.py for tasks to queue
[2025-09-30T14:20:51.201+0000] {logging_mixin.py:188} INFO - [2025-09-30T14:20:51.201+0000] {dagbag.py:545} INFO - Filling up the DagBag from /opt/airflow/dags/main.py
[2025-09-30T14:20:51.217+0000] {logging_mixin.py:188} INFO - [2025-09-30T14:20:51.213+0000] {dagbag.py:355} ERROR - Failed to import: /opt/airflow/dags/main.py
Traceback (most recent call last):
  File "/home/airflow/.local/lib/python3.12/site-packages/airflow/models/dagbag.py", line 351, in parse
    loader.exec_module(new_module)
  File "<frozen importlib._bootstrap_external>", line 995, in exec_module
  File "<frozen importlib._bootstrap>", line 488, in _call_with_frames_removed
  File "/opt/airflow/dags/main.py", line 3, in <module>
    from pyspark.sql import SparkSession
ModuleNotFoundError: No module named 'pyspark'
[2025-09-30T14:20:51.220+0000] {processor.py:842} WARNING - No viable dags retrieved from /opt/airflow/dags/main.py
[2025-09-30T14:20:51.235+0000] {processor.py:183} INFO - Processing /opt/airflow/dags/main.py took 0.041 seconds
[2025-09-30T14:21:21.470+0000] {processor.py:161} INFO - Started process (PID=95) to work on /opt/airflow/dags/main.py
[2025-09-30T14:21:21.470+0000] {processor.py:830} INFO - Processing file /opt/airflow/dags/main.py for tasks to queue
[2025-09-30T14:21:21.472+0000] {logging_mixin.py:188} INFO - [2025-09-30T14:21:21.472+0000] {dagbag.py:545} INFO - Filling up the DagBag from /opt/airflow/dags/main.py
[2025-09-30T14:21:21.489+0000] {logging_mixin.py:188} INFO - [2025-09-30T14:21:21.485+0000] {dagbag.py:355} ERROR - Failed to import: /opt/airflow/dags/main.py
Traceback (most recent call last):
  File "/home/airflow/.local/lib/python3.12/site-packages/airflow/models/dagbag.py", line 351, in parse
    loader.exec_module(new_module)
  File "<frozen importlib._bootstrap_external>", line 995, in exec_module
  File "<frozen importlib._bootstrap>", line 488, in _call_with_frames_removed
  File "/opt/airflow/dags/main.py", line 3, in <module>
    from pyspark.sql import SparkSession
ModuleNotFoundError: No module named 'pyspark'
[2025-09-30T14:21:21.490+0000] {processor.py:842} WARNING - No viable dags retrieved from /opt/airflow/dags/main.py
[2025-09-30T14:21:21.504+0000] {processor.py:183} INFO - Processing /opt/airflow/dags/main.py took 0.038 seconds
[2025-09-30T14:21:51.743+0000] {processor.py:161} INFO - Started process (PID=102) to work on /opt/airflow/dags/main.py
[2025-09-30T14:21:51.743+0000] {processor.py:830} INFO - Processing file /opt/airflow/dags/main.py for tasks to queue
[2025-09-30T14:21:51.745+0000] {logging_mixin.py:188} INFO - [2025-09-30T14:21:51.745+0000] {dagbag.py:545} INFO - Filling up the DagBag from /opt/airflow/dags/main.py
[2025-09-30T14:21:51.757+0000] {logging_mixin.py:188} INFO - [2025-09-30T14:21:51.755+0000] {dagbag.py:355} ERROR - Failed to import: /opt/airflow/dags/main.py
Traceback (most recent call last):
  File "/home/airflow/.local/lib/python3.12/site-packages/airflow/models/dagbag.py", line 351, in parse
    loader.exec_module(new_module)
  File "<frozen importlib._bootstrap_external>", line 995, in exec_module
  File "<frozen importlib._bootstrap>", line 488, in _call_with_frames_removed
  File "/opt/airflow/dags/main.py", line 3, in <module>
    from pyspark.sql import SparkSession
ModuleNotFoundError: No module named 'pyspark'
[2025-09-30T14:21:51.758+0000] {processor.py:842} WARNING - No viable dags retrieved from /opt/airflow/dags/main.py
[2025-09-30T14:21:51.771+0000] {processor.py:183} INFO - Processing /opt/airflow/dags/main.py took 0.033 seconds
[2025-09-30T14:22:22.041+0000] {processor.py:161} INFO - Started process (PID=109) to work on /opt/airflow/dags/main.py
[2025-09-30T14:22:22.042+0000] {processor.py:830} INFO - Processing file /opt/airflow/dags/main.py for tasks to queue
[2025-09-30T14:22:22.043+0000] {logging_mixin.py:188} INFO - [2025-09-30T14:22:22.043+0000] {dagbag.py:545} INFO - Filling up the DagBag from /opt/airflow/dags/main.py
[2025-09-30T14:22:22.052+0000] {logging_mixin.py:188} INFO - [2025-09-30T14:22:22.050+0000] {dagbag.py:355} ERROR - Failed to import: /opt/airflow/dags/main.py
Traceback (most recent call last):
  File "/home/airflow/.local/lib/python3.12/site-packages/airflow/models/dagbag.py", line 351, in parse
    loader.exec_module(new_module)
  File "<frozen importlib._bootstrap_external>", line 995, in exec_module
  File "<frozen importlib._bootstrap>", line 488, in _call_with_frames_removed
  File "/opt/airflow/dags/main.py", line 3, in <module>
    from pyspark.sql import SparkSession
ModuleNotFoundError: No module named 'pyspark'
[2025-09-30T14:22:22.053+0000] {processor.py:842} WARNING - No viable dags retrieved from /opt/airflow/dags/main.py
[2025-09-30T14:22:22.069+0000] {processor.py:183} INFO - Processing /opt/airflow/dags/main.py took 0.031 seconds
[2025-09-30T14:22:52.324+0000] {processor.py:161} INFO - Started process (PID=116) to work on /opt/airflow/dags/main.py
[2025-09-30T14:22:52.325+0000] {processor.py:830} INFO - Processing file /opt/airflow/dags/main.py for tasks to queue
[2025-09-30T14:22:52.327+0000] {logging_mixin.py:188} INFO - [2025-09-30T14:22:52.326+0000] {dagbag.py:545} INFO - Filling up the DagBag from /opt/airflow/dags/main.py
[2025-09-30T14:22:52.342+0000] {logging_mixin.py:188} INFO - [2025-09-30T14:22:52.339+0000] {dagbag.py:355} ERROR - Failed to import: /opt/airflow/dags/main.py
Traceback (most recent call last):
  File "/home/airflow/.local/lib/python3.12/site-packages/airflow/models/dagbag.py", line 351, in parse
    loader.exec_module(new_module)
  File "<frozen importlib._bootstrap_external>", line 995, in exec_module
  File "<frozen importlib._bootstrap>", line 488, in _call_with_frames_removed
  File "/opt/airflow/dags/main.py", line 3, in <module>
    from pyspark.sql import SparkSession
ModuleNotFoundError: No module named 'pyspark'
[2025-09-30T14:22:52.344+0000] {processor.py:842} WARNING - No viable dags retrieved from /opt/airflow/dags/main.py
[2025-09-30T14:22:52.362+0000] {processor.py:183} INFO - Processing /opt/airflow/dags/main.py took 0.044 seconds
[2025-09-30T14:27:27.500+0000] {processor.py:161} INFO - Started process (PID=39) to work on /opt/airflow/dags/main.py
[2025-09-30T14:27:27.502+0000] {processor.py:830} INFO - Processing file /opt/airflow/dags/main.py for tasks to queue
[2025-09-30T14:27:27.503+0000] {logging_mixin.py:188} INFO - [2025-09-30T14:27:27.503+0000] {dagbag.py:545} INFO - Filling up the DagBag from /opt/airflow/dags/main.py
[2025-09-30T14:27:27.703+0000] {processor.py:840} INFO - DAG(s) 'main' retrieved from /opt/airflow/dags/main.py
[2025-09-30T14:27:27.913+0000] {logging_mixin.py:188} INFO - [2025-09-30T14:27:27.913+0000] {override.py:1829} INFO - Created Permission View: can edit on DAG:main
[2025-09-30T14:27:27.925+0000] {logging_mixin.py:188} INFO - [2025-09-30T14:27:27.925+0000] {override.py:1829} INFO - Created Permission View: can read on DAG:main
[2025-09-30T14:27:27.932+0000] {logging_mixin.py:188} INFO - [2025-09-30T14:27:27.931+0000] {override.py:1829} INFO - Created Permission View: can delete on DAG:main
[2025-09-30T14:27:27.932+0000] {logging_mixin.py:188} INFO - [2025-09-30T14:27:27.932+0000] {dag.py:3096} INFO - Sync 1 DAGs
[2025-09-30T14:27:27.942+0000] {logging_mixin.py:188} INFO - [2025-09-30T14:27:27.942+0000] {dag.py:3118} INFO - Creating ORM DAG for main
[2025-09-30T14:27:27.953+0000] {logging_mixin.py:188} INFO - [2025-09-30T14:27:27.953+0000] {dag.py:3954} INFO - Setting next_dagrun for main to 2025-09-29 00:00:00+00:00, run_after=2025-09-30 00:00:00+00:00
[2025-09-30T14:27:27.972+0000] {processor.py:183} INFO - Processing /opt/airflow/dags/main.py took 0.476 seconds
[2025-09-30T14:27:58.133+0000] {processor.py:161} INFO - Started process (PID=46) to work on /opt/airflow/dags/main.py
[2025-09-30T14:27:58.136+0000] {processor.py:830} INFO - Processing file /opt/airflow/dags/main.py for tasks to queue
[2025-09-30T14:27:58.138+0000] {logging_mixin.py:188} INFO - [2025-09-30T14:27:58.138+0000] {dagbag.py:545} INFO - Filling up the DagBag from /opt/airflow/dags/main.py
[2025-09-30T14:27:58.243+0000] {processor.py:840} INFO - DAG(s) 'main' retrieved from /opt/airflow/dags/main.py
[2025-09-30T14:27:58.263+0000] {logging_mixin.py:188} INFO - [2025-09-30T14:27:58.263+0000] {dag.py:3096} INFO - Sync 1 DAGs
[2025-09-30T14:27:58.280+0000] {logging_mixin.py:188} INFO - [2025-09-30T14:27:58.280+0000] {dag.py:3954} INFO - Setting next_dagrun for main to 2025-09-29 00:00:00+00:00, run_after=2025-09-30 00:00:00+00:00
[2025-09-30T14:27:58.297+0000] {processor.py:183} INFO - Processing /opt/airflow/dags/main.py took 0.169 seconds
[2025-09-30T14:28:28.436+0000] {processor.py:161} INFO - Started process (PID=53) to work on /opt/airflow/dags/main.py
[2025-09-30T14:28:28.437+0000] {processor.py:830} INFO - Processing file /opt/airflow/dags/main.py for tasks to queue
[2025-09-30T14:28:28.439+0000] {logging_mixin.py:188} INFO - [2025-09-30T14:28:28.439+0000] {dagbag.py:545} INFO - Filling up the DagBag from /opt/airflow/dags/main.py
[2025-09-30T14:28:28.538+0000] {processor.py:840} INFO - DAG(s) 'main' retrieved from /opt/airflow/dags/main.py
[2025-09-30T14:28:28.560+0000] {logging_mixin.py:188} INFO - [2025-09-30T14:28:28.560+0000] {dag.py:3096} INFO - Sync 1 DAGs
[2025-09-30T14:28:28.577+0000] {logging_mixin.py:188} INFO - [2025-09-30T14:28:28.577+0000] {dag.py:3954} INFO - Setting next_dagrun for main to 2025-09-29 00:00:00+00:00, run_after=2025-09-30 00:00:00+00:00
[2025-09-30T14:28:28.595+0000] {processor.py:183} INFO - Processing /opt/airflow/dags/main.py took 0.163 seconds
[2025-09-30T14:28:58.733+0000] {processor.py:161} INFO - Started process (PID=60) to work on /opt/airflow/dags/main.py
[2025-09-30T14:28:58.734+0000] {processor.py:830} INFO - Processing file /opt/airflow/dags/main.py for tasks to queue
[2025-09-30T14:28:58.736+0000] {logging_mixin.py:188} INFO - [2025-09-30T14:28:58.735+0000] {dagbag.py:545} INFO - Filling up the DagBag from /opt/airflow/dags/main.py
[2025-09-30T14:28:58.836+0000] {processor.py:840} INFO - DAG(s) 'main' retrieved from /opt/airflow/dags/main.py
[2025-09-30T14:28:58.859+0000] {logging_mixin.py:188} INFO - [2025-09-30T14:28:58.859+0000] {dag.py:3096} INFO - Sync 1 DAGs
[2025-09-30T14:28:58.877+0000] {logging_mixin.py:188} INFO - [2025-09-30T14:28:58.877+0000] {dag.py:3954} INFO - Setting next_dagrun for main to 2025-09-29 00:00:00+00:00, run_after=2025-09-30 00:00:00+00:00
[2025-09-30T14:28:58.894+0000] {processor.py:183} INFO - Processing /opt/airflow/dags/main.py took 0.166 seconds
[2025-09-30T14:29:29.034+0000] {processor.py:161} INFO - Started process (PID=67) to work on /opt/airflow/dags/main.py
[2025-09-30T14:29:29.035+0000] {processor.py:830} INFO - Processing file /opt/airflow/dags/main.py for tasks to queue
[2025-09-30T14:29:29.037+0000] {logging_mixin.py:188} INFO - [2025-09-30T14:29:29.037+0000] {dagbag.py:545} INFO - Filling up the DagBag from /opt/airflow/dags/main.py
[2025-09-30T14:29:29.136+0000] {processor.py:840} INFO - DAG(s) 'main' retrieved from /opt/airflow/dags/main.py
[2025-09-30T14:29:29.157+0000] {logging_mixin.py:188} INFO - [2025-09-30T14:29:29.156+0000] {dag.py:3096} INFO - Sync 1 DAGs
[2025-09-30T14:29:29.174+0000] {logging_mixin.py:188} INFO - [2025-09-30T14:29:29.174+0000] {dag.py:3954} INFO - Setting next_dagrun for main to 2025-09-29 00:00:00+00:00, run_after=2025-09-30 00:00:00+00:00
[2025-09-30T14:29:29.193+0000] {processor.py:183} INFO - Processing /opt/airflow/dags/main.py took 0.164 seconds
[2025-09-30T14:29:59.334+0000] {processor.py:161} INFO - Started process (PID=74) to work on /opt/airflow/dags/main.py
[2025-09-30T14:29:59.335+0000] {processor.py:830} INFO - Processing file /opt/airflow/dags/main.py for tasks to queue
[2025-09-30T14:29:59.337+0000] {logging_mixin.py:188} INFO - [2025-09-30T14:29:59.337+0000] {dagbag.py:545} INFO - Filling up the DagBag from /opt/airflow/dags/main.py
[2025-09-30T14:29:59.445+0000] {processor.py:840} INFO - DAG(s) 'main' retrieved from /opt/airflow/dags/main.py
[2025-09-30T14:29:59.469+0000] {logging_mixin.py:188} INFO - [2025-09-30T14:29:59.469+0000] {dag.py:3096} INFO - Sync 1 DAGs
[2025-09-30T14:29:59.488+0000] {logging_mixin.py:188} INFO - [2025-09-30T14:29:59.488+0000] {dag.py:3954} INFO - Setting next_dagrun for main to 2025-09-29 00:00:00+00:00, run_after=2025-09-30 00:00:00+00:00
[2025-09-30T14:29:59.511+0000] {processor.py:183} INFO - Processing /opt/airflow/dags/main.py took 0.182 seconds
[2025-09-30T14:30:29.663+0000] {processor.py:161} INFO - Started process (PID=81) to work on /opt/airflow/dags/main.py
[2025-09-30T14:30:29.664+0000] {processor.py:830} INFO - Processing file /opt/airflow/dags/main.py for tasks to queue
[2025-09-30T14:30:29.666+0000] {logging_mixin.py:188} INFO - [2025-09-30T14:30:29.665+0000] {dagbag.py:545} INFO - Filling up the DagBag from /opt/airflow/dags/main.py
[2025-09-30T14:30:29.766+0000] {processor.py:840} INFO - DAG(s) 'main' retrieved from /opt/airflow/dags/main.py
[2025-09-30T14:30:29.788+0000] {logging_mixin.py:188} INFO - [2025-09-30T14:30:29.788+0000] {dag.py:3096} INFO - Sync 1 DAGs
[2025-09-30T14:30:29.805+0000] {logging_mixin.py:188} INFO - [2025-09-30T14:30:29.805+0000] {dag.py:3954} INFO - Setting next_dagrun for main to 2025-09-29 00:00:00+00:00, run_after=2025-09-30 00:00:00+00:00
[2025-09-30T14:30:29.825+0000] {processor.py:183} INFO - Processing /opt/airflow/dags/main.py took 0.166 seconds
[2025-09-30T14:30:59.966+0000] {processor.py:161} INFO - Started process (PID=88) to work on /opt/airflow/dags/main.py
[2025-09-30T14:30:59.967+0000] {processor.py:830} INFO - Processing file /opt/airflow/dags/main.py for tasks to queue
[2025-09-30T14:30:59.970+0000] {logging_mixin.py:188} INFO - [2025-09-30T14:30:59.970+0000] {dagbag.py:545} INFO - Filling up the DagBag from /opt/airflow/dags/main.py
[2025-09-30T14:31:00.081+0000] {processor.py:840} INFO - DAG(s) 'main' retrieved from /opt/airflow/dags/main.py
[2025-09-30T14:31:00.102+0000] {logging_mixin.py:188} INFO - [2025-09-30T14:31:00.101+0000] {dag.py:3096} INFO - Sync 1 DAGs
[2025-09-30T14:31:00.119+0000] {logging_mixin.py:188} INFO - [2025-09-30T14:31:00.118+0000] {dag.py:3954} INFO - Setting next_dagrun for main to 2025-09-29 00:00:00+00:00, run_after=2025-09-30 00:00:00+00:00
[2025-09-30T14:31:00.136+0000] {processor.py:183} INFO - Processing /opt/airflow/dags/main.py took 0.175 seconds
[2025-09-30T14:31:30.282+0000] {processor.py:161} INFO - Started process (PID=95) to work on /opt/airflow/dags/main.py
[2025-09-30T14:31:30.283+0000] {processor.py:830} INFO - Processing file /opt/airflow/dags/main.py for tasks to queue
[2025-09-30T14:31:30.285+0000] {logging_mixin.py:188} INFO - [2025-09-30T14:31:30.285+0000] {dagbag.py:545} INFO - Filling up the DagBag from /opt/airflow/dags/main.py
[2025-09-30T14:31:30.394+0000] {processor.py:840} INFO - DAG(s) 'main' retrieved from /opt/airflow/dags/main.py
[2025-09-30T14:31:30.418+0000] {logging_mixin.py:188} INFO - [2025-09-30T14:31:30.417+0000] {dag.py:3096} INFO - Sync 1 DAGs
[2025-09-30T14:31:30.437+0000] {logging_mixin.py:188} INFO - [2025-09-30T14:31:30.437+0000] {dag.py:3954} INFO - Setting next_dagrun for main to 2025-09-29 00:00:00+00:00, run_after=2025-09-30 00:00:00+00:00
[2025-09-30T14:31:30.457+0000] {processor.py:183} INFO - Processing /opt/airflow/dags/main.py took 0.180 seconds
[2025-09-30T14:32:00.598+0000] {processor.py:161} INFO - Started process (PID=102) to work on /opt/airflow/dags/main.py
[2025-09-30T14:32:00.599+0000] {processor.py:830} INFO - Processing file /opt/airflow/dags/main.py for tasks to queue
[2025-09-30T14:32:00.601+0000] {logging_mixin.py:188} INFO - [2025-09-30T14:32:00.600+0000] {dagbag.py:545} INFO - Filling up the DagBag from /opt/airflow/dags/main.py
[2025-09-30T14:32:00.702+0000] {processor.py:840} INFO - DAG(s) 'main' retrieved from /opt/airflow/dags/main.py
[2025-09-30T14:32:00.724+0000] {logging_mixin.py:188} INFO - [2025-09-30T14:32:00.724+0000] {dag.py:3096} INFO - Sync 1 DAGs
[2025-09-30T14:32:00.741+0000] {logging_mixin.py:188} INFO - [2025-09-30T14:32:00.741+0000] {dag.py:3954} INFO - Setting next_dagrun for main to 2025-09-29 00:00:00+00:00, run_after=2025-09-30 00:00:00+00:00
[2025-09-30T14:32:00.759+0000] {processor.py:183} INFO - Processing /opt/airflow/dags/main.py took 0.166 seconds
[2025-09-30T14:32:30.897+0000] {processor.py:161} INFO - Started process (PID=109) to work on /opt/airflow/dags/main.py
[2025-09-30T14:32:30.898+0000] {processor.py:830} INFO - Processing file /opt/airflow/dags/main.py for tasks to queue
[2025-09-30T14:32:30.899+0000] {logging_mixin.py:188} INFO - [2025-09-30T14:32:30.899+0000] {dagbag.py:545} INFO - Filling up the DagBag from /opt/airflow/dags/main.py
[2025-09-30T14:32:31.006+0000] {processor.py:840} INFO - DAG(s) 'main' retrieved from /opt/airflow/dags/main.py
[2025-09-30T14:32:31.028+0000] {logging_mixin.py:188} INFO - [2025-09-30T14:32:31.028+0000] {dag.py:3096} INFO - Sync 1 DAGs
[2025-09-30T14:32:31.046+0000] {logging_mixin.py:188} INFO - [2025-09-30T14:32:31.046+0000] {dag.py:3954} INFO - Setting next_dagrun for main to 2025-09-29 00:00:00+00:00, run_after=2025-09-30 00:00:00+00:00
[2025-09-30T14:32:31.065+0000] {processor.py:183} INFO - Processing /opt/airflow/dags/main.py took 0.173 seconds
[2025-09-30T14:33:01.215+0000] {processor.py:161} INFO - Started process (PID=116) to work on /opt/airflow/dags/main.py
[2025-09-30T14:33:01.216+0000] {processor.py:830} INFO - Processing file /opt/airflow/dags/main.py for tasks to queue
[2025-09-30T14:33:01.218+0000] {logging_mixin.py:188} INFO - [2025-09-30T14:33:01.217+0000] {dagbag.py:545} INFO - Filling up the DagBag from /opt/airflow/dags/main.py
[2025-09-30T14:33:01.316+0000] {processor.py:840} INFO - DAG(s) 'main' retrieved from /opt/airflow/dags/main.py
[2025-09-30T14:33:01.337+0000] {logging_mixin.py:188} INFO - [2025-09-30T14:33:01.337+0000] {dag.py:3096} INFO - Sync 1 DAGs
[2025-09-30T14:33:01.354+0000] {logging_mixin.py:188} INFO - [2025-09-30T14:33:01.354+0000] {dag.py:3954} INFO - Setting next_dagrun for main to 2025-09-29 00:00:00+00:00, run_after=2025-09-30 00:00:00+00:00
[2025-09-30T14:33:01.372+0000] {processor.py:183} INFO - Processing /opt/airflow/dags/main.py took 0.162 seconds
[2025-09-30T14:33:31.513+0000] {processor.py:161} INFO - Started process (PID=124) to work on /opt/airflow/dags/main.py
[2025-09-30T14:33:31.514+0000] {processor.py:830} INFO - Processing file /opt/airflow/dags/main.py for tasks to queue
[2025-09-30T14:33:31.516+0000] {logging_mixin.py:188} INFO - [2025-09-30T14:33:31.515+0000] {dagbag.py:545} INFO - Filling up the DagBag from /opt/airflow/dags/main.py
[2025-09-30T14:33:31.613+0000] {processor.py:840} INFO - DAG(s) 'main' retrieved from /opt/airflow/dags/main.py
[2025-09-30T14:33:31.635+0000] {logging_mixin.py:188} INFO - [2025-09-30T14:33:31.635+0000] {dag.py:3096} INFO - Sync 1 DAGs
[2025-09-30T14:33:31.651+0000] {logging_mixin.py:188} INFO - [2025-09-30T14:33:31.651+0000] {dag.py:3954} INFO - Setting next_dagrun for main to 2025-09-29 00:00:00+00:00, run_after=2025-09-30 00:00:00+00:00
[2025-09-30T14:33:31.668+0000] {processor.py:183} INFO - Processing /opt/airflow/dags/main.py took 0.160 seconds
[2025-09-30T14:34:01.807+0000] {processor.py:161} INFO - Started process (PID=131) to work on /opt/airflow/dags/main.py
[2025-09-30T14:34:01.808+0000] {processor.py:830} INFO - Processing file /opt/airflow/dags/main.py for tasks to queue
[2025-09-30T14:34:01.810+0000] {logging_mixin.py:188} INFO - [2025-09-30T14:34:01.810+0000] {dagbag.py:545} INFO - Filling up the DagBag from /opt/airflow/dags/main.py
[2025-09-30T14:34:01.911+0000] {processor.py:840} INFO - DAG(s) 'main' retrieved from /opt/airflow/dags/main.py
[2025-09-30T14:34:01.932+0000] {logging_mixin.py:188} INFO - [2025-09-30T14:34:01.932+0000] {dag.py:3096} INFO - Sync 1 DAGs
[2025-09-30T14:34:01.949+0000] {logging_mixin.py:188} INFO - [2025-09-30T14:34:01.949+0000] {dag.py:3954} INFO - Setting next_dagrun for main to 2025-09-29 00:00:00+00:00, run_after=2025-09-30 00:00:00+00:00
[2025-09-30T14:34:01.966+0000] {processor.py:183} INFO - Processing /opt/airflow/dags/main.py took 0.163 seconds
[2025-09-30T14:34:32.104+0000] {processor.py:161} INFO - Started process (PID=138) to work on /opt/airflow/dags/main.py
[2025-09-30T14:34:32.105+0000] {processor.py:830} INFO - Processing file /opt/airflow/dags/main.py for tasks to queue
[2025-09-30T14:34:32.107+0000] {logging_mixin.py:188} INFO - [2025-09-30T14:34:32.107+0000] {dagbag.py:545} INFO - Filling up the DagBag from /opt/airflow/dags/main.py
[2025-09-30T14:34:32.214+0000] {processor.py:840} INFO - DAG(s) 'main' retrieved from /opt/airflow/dags/main.py
[2025-09-30T14:34:32.235+0000] {logging_mixin.py:188} INFO - [2025-09-30T14:34:32.235+0000] {dag.py:3096} INFO - Sync 1 DAGs
[2025-09-30T14:34:32.252+0000] {logging_mixin.py:188} INFO - [2025-09-30T14:34:32.252+0000] {dag.py:3954} INFO - Setting next_dagrun for main to 2025-09-29 00:00:00+00:00, run_after=2025-09-30 00:00:00+00:00
[2025-09-30T14:34:32.269+0000] {processor.py:183} INFO - Processing /opt/airflow/dags/main.py took 0.169 seconds
[2025-09-30T14:35:02.415+0000] {processor.py:161} INFO - Started process (PID=145) to work on /opt/airflow/dags/main.py
[2025-09-30T14:35:02.416+0000] {processor.py:830} INFO - Processing file /opt/airflow/dags/main.py for tasks to queue
[2025-09-30T14:35:02.418+0000] {logging_mixin.py:188} INFO - [2025-09-30T14:35:02.418+0000] {dagbag.py:545} INFO - Filling up the DagBag from /opt/airflow/dags/main.py
[2025-09-30T14:35:02.523+0000] {processor.py:840} INFO - DAG(s) 'main' retrieved from /opt/airflow/dags/main.py
[2025-09-30T14:35:02.546+0000] {logging_mixin.py:188} INFO - [2025-09-30T14:35:02.546+0000] {dag.py:3096} INFO - Sync 1 DAGs
[2025-09-30T14:35:02.564+0000] {logging_mixin.py:188} INFO - [2025-09-30T14:35:02.564+0000] {dag.py:3954} INFO - Setting next_dagrun for main to 2025-09-29 00:00:00+00:00, run_after=2025-09-30 00:00:00+00:00
[2025-09-30T14:35:02.583+0000] {processor.py:183} INFO - Processing /opt/airflow/dags/main.py took 0.173 seconds
[2025-09-30T14:35:32.718+0000] {processor.py:161} INFO - Started process (PID=152) to work on /opt/airflow/dags/main.py
[2025-09-30T14:35:32.719+0000] {processor.py:830} INFO - Processing file /opt/airflow/dags/main.py for tasks to queue
[2025-09-30T14:35:32.720+0000] {logging_mixin.py:188} INFO - [2025-09-30T14:35:32.720+0000] {dagbag.py:545} INFO - Filling up the DagBag from /opt/airflow/dags/main.py
[2025-09-30T14:35:32.818+0000] {processor.py:840} INFO - DAG(s) 'main' retrieved from /opt/airflow/dags/main.py
[2025-09-30T14:35:32.838+0000] {logging_mixin.py:188} INFO - [2025-09-30T14:35:32.838+0000] {dag.py:3096} INFO - Sync 1 DAGs
[2025-09-30T14:35:32.856+0000] {logging_mixin.py:188} INFO - [2025-09-30T14:35:32.856+0000] {dag.py:3954} INFO - Setting next_dagrun for main to 2025-09-29 00:00:00+00:00, run_after=2025-09-30 00:00:00+00:00
[2025-09-30T14:35:32.873+0000] {processor.py:183} INFO - Processing /opt/airflow/dags/main.py took 0.160 seconds
[2025-09-30T14:36:03.017+0000] {processor.py:161} INFO - Started process (PID=159) to work on /opt/airflow/dags/main.py
[2025-09-30T14:36:03.018+0000] {processor.py:830} INFO - Processing file /opt/airflow/dags/main.py for tasks to queue
[2025-09-30T14:36:03.020+0000] {logging_mixin.py:188} INFO - [2025-09-30T14:36:03.020+0000] {dagbag.py:545} INFO - Filling up the DagBag from /opt/airflow/dags/main.py
[2025-09-30T14:36:03.119+0000] {processor.py:840} INFO - DAG(s) 'main' retrieved from /opt/airflow/dags/main.py
[2025-09-30T14:36:03.139+0000] {logging_mixin.py:188} INFO - [2025-09-30T14:36:03.139+0000] {dag.py:3096} INFO - Sync 1 DAGs
[2025-09-30T14:36:03.158+0000] {logging_mixin.py:188} INFO - [2025-09-30T14:36:03.157+0000] {dag.py:3954} INFO - Setting next_dagrun for main to 2025-09-29 00:00:00+00:00, run_after=2025-09-30 00:00:00+00:00
[2025-09-30T14:36:03.175+0000] {processor.py:183} INFO - Processing /opt/airflow/dags/main.py took 0.163 seconds
[2025-09-30T14:36:33.316+0000] {processor.py:161} INFO - Started process (PID=166) to work on /opt/airflow/dags/main.py
[2025-09-30T14:36:33.317+0000] {processor.py:830} INFO - Processing file /opt/airflow/dags/main.py for tasks to queue
[2025-09-30T14:36:33.319+0000] {logging_mixin.py:188} INFO - [2025-09-30T14:36:33.318+0000] {dagbag.py:545} INFO - Filling up the DagBag from /opt/airflow/dags/main.py
[2025-09-30T14:36:33.417+0000] {processor.py:840} INFO - DAG(s) 'main' retrieved from /opt/airflow/dags/main.py
[2025-09-30T14:36:33.439+0000] {logging_mixin.py:188} INFO - [2025-09-30T14:36:33.439+0000] {dag.py:3096} INFO - Sync 1 DAGs
[2025-09-30T14:36:33.456+0000] {logging_mixin.py:188} INFO - [2025-09-30T14:36:33.456+0000] {dag.py:3954} INFO - Setting next_dagrun for main to 2025-09-29 00:00:00+00:00, run_after=2025-09-30 00:00:00+00:00
[2025-09-30T14:36:33.475+0000] {processor.py:183} INFO - Processing /opt/airflow/dags/main.py took 0.164 seconds
[2025-09-30T14:37:03.614+0000] {processor.py:161} INFO - Started process (PID=173) to work on /opt/airflow/dags/main.py
[2025-09-30T14:37:03.615+0000] {processor.py:830} INFO - Processing file /opt/airflow/dags/main.py for tasks to queue
[2025-09-30T14:37:03.616+0000] {logging_mixin.py:188} INFO - [2025-09-30T14:37:03.616+0000] {dagbag.py:545} INFO - Filling up the DagBag from /opt/airflow/dags/main.py
[2025-09-30T14:37:03.714+0000] {processor.py:840} INFO - DAG(s) 'main' retrieved from /opt/airflow/dags/main.py
[2025-09-30T14:37:03.735+0000] {logging_mixin.py:188} INFO - [2025-09-30T14:37:03.735+0000] {dag.py:3096} INFO - Sync 1 DAGs
[2025-09-30T14:37:03.752+0000] {logging_mixin.py:188} INFO - [2025-09-30T14:37:03.751+0000] {dag.py:3954} INFO - Setting next_dagrun for main to 2025-09-29 00:00:00+00:00, run_after=2025-09-30 00:00:00+00:00
[2025-09-30T14:37:03.770+0000] {processor.py:183} INFO - Processing /opt/airflow/dags/main.py took 0.161 seconds
[2025-09-30T14:37:33.906+0000] {processor.py:161} INFO - Started process (PID=180) to work on /opt/airflow/dags/main.py
[2025-09-30T14:37:33.907+0000] {processor.py:830} INFO - Processing file /opt/airflow/dags/main.py for tasks to queue
[2025-09-30T14:37:33.910+0000] {logging_mixin.py:188} INFO - [2025-09-30T14:37:33.909+0000] {dagbag.py:545} INFO - Filling up the DagBag from /opt/airflow/dags/main.py
[2025-09-30T14:37:34.012+0000] {processor.py:840} INFO - DAG(s) 'main' retrieved from /opt/airflow/dags/main.py
[2025-09-30T14:37:34.032+0000] {logging_mixin.py:188} INFO - [2025-09-30T14:37:34.032+0000] {dag.py:3096} INFO - Sync 1 DAGs
[2025-09-30T14:37:34.050+0000] {logging_mixin.py:188} INFO - [2025-09-30T14:37:34.049+0000] {dag.py:3954} INFO - Setting next_dagrun for main to 2025-09-29 00:00:00+00:00, run_after=2025-09-30 00:00:00+00:00
[2025-09-30T14:37:34.067+0000] {processor.py:183} INFO - Processing /opt/airflow/dags/main.py took 0.166 seconds
[2025-09-30T14:38:04.213+0000] {processor.py:161} INFO - Started process (PID=187) to work on /opt/airflow/dags/main.py
[2025-09-30T14:38:04.215+0000] {processor.py:830} INFO - Processing file /opt/airflow/dags/main.py for tasks to queue
[2025-09-30T14:38:04.217+0000] {logging_mixin.py:188} INFO - [2025-09-30T14:38:04.216+0000] {dagbag.py:545} INFO - Filling up the DagBag from /opt/airflow/dags/main.py
[2025-09-30T14:38:04.316+0000] {processor.py:840} INFO - DAG(s) 'main' retrieved from /opt/airflow/dags/main.py
[2025-09-30T14:38:04.338+0000] {logging_mixin.py:188} INFO - [2025-09-30T14:38:04.338+0000] {dag.py:3096} INFO - Sync 1 DAGs
[2025-09-30T14:38:04.355+0000] {logging_mixin.py:188} INFO - [2025-09-30T14:38:04.354+0000] {dag.py:3954} INFO - Setting next_dagrun for main to 2025-09-29 00:00:00+00:00, run_after=2025-09-30 00:00:00+00:00
[2025-09-30T14:38:04.374+0000] {processor.py:183} INFO - Processing /opt/airflow/dags/main.py took 0.165 seconds
[2025-09-30T14:38:34.518+0000] {processor.py:161} INFO - Started process (PID=194) to work on /opt/airflow/dags/main.py
[2025-09-30T14:38:34.519+0000] {processor.py:830} INFO - Processing file /opt/airflow/dags/main.py for tasks to queue
[2025-09-30T14:38:34.521+0000] {logging_mixin.py:188} INFO - [2025-09-30T14:38:34.520+0000] {dagbag.py:545} INFO - Filling up the DagBag from /opt/airflow/dags/main.py
[2025-09-30T14:38:34.619+0000] {processor.py:840} INFO - DAG(s) 'main' retrieved from /opt/airflow/dags/main.py
[2025-09-30T14:38:34.641+0000] {logging_mixin.py:188} INFO - [2025-09-30T14:38:34.641+0000] {dag.py:3096} INFO - Sync 1 DAGs
[2025-09-30T14:38:34.659+0000] {logging_mixin.py:188} INFO - [2025-09-30T14:38:34.659+0000] {dag.py:3954} INFO - Setting next_dagrun for main to 2025-09-29 00:00:00+00:00, run_after=2025-09-30 00:00:00+00:00
[2025-09-30T14:38:34.678+0000] {processor.py:183} INFO - Processing /opt/airflow/dags/main.py took 0.165 seconds
[2025-09-30T14:39:04.812+0000] {processor.py:161} INFO - Started process (PID=201) to work on /opt/airflow/dags/main.py
[2025-09-30T14:39:04.813+0000] {processor.py:830} INFO - Processing file /opt/airflow/dags/main.py for tasks to queue
[2025-09-30T14:39:04.815+0000] {logging_mixin.py:188} INFO - [2025-09-30T14:39:04.815+0000] {dagbag.py:545} INFO - Filling up the DagBag from /opt/airflow/dags/main.py
[2025-09-30T14:39:04.912+0000] {processor.py:840} INFO - DAG(s) 'main' retrieved from /opt/airflow/dags/main.py
[2025-09-30T14:39:04.934+0000] {logging_mixin.py:188} INFO - [2025-09-30T14:39:04.934+0000] {dag.py:3096} INFO - Sync 1 DAGs
[2025-09-30T14:39:04.952+0000] {logging_mixin.py:188} INFO - [2025-09-30T14:39:04.952+0000] {dag.py:3954} INFO - Setting next_dagrun for main to 2025-09-29 00:00:00+00:00, run_after=2025-09-30 00:00:00+00:00
[2025-09-30T14:39:04.969+0000] {processor.py:183} INFO - Processing /opt/airflow/dags/main.py took 0.162 seconds
[2025-09-30T14:39:35.111+0000] {processor.py:161} INFO - Started process (PID=208) to work on /opt/airflow/dags/main.py
[2025-09-30T14:39:35.112+0000] {processor.py:830} INFO - Processing file /opt/airflow/dags/main.py for tasks to queue
[2025-09-30T14:39:35.115+0000] {logging_mixin.py:188} INFO - [2025-09-30T14:39:35.114+0000] {dagbag.py:545} INFO - Filling up the DagBag from /opt/airflow/dags/main.py
[2025-09-30T14:39:35.212+0000] {processor.py:840} INFO - DAG(s) 'main' retrieved from /opt/airflow/dags/main.py
[2025-09-30T14:39:35.233+0000] {logging_mixin.py:188} INFO - [2025-09-30T14:39:35.233+0000] {dag.py:3096} INFO - Sync 1 DAGs
[2025-09-30T14:39:35.249+0000] {logging_mixin.py:188} INFO - [2025-09-30T14:39:35.249+0000] {dag.py:3954} INFO - Setting next_dagrun for main to 2025-09-29 00:00:00+00:00, run_after=2025-09-30 00:00:00+00:00
[2025-09-30T14:39:35.268+0000] {processor.py:183} INFO - Processing /opt/airflow/dags/main.py took 0.161 seconds
[2025-09-30T14:40:05.410+0000] {processor.py:161} INFO - Started process (PID=215) to work on /opt/airflow/dags/main.py
[2025-09-30T14:40:05.412+0000] {processor.py:830} INFO - Processing file /opt/airflow/dags/main.py for tasks to queue
[2025-09-30T14:40:05.414+0000] {logging_mixin.py:188} INFO - [2025-09-30T14:40:05.413+0000] {dagbag.py:545} INFO - Filling up the DagBag from /opt/airflow/dags/main.py
[2025-09-30T14:40:05.522+0000] {processor.py:840} INFO - DAG(s) 'main' retrieved from /opt/airflow/dags/main.py
[2025-09-30T14:40:05.544+0000] {logging_mixin.py:188} INFO - [2025-09-30T14:40:05.544+0000] {dag.py:3096} INFO - Sync 1 DAGs
[2025-09-30T14:40:05.561+0000] {logging_mixin.py:188} INFO - [2025-09-30T14:40:05.561+0000] {dag.py:3954} INFO - Setting next_dagrun for main to 2025-09-29 00:00:00+00:00, run_after=2025-09-30 00:00:00+00:00
[2025-09-30T14:40:05.579+0000] {processor.py:183} INFO - Processing /opt/airflow/dags/main.py took 0.174 seconds
[2025-09-30T14:40:35.729+0000] {processor.py:161} INFO - Started process (PID=222) to work on /opt/airflow/dags/main.py
[2025-09-30T14:40:35.730+0000] {processor.py:830} INFO - Processing file /opt/airflow/dags/main.py for tasks to queue
[2025-09-30T14:40:35.732+0000] {logging_mixin.py:188} INFO - [2025-09-30T14:40:35.731+0000] {dagbag.py:545} INFO - Filling up the DagBag from /opt/airflow/dags/main.py
[2025-09-30T14:40:35.838+0000] {processor.py:840} INFO - DAG(s) 'main' retrieved from /opt/airflow/dags/main.py
[2025-09-30T14:40:35.859+0000] {logging_mixin.py:188} INFO - [2025-09-30T14:40:35.859+0000] {dag.py:3096} INFO - Sync 1 DAGs
[2025-09-30T14:40:35.878+0000] {logging_mixin.py:188} INFO - [2025-09-30T14:40:35.877+0000] {dag.py:3954} INFO - Setting next_dagrun for main to 2025-09-29 00:00:00+00:00, run_after=2025-09-30 00:00:00+00:00
[2025-09-30T14:40:35.895+0000] {processor.py:183} INFO - Processing /opt/airflow/dags/main.py took 0.171 seconds
[2025-09-30T14:41:06.044+0000] {processor.py:161} INFO - Started process (PID=229) to work on /opt/airflow/dags/main.py
[2025-09-30T14:41:06.045+0000] {processor.py:830} INFO - Processing file /opt/airflow/dags/main.py for tasks to queue
[2025-09-30T14:41:06.048+0000] {logging_mixin.py:188} INFO - [2025-09-30T14:41:06.047+0000] {dagbag.py:545} INFO - Filling up the DagBag from /opt/airflow/dags/main.py
[2025-09-30T14:41:06.155+0000] {processor.py:840} INFO - DAG(s) 'main' retrieved from /opt/airflow/dags/main.py
[2025-09-30T14:41:06.177+0000] {logging_mixin.py:188} INFO - [2025-09-30T14:41:06.177+0000] {dag.py:3096} INFO - Sync 1 DAGs
[2025-09-30T14:41:06.197+0000] {logging_mixin.py:188} INFO - [2025-09-30T14:41:06.196+0000] {dag.py:3954} INFO - Setting next_dagrun for main to 2025-09-29 00:00:00+00:00, run_after=2025-09-30 00:00:00+00:00
[2025-09-30T14:41:06.217+0000] {processor.py:183} INFO - Processing /opt/airflow/dags/main.py took 0.180 seconds
[2025-09-30T14:41:36.355+0000] {processor.py:161} INFO - Started process (PID=236) to work on /opt/airflow/dags/main.py
[2025-09-30T14:41:36.356+0000] {processor.py:830} INFO - Processing file /opt/airflow/dags/main.py for tasks to queue
[2025-09-30T14:41:36.357+0000] {logging_mixin.py:188} INFO - [2025-09-30T14:41:36.357+0000] {dagbag.py:545} INFO - Filling up the DagBag from /opt/airflow/dags/main.py
[2025-09-30T14:41:36.465+0000] {processor.py:840} INFO - DAG(s) 'main' retrieved from /opt/airflow/dags/main.py
[2025-09-30T14:41:36.487+0000] {logging_mixin.py:188} INFO - [2025-09-30T14:41:36.487+0000] {dag.py:3096} INFO - Sync 1 DAGs
[2025-09-30T14:41:36.508+0000] {logging_mixin.py:188} INFO - [2025-09-30T14:41:36.508+0000] {dag.py:3954} INFO - Setting next_dagrun for main to 2025-09-29 00:00:00+00:00, run_after=2025-09-30 00:00:00+00:00
[2025-09-30T14:41:36.527+0000] {processor.py:183} INFO - Processing /opt/airflow/dags/main.py took 0.177 seconds
[2025-09-30T14:42:06.668+0000] {processor.py:161} INFO - Started process (PID=243) to work on /opt/airflow/dags/main.py
[2025-09-30T14:42:06.669+0000] {processor.py:830} INFO - Processing file /opt/airflow/dags/main.py for tasks to queue
[2025-09-30T14:42:06.670+0000] {logging_mixin.py:188} INFO - [2025-09-30T14:42:06.670+0000] {dagbag.py:545} INFO - Filling up the DagBag from /opt/airflow/dags/main.py
[2025-09-30T14:42:06.768+0000] {processor.py:840} INFO - DAG(s) 'main' retrieved from /opt/airflow/dags/main.py
[2025-09-30T14:42:06.789+0000] {logging_mixin.py:188} INFO - [2025-09-30T14:42:06.789+0000] {dag.py:3096} INFO - Sync 1 DAGs
[2025-09-30T14:42:06.808+0000] {logging_mixin.py:188} INFO - [2025-09-30T14:42:06.807+0000] {dag.py:3954} INFO - Setting next_dagrun for main to 2025-09-29 00:00:00+00:00, run_after=2025-09-30 00:00:00+00:00
[2025-09-30T14:42:06.825+0000] {processor.py:183} INFO - Processing /opt/airflow/dags/main.py took 0.162 seconds
[2025-09-30T14:42:36.967+0000] {processor.py:161} INFO - Started process (PID=250) to work on /opt/airflow/dags/main.py
[2025-09-30T14:42:36.968+0000] {processor.py:830} INFO - Processing file /opt/airflow/dags/main.py for tasks to queue
[2025-09-30T14:42:36.970+0000] {logging_mixin.py:188} INFO - [2025-09-30T14:42:36.970+0000] {dagbag.py:545} INFO - Filling up the DagBag from /opt/airflow/dags/main.py
[2025-09-30T14:42:37.071+0000] {processor.py:840} INFO - DAG(s) 'main' retrieved from /opt/airflow/dags/main.py
[2025-09-30T14:42:37.095+0000] {logging_mixin.py:188} INFO - [2025-09-30T14:42:37.095+0000] {dag.py:3096} INFO - Sync 1 DAGs
[2025-09-30T14:42:37.113+0000] {logging_mixin.py:188} INFO - [2025-09-30T14:42:37.113+0000] {dag.py:3954} INFO - Setting next_dagrun for main to 2025-09-29 00:00:00+00:00, run_after=2025-09-30 00:00:00+00:00
[2025-09-30T14:42:37.131+0000] {processor.py:183} INFO - Processing /opt/airflow/dags/main.py took 0.169 seconds
[2025-09-30T14:43:07.271+0000] {processor.py:161} INFO - Started process (PID=257) to work on /opt/airflow/dags/main.py
[2025-09-30T14:43:07.272+0000] {processor.py:830} INFO - Processing file /opt/airflow/dags/main.py for tasks to queue
[2025-09-30T14:43:07.273+0000] {logging_mixin.py:188} INFO - [2025-09-30T14:43:07.273+0000] {dagbag.py:545} INFO - Filling up the DagBag from /opt/airflow/dags/main.py
[2025-09-30T14:43:07.374+0000] {processor.py:840} INFO - DAG(s) 'main' retrieved from /opt/airflow/dags/main.py
[2025-09-30T14:43:07.397+0000] {logging_mixin.py:188} INFO - [2025-09-30T14:43:07.396+0000] {dag.py:3096} INFO - Sync 1 DAGs
[2025-09-30T14:43:07.413+0000] {logging_mixin.py:188} INFO - [2025-09-30T14:43:07.413+0000] {dag.py:3954} INFO - Setting next_dagrun for main to 2025-09-29 00:00:00+00:00, run_after=2025-09-30 00:00:00+00:00
[2025-09-30T14:43:07.432+0000] {processor.py:183} INFO - Processing /opt/airflow/dags/main.py took 0.166 seconds
[2025-09-30T14:43:37.573+0000] {processor.py:161} INFO - Started process (PID=264) to work on /opt/airflow/dags/main.py
[2025-09-30T14:43:37.574+0000] {processor.py:830} INFO - Processing file /opt/airflow/dags/main.py for tasks to queue
[2025-09-30T14:43:37.576+0000] {logging_mixin.py:188} INFO - [2025-09-30T14:43:37.576+0000] {dagbag.py:545} INFO - Filling up the DagBag from /opt/airflow/dags/main.py
[2025-09-30T14:43:37.675+0000] {processor.py:840} INFO - DAG(s) 'main' retrieved from /opt/airflow/dags/main.py
[2025-09-30T14:43:37.696+0000] {logging_mixin.py:188} INFO - [2025-09-30T14:43:37.695+0000] {dag.py:3096} INFO - Sync 1 DAGs
[2025-09-30T14:43:37.713+0000] {logging_mixin.py:188} INFO - [2025-09-30T14:43:37.712+0000] {dag.py:3954} INFO - Setting next_dagrun for main to 2025-09-29 00:00:00+00:00, run_after=2025-09-30 00:00:00+00:00
[2025-09-30T14:43:37.731+0000] {processor.py:183} INFO - Processing /opt/airflow/dags/main.py took 0.163 seconds
[2025-09-30T14:44:07.862+0000] {processor.py:161} INFO - Started process (PID=271) to work on /opt/airflow/dags/main.py
[2025-09-30T14:44:07.863+0000] {processor.py:830} INFO - Processing file /opt/airflow/dags/main.py for tasks to queue
[2025-09-30T14:44:07.865+0000] {logging_mixin.py:188} INFO - [2025-09-30T14:44:07.865+0000] {dagbag.py:545} INFO - Filling up the DagBag from /opt/airflow/dags/main.py
[2025-09-30T14:44:07.964+0000] {processor.py:840} INFO - DAG(s) 'main' retrieved from /opt/airflow/dags/main.py
[2025-09-30T14:44:07.985+0000] {logging_mixin.py:188} INFO - [2025-09-30T14:44:07.984+0000] {dag.py:3096} INFO - Sync 1 DAGs
[2025-09-30T14:44:08.001+0000] {logging_mixin.py:188} INFO - [2025-09-30T14:44:08.001+0000] {dag.py:3954} INFO - Setting next_dagrun for main to 2025-09-29 00:00:00+00:00, run_after=2025-09-30 00:00:00+00:00
[2025-09-30T14:44:08.021+0000] {processor.py:183} INFO - Processing /opt/airflow/dags/main.py took 0.164 seconds
[2025-09-30T14:44:38.157+0000] {processor.py:161} INFO - Started process (PID=278) to work on /opt/airflow/dags/main.py
[2025-09-30T14:44:38.158+0000] {processor.py:830} INFO - Processing file /opt/airflow/dags/main.py for tasks to queue
[2025-09-30T14:44:38.160+0000] {logging_mixin.py:188} INFO - [2025-09-30T14:44:38.159+0000] {dagbag.py:545} INFO - Filling up the DagBag from /opt/airflow/dags/main.py
[2025-09-30T14:44:38.263+0000] {processor.py:840} INFO - DAG(s) 'main' retrieved from /opt/airflow/dags/main.py
[2025-09-30T14:44:38.285+0000] {logging_mixin.py:188} INFO - [2025-09-30T14:44:38.285+0000] {dag.py:3096} INFO - Sync 1 DAGs
[2025-09-30T14:44:38.303+0000] {logging_mixin.py:188} INFO - [2025-09-30T14:44:38.303+0000] {dag.py:3954} INFO - Setting next_dagrun for main to 2025-09-29 00:00:00+00:00, run_after=2025-09-30 00:00:00+00:00
[2025-09-30T14:44:38.320+0000] {processor.py:183} INFO - Processing /opt/airflow/dags/main.py took 0.168 seconds
[2025-09-30T14:45:08.468+0000] {processor.py:161} INFO - Started process (PID=285) to work on /opt/airflow/dags/main.py
[2025-09-30T14:45:08.469+0000] {processor.py:830} INFO - Processing file /opt/airflow/dags/main.py for tasks to queue
[2025-09-30T14:45:08.471+0000] {logging_mixin.py:188} INFO - [2025-09-30T14:45:08.471+0000] {dagbag.py:545} INFO - Filling up the DagBag from /opt/airflow/dags/main.py
[2025-09-30T14:45:08.573+0000] {processor.py:840} INFO - DAG(s) 'main' retrieved from /opt/airflow/dags/main.py
[2025-09-30T14:45:08.595+0000] {logging_mixin.py:188} INFO - [2025-09-30T14:45:08.594+0000] {dag.py:3096} INFO - Sync 1 DAGs
[2025-09-30T14:45:08.613+0000] {logging_mixin.py:188} INFO - [2025-09-30T14:45:08.613+0000] {dag.py:3954} INFO - Setting next_dagrun for main to 2025-09-29 00:00:00+00:00, run_after=2025-09-30 00:00:00+00:00
[2025-09-30T14:45:08.632+0000] {processor.py:183} INFO - Processing /opt/airflow/dags/main.py took 0.169 seconds
[2025-09-30T14:45:38.771+0000] {processor.py:161} INFO - Started process (PID=292) to work on /opt/airflow/dags/main.py
[2025-09-30T14:45:38.772+0000] {processor.py:830} INFO - Processing file /opt/airflow/dags/main.py for tasks to queue
[2025-09-30T14:45:38.773+0000] {logging_mixin.py:188} INFO - [2025-09-30T14:45:38.773+0000] {dagbag.py:545} INFO - Filling up the DagBag from /opt/airflow/dags/main.py
[2025-09-30T14:45:38.873+0000] {processor.py:840} INFO - DAG(s) 'main' retrieved from /opt/airflow/dags/main.py
[2025-09-30T14:45:38.895+0000] {logging_mixin.py:188} INFO - [2025-09-30T14:45:38.895+0000] {dag.py:3096} INFO - Sync 1 DAGs
[2025-09-30T14:45:38.911+0000] {logging_mixin.py:188} INFO - [2025-09-30T14:45:38.911+0000] {dag.py:3954} INFO - Setting next_dagrun for main to 2025-09-29 00:00:00+00:00, run_after=2025-09-30 00:00:00+00:00
[2025-09-30T14:45:38.929+0000] {processor.py:183} INFO - Processing /opt/airflow/dags/main.py took 0.163 seconds
[2025-09-30T14:46:09.071+0000] {processor.py:161} INFO - Started process (PID=299) to work on /opt/airflow/dags/main.py
[2025-09-30T14:46:09.072+0000] {processor.py:830} INFO - Processing file /opt/airflow/dags/main.py for tasks to queue
[2025-09-30T14:46:09.074+0000] {logging_mixin.py:188} INFO - [2025-09-30T14:46:09.074+0000] {dagbag.py:545} INFO - Filling up the DagBag from /opt/airflow/dags/main.py
[2025-09-30T14:46:09.179+0000] {processor.py:840} INFO - DAG(s) 'main' retrieved from /opt/airflow/dags/main.py
[2025-09-30T14:46:09.199+0000] {logging_mixin.py:188} INFO - [2025-09-30T14:46:09.199+0000] {dag.py:3096} INFO - Sync 1 DAGs
[2025-09-30T14:46:09.217+0000] {logging_mixin.py:188} INFO - [2025-09-30T14:46:09.216+0000] {dag.py:3954} INFO - Setting next_dagrun for main to 2025-09-29 00:00:00+00:00, run_after=2025-09-30 00:00:00+00:00
[2025-09-30T14:46:09.235+0000] {processor.py:183} INFO - Processing /opt/airflow/dags/main.py took 0.169 seconds
[2025-09-30T14:46:39.375+0000] {processor.py:161} INFO - Started process (PID=306) to work on /opt/airflow/dags/main.py
[2025-09-30T14:46:39.376+0000] {processor.py:830} INFO - Processing file /opt/airflow/dags/main.py for tasks to queue
[2025-09-30T14:46:39.377+0000] {logging_mixin.py:188} INFO - [2025-09-30T14:46:39.377+0000] {dagbag.py:545} INFO - Filling up the DagBag from /opt/airflow/dags/main.py
[2025-09-30T14:46:39.482+0000] {processor.py:840} INFO - DAG(s) 'main' retrieved from /opt/airflow/dags/main.py
[2025-09-30T14:46:39.505+0000] {logging_mixin.py:188} INFO - [2025-09-30T14:46:39.505+0000] {dag.py:3096} INFO - Sync 1 DAGs
[2025-09-30T14:46:39.523+0000] {logging_mixin.py:188} INFO - [2025-09-30T14:46:39.523+0000] {dag.py:3954} INFO - Setting next_dagrun for main to 2025-09-29 00:00:00+00:00, run_after=2025-09-30 00:00:00+00:00
[2025-09-30T14:46:39.543+0000] {processor.py:183} INFO - Processing /opt/airflow/dags/main.py took 0.173 seconds
[2025-09-30T14:47:09.693+0000] {processor.py:161} INFO - Started process (PID=313) to work on /opt/airflow/dags/main.py
[2025-09-30T14:47:09.694+0000] {processor.py:830} INFO - Processing file /opt/airflow/dags/main.py for tasks to queue
[2025-09-30T14:47:09.696+0000] {logging_mixin.py:188} INFO - [2025-09-30T14:47:09.695+0000] {dagbag.py:545} INFO - Filling up the DagBag from /opt/airflow/dags/main.py
[2025-09-30T14:47:09.796+0000] {processor.py:840} INFO - DAG(s) 'main' retrieved from /opt/airflow/dags/main.py
[2025-09-30T14:47:09.817+0000] {logging_mixin.py:188} INFO - [2025-09-30T14:47:09.817+0000] {dag.py:3096} INFO - Sync 1 DAGs
[2025-09-30T14:47:09.833+0000] {logging_mixin.py:188} INFO - [2025-09-30T14:47:09.833+0000] {dag.py:3954} INFO - Setting next_dagrun for main to 2025-09-29 00:00:00+00:00, run_after=2025-09-30 00:00:00+00:00
[2025-09-30T14:47:09.853+0000] {processor.py:183} INFO - Processing /opt/airflow/dags/main.py took 0.165 seconds
[2025-09-30T14:47:39.992+0000] {processor.py:161} INFO - Started process (PID=320) to work on /opt/airflow/dags/main.py
[2025-09-30T14:47:39.993+0000] {processor.py:830} INFO - Processing file /opt/airflow/dags/main.py for tasks to queue
[2025-09-30T14:47:39.995+0000] {logging_mixin.py:188} INFO - [2025-09-30T14:47:39.994+0000] {dagbag.py:545} INFO - Filling up the DagBag from /opt/airflow/dags/main.py
[2025-09-30T14:47:40.097+0000] {processor.py:840} INFO - DAG(s) 'main' retrieved from /opt/airflow/dags/main.py
[2025-09-30T14:47:40.118+0000] {logging_mixin.py:188} INFO - [2025-09-30T14:47:40.118+0000] {dag.py:3096} INFO - Sync 1 DAGs
[2025-09-30T14:47:40.136+0000] {logging_mixin.py:188} INFO - [2025-09-30T14:47:40.136+0000] {dag.py:3954} INFO - Setting next_dagrun for main to 2025-09-29 00:00:00+00:00, run_after=2025-09-30 00:00:00+00:00
[2025-09-30T14:47:40.157+0000] {processor.py:183} INFO - Processing /opt/airflow/dags/main.py took 0.169 seconds
[2025-09-30T14:48:10.298+0000] {processor.py:161} INFO - Started process (PID=327) to work on /opt/airflow/dags/main.py
[2025-09-30T14:48:10.300+0000] {processor.py:830} INFO - Processing file /opt/airflow/dags/main.py for tasks to queue
[2025-09-30T14:48:10.301+0000] {logging_mixin.py:188} INFO - [2025-09-30T14:48:10.301+0000] {dagbag.py:545} INFO - Filling up the DagBag from /opt/airflow/dags/main.py
[2025-09-30T14:48:10.400+0000] {processor.py:840} INFO - DAG(s) 'main' retrieved from /opt/airflow/dags/main.py
[2025-09-30T14:48:10.420+0000] {logging_mixin.py:188} INFO - [2025-09-30T14:48:10.420+0000] {dag.py:3096} INFO - Sync 1 DAGs
[2025-09-30T14:48:10.438+0000] {logging_mixin.py:188} INFO - [2025-09-30T14:48:10.438+0000] {dag.py:3954} INFO - Setting next_dagrun for main to 2025-09-29 00:00:00+00:00, run_after=2025-09-30 00:00:00+00:00
[2025-09-30T14:48:10.456+0000] {processor.py:183} INFO - Processing /opt/airflow/dags/main.py took 0.163 seconds
[2025-09-30T14:48:40.596+0000] {processor.py:161} INFO - Started process (PID=334) to work on /opt/airflow/dags/main.py
[2025-09-30T14:48:40.597+0000] {processor.py:830} INFO - Processing file /opt/airflow/dags/main.py for tasks to queue
[2025-09-30T14:48:40.598+0000] {logging_mixin.py:188} INFO - [2025-09-30T14:48:40.598+0000] {dagbag.py:545} INFO - Filling up the DagBag from /opt/airflow/dags/main.py
[2025-09-30T14:48:40.696+0000] {processor.py:840} INFO - DAG(s) 'main' retrieved from /opt/airflow/dags/main.py
[2025-09-30T14:48:40.717+0000] {logging_mixin.py:188} INFO - [2025-09-30T14:48:40.717+0000] {dag.py:3096} INFO - Sync 1 DAGs
[2025-09-30T14:48:40.734+0000] {logging_mixin.py:188} INFO - [2025-09-30T14:48:40.733+0000] {dag.py:3954} INFO - Setting next_dagrun for main to 2025-09-29 00:00:00+00:00, run_after=2025-09-30 00:00:00+00:00
[2025-09-30T14:48:40.752+0000] {processor.py:183} INFO - Processing /opt/airflow/dags/main.py took 0.161 seconds
[2025-09-30T14:49:10.893+0000] {processor.py:161} INFO - Started process (PID=341) to work on /opt/airflow/dags/main.py
[2025-09-30T14:49:10.894+0000] {processor.py:830} INFO - Processing file /opt/airflow/dags/main.py for tasks to queue
[2025-09-30T14:49:10.896+0000] {logging_mixin.py:188} INFO - [2025-09-30T14:49:10.896+0000] {dagbag.py:545} INFO - Filling up the DagBag from /opt/airflow/dags/main.py
[2025-09-30T14:49:10.997+0000] {processor.py:840} INFO - DAG(s) 'main' retrieved from /opt/airflow/dags/main.py
[2025-09-30T14:49:11.017+0000] {logging_mixin.py:188} INFO - [2025-09-30T14:49:11.017+0000] {dag.py:3096} INFO - Sync 1 DAGs
[2025-09-30T14:49:11.035+0000] {logging_mixin.py:188} INFO - [2025-09-30T14:49:11.034+0000] {dag.py:3954} INFO - Setting next_dagrun for main to 2025-09-29 00:00:00+00:00, run_after=2025-09-30 00:00:00+00:00
[2025-09-30T14:49:11.052+0000] {processor.py:183} INFO - Processing /opt/airflow/dags/main.py took 0.164 seconds
[2025-09-30T14:49:41.196+0000] {processor.py:161} INFO - Started process (PID=348) to work on /opt/airflow/dags/main.py
[2025-09-30T14:49:41.197+0000] {processor.py:830} INFO - Processing file /opt/airflow/dags/main.py for tasks to queue
[2025-09-30T14:49:41.199+0000] {logging_mixin.py:188} INFO - [2025-09-30T14:49:41.198+0000] {dagbag.py:545} INFO - Filling up the DagBag from /opt/airflow/dags/main.py
[2025-09-30T14:49:41.306+0000] {processor.py:840} INFO - DAG(s) 'main' retrieved from /opt/airflow/dags/main.py
[2025-09-30T14:49:41.328+0000] {logging_mixin.py:188} INFO - [2025-09-30T14:49:41.327+0000] {dag.py:3096} INFO - Sync 1 DAGs
[2025-09-30T14:49:41.348+0000] {logging_mixin.py:188} INFO - [2025-09-30T14:49:41.348+0000] {dag.py:3954} INFO - Setting next_dagrun for main to 2025-09-29 00:00:00+00:00, run_after=2025-09-30 00:00:00+00:00
[2025-09-30T14:49:41.368+0000] {processor.py:183} INFO - Processing /opt/airflow/dags/main.py took 0.177 seconds
[2025-09-30T14:50:11.506+0000] {processor.py:161} INFO - Started process (PID=355) to work on /opt/airflow/dags/main.py
[2025-09-30T14:50:11.507+0000] {processor.py:830} INFO - Processing file /opt/airflow/dags/main.py for tasks to queue
[2025-09-30T14:50:11.509+0000] {logging_mixin.py:188} INFO - [2025-09-30T14:50:11.508+0000] {dagbag.py:545} INFO - Filling up the DagBag from /opt/airflow/dags/main.py
[2025-09-30T14:50:11.614+0000] {processor.py:840} INFO - DAG(s) 'main' retrieved from /opt/airflow/dags/main.py
[2025-09-30T14:50:11.637+0000] {logging_mixin.py:188} INFO - [2025-09-30T14:50:11.636+0000] {dag.py:3096} INFO - Sync 1 DAGs
[2025-09-30T14:50:11.654+0000] {logging_mixin.py:188} INFO - [2025-09-30T14:50:11.654+0000] {dag.py:3954} INFO - Setting next_dagrun for main to 2025-09-29 00:00:00+00:00, run_after=2025-09-30 00:00:00+00:00
[2025-09-30T14:50:11.675+0000] {processor.py:183} INFO - Processing /opt/airflow/dags/main.py took 0.176 seconds
[2025-09-30T14:50:41.813+0000] {processor.py:161} INFO - Started process (PID=362) to work on /opt/airflow/dags/main.py
[2025-09-30T14:50:41.814+0000] {processor.py:830} INFO - Processing file /opt/airflow/dags/main.py for tasks to queue
[2025-09-30T14:50:41.816+0000] {logging_mixin.py:188} INFO - [2025-09-30T14:50:41.816+0000] {dagbag.py:545} INFO - Filling up the DagBag from /opt/airflow/dags/main.py
[2025-09-30T14:50:41.927+0000] {processor.py:840} INFO - DAG(s) 'main' retrieved from /opt/airflow/dags/main.py
[2025-09-30T14:50:41.952+0000] {logging_mixin.py:188} INFO - [2025-09-30T14:50:41.951+0000] {dag.py:3096} INFO - Sync 1 DAGs
[2025-09-30T14:50:41.972+0000] {logging_mixin.py:188} INFO - [2025-09-30T14:50:41.972+0000] {dag.py:3954} INFO - Setting next_dagrun for main to 2025-09-29 00:00:00+00:00, run_after=2025-09-30 00:00:00+00:00
[2025-09-30T14:50:41.989+0000] {processor.py:183} INFO - Processing /opt/airflow/dags/main.py took 0.182 seconds
[2025-09-30T14:51:12.137+0000] {processor.py:161} INFO - Started process (PID=369) to work on /opt/airflow/dags/main.py
[2025-09-30T14:51:12.138+0000] {processor.py:830} INFO - Processing file /opt/airflow/dags/main.py for tasks to queue
[2025-09-30T14:51:12.139+0000] {logging_mixin.py:188} INFO - [2025-09-30T14:51:12.139+0000] {dagbag.py:545} INFO - Filling up the DagBag from /opt/airflow/dags/main.py
[2025-09-30T14:51:12.243+0000] {processor.py:840} INFO - DAG(s) 'main' retrieved from /opt/airflow/dags/main.py
[2025-09-30T14:51:12.266+0000] {logging_mixin.py:188} INFO - [2025-09-30T14:51:12.265+0000] {dag.py:3096} INFO - Sync 1 DAGs
[2025-09-30T14:51:12.285+0000] {logging_mixin.py:188} INFO - [2025-09-30T14:51:12.285+0000] {dag.py:3954} INFO - Setting next_dagrun for main to 2025-09-29 00:00:00+00:00, run_after=2025-09-30 00:00:00+00:00
[2025-09-30T14:51:12.303+0000] {processor.py:183} INFO - Processing /opt/airflow/dags/main.py took 0.171 seconds
[2025-09-30T14:51:42.440+0000] {processor.py:161} INFO - Started process (PID=376) to work on /opt/airflow/dags/main.py
[2025-09-30T14:51:42.441+0000] {processor.py:830} INFO - Processing file /opt/airflow/dags/main.py for tasks to queue
[2025-09-30T14:51:42.443+0000] {logging_mixin.py:188} INFO - [2025-09-30T14:51:42.443+0000] {dagbag.py:545} INFO - Filling up the DagBag from /opt/airflow/dags/main.py
[2025-09-30T14:51:42.543+0000] {processor.py:840} INFO - DAG(s) 'main' retrieved from /opt/airflow/dags/main.py
[2025-09-30T14:51:42.565+0000] {logging_mixin.py:188} INFO - [2025-09-30T14:51:42.565+0000] {dag.py:3096} INFO - Sync 1 DAGs
[2025-09-30T14:51:42.582+0000] {logging_mixin.py:188} INFO - [2025-09-30T14:51:42.582+0000] {dag.py:3954} INFO - Setting next_dagrun for main to 2025-09-29 00:00:00+00:00, run_after=2025-09-30 00:00:00+00:00
[2025-09-30T14:51:42.603+0000] {processor.py:183} INFO - Processing /opt/airflow/dags/main.py took 0.168 seconds
[2025-09-30T14:52:12.739+0000] {processor.py:161} INFO - Started process (PID=383) to work on /opt/airflow/dags/main.py
[2025-09-30T14:52:12.741+0000] {processor.py:830} INFO - Processing file /opt/airflow/dags/main.py for tasks to queue
[2025-09-30T14:52:12.742+0000] {logging_mixin.py:188} INFO - [2025-09-30T14:52:12.742+0000] {dagbag.py:545} INFO - Filling up the DagBag from /opt/airflow/dags/main.py
[2025-09-30T14:52:12.843+0000] {processor.py:840} INFO - DAG(s) 'main' retrieved from /opt/airflow/dags/main.py
[2025-09-30T14:52:12.865+0000] {logging_mixin.py:188} INFO - [2025-09-30T14:52:12.865+0000] {dag.py:3096} INFO - Sync 1 DAGs
[2025-09-30T14:52:12.882+0000] {logging_mixin.py:188} INFO - [2025-09-30T14:52:12.882+0000] {dag.py:3954} INFO - Setting next_dagrun for main to 2025-09-29 00:00:00+00:00, run_after=2025-09-30 00:00:00+00:00
[2025-09-30T14:52:12.899+0000] {processor.py:183} INFO - Processing /opt/airflow/dags/main.py took 0.164 seconds
[2025-09-30T14:52:43.047+0000] {processor.py:161} INFO - Started process (PID=390) to work on /opt/airflow/dags/main.py
[2025-09-30T14:52:43.049+0000] {processor.py:830} INFO - Processing file /opt/airflow/dags/main.py for tasks to queue
[2025-09-30T14:52:43.051+0000] {logging_mixin.py:188} INFO - [2025-09-30T14:52:43.050+0000] {dagbag.py:545} INFO - Filling up the DagBag from /opt/airflow/dags/main.py
[2025-09-30T14:52:43.150+0000] {processor.py:840} INFO - DAG(s) 'main' retrieved from /opt/airflow/dags/main.py
[2025-09-30T14:52:43.172+0000] {logging_mixin.py:188} INFO - [2025-09-30T14:52:43.172+0000] {dag.py:3096} INFO - Sync 1 DAGs
[2025-09-30T14:52:43.189+0000] {logging_mixin.py:188} INFO - [2025-09-30T14:52:43.189+0000] {dag.py:3954} INFO - Setting next_dagrun for main to 2025-09-29 00:00:00+00:00, run_after=2025-09-30 00:00:00+00:00
[2025-09-30T14:52:43.206+0000] {processor.py:183} INFO - Processing /opt/airflow/dags/main.py took 0.163 seconds
[2025-09-30T14:53:13.349+0000] {processor.py:161} INFO - Started process (PID=397) to work on /opt/airflow/dags/main.py
[2025-09-30T14:53:13.350+0000] {processor.py:830} INFO - Processing file /opt/airflow/dags/main.py for tasks to queue
[2025-09-30T14:53:13.351+0000] {logging_mixin.py:188} INFO - [2025-09-30T14:53:13.351+0000] {dagbag.py:545} INFO - Filling up the DagBag from /opt/airflow/dags/main.py
[2025-09-30T14:53:13.450+0000] {processor.py:840} INFO - DAG(s) 'main' retrieved from /opt/airflow/dags/main.py
[2025-09-30T14:53:13.471+0000] {logging_mixin.py:188} INFO - [2025-09-30T14:53:13.471+0000] {dag.py:3096} INFO - Sync 1 DAGs
[2025-09-30T14:53:13.488+0000] {logging_mixin.py:188} INFO - [2025-09-30T14:53:13.487+0000] {dag.py:3954} INFO - Setting next_dagrun for main to 2025-09-29 00:00:00+00:00, run_after=2025-09-30 00:00:00+00:00
[2025-09-30T14:53:13.506+0000] {processor.py:183} INFO - Processing /opt/airflow/dags/main.py took 0.162 seconds
[2025-09-30T14:53:43.654+0000] {processor.py:161} INFO - Started process (PID=404) to work on /opt/airflow/dags/main.py
[2025-09-30T14:53:43.655+0000] {processor.py:830} INFO - Processing file /opt/airflow/dags/main.py for tasks to queue
[2025-09-30T14:53:43.658+0000] {logging_mixin.py:188} INFO - [2025-09-30T14:53:43.657+0000] {dagbag.py:545} INFO - Filling up the DagBag from /opt/airflow/dags/main.py
[2025-09-30T14:53:43.755+0000] {processor.py:840} INFO - DAG(s) 'main' retrieved from /opt/airflow/dags/main.py
[2025-09-30T14:53:43.775+0000] {logging_mixin.py:188} INFO - [2025-09-30T14:53:43.775+0000] {dag.py:3096} INFO - Sync 1 DAGs
[2025-09-30T14:53:43.793+0000] {logging_mixin.py:188} INFO - [2025-09-30T14:53:43.793+0000] {dag.py:3954} INFO - Setting next_dagrun for main to 2025-09-29 00:00:00+00:00, run_after=2025-09-30 00:00:00+00:00
[2025-09-30T14:53:43.810+0000] {processor.py:183} INFO - Processing /opt/airflow/dags/main.py took 0.161 seconds
[2025-09-30T14:54:13.953+0000] {processor.py:161} INFO - Started process (PID=411) to work on /opt/airflow/dags/main.py
[2025-09-30T14:54:13.954+0000] {processor.py:830} INFO - Processing file /opt/airflow/dags/main.py for tasks to queue
[2025-09-30T14:54:13.956+0000] {logging_mixin.py:188} INFO - [2025-09-30T14:54:13.956+0000] {dagbag.py:545} INFO - Filling up the DagBag from /opt/airflow/dags/main.py
[2025-09-30T14:54:14.055+0000] {processor.py:840} INFO - DAG(s) 'main' retrieved from /opt/airflow/dags/main.py
[2025-09-30T14:54:14.081+0000] {logging_mixin.py:188} INFO - [2025-09-30T14:54:14.081+0000] {dag.py:3096} INFO - Sync 1 DAGs
[2025-09-30T14:54:14.098+0000] {logging_mixin.py:188} INFO - [2025-09-30T14:54:14.098+0000] {dag.py:3954} INFO - Setting next_dagrun for main to 2025-09-29 00:00:00+00:00, run_after=2025-09-30 00:00:00+00:00
[2025-09-30T14:54:14.117+0000] {processor.py:183} INFO - Processing /opt/airflow/dags/main.py took 0.169 seconds
[2025-09-30T14:54:44.266+0000] {processor.py:161} INFO - Started process (PID=418) to work on /opt/airflow/dags/main.py
[2025-09-30T14:54:44.267+0000] {processor.py:830} INFO - Processing file /opt/airflow/dags/main.py for tasks to queue
[2025-09-30T14:54:44.270+0000] {logging_mixin.py:188} INFO - [2025-09-30T14:54:44.269+0000] {dagbag.py:545} INFO - Filling up the DagBag from /opt/airflow/dags/main.py
[2025-09-30T14:54:44.379+0000] {processor.py:840} INFO - DAG(s) 'main' retrieved from /opt/airflow/dags/main.py
[2025-09-30T14:54:44.400+0000] {logging_mixin.py:188} INFO - [2025-09-30T14:54:44.400+0000] {dag.py:3096} INFO - Sync 1 DAGs
[2025-09-30T14:54:44.417+0000] {logging_mixin.py:188} INFO - [2025-09-30T14:54:44.417+0000] {dag.py:3954} INFO - Setting next_dagrun for main to 2025-09-29 00:00:00+00:00, run_after=2025-09-30 00:00:00+00:00
[2025-09-30T14:54:44.437+0000] {processor.py:183} INFO - Processing /opt/airflow/dags/main.py took 0.177 seconds
[2025-09-30T14:55:14.577+0000] {processor.py:161} INFO - Started process (PID=425) to work on /opt/airflow/dags/main.py
[2025-09-30T14:55:14.578+0000] {processor.py:830} INFO - Processing file /opt/airflow/dags/main.py for tasks to queue
[2025-09-30T14:55:14.580+0000] {logging_mixin.py:188} INFO - [2025-09-30T14:55:14.580+0000] {dagbag.py:545} INFO - Filling up the DagBag from /opt/airflow/dags/main.py
[2025-09-30T14:55:14.684+0000] {processor.py:840} INFO - DAG(s) 'main' retrieved from /opt/airflow/dags/main.py
[2025-09-30T14:55:14.705+0000] {logging_mixin.py:188} INFO - [2025-09-30T14:55:14.705+0000] {dag.py:3096} INFO - Sync 1 DAGs
[2025-09-30T14:55:14.722+0000] {logging_mixin.py:188} INFO - [2025-09-30T14:55:14.722+0000] {dag.py:3954} INFO - Setting next_dagrun for main to 2025-09-29 00:00:00+00:00, run_after=2025-09-30 00:00:00+00:00
[2025-09-30T14:55:14.741+0000] {processor.py:183} INFO - Processing /opt/airflow/dags/main.py took 0.170 seconds
[2025-09-30T14:55:44.882+0000] {processor.py:161} INFO - Started process (PID=432) to work on /opt/airflow/dags/main.py
[2025-09-30T14:55:44.883+0000] {processor.py:830} INFO - Processing file /opt/airflow/dags/main.py for tasks to queue
[2025-09-30T14:55:44.885+0000] {logging_mixin.py:188} INFO - [2025-09-30T14:55:44.885+0000] {dagbag.py:545} INFO - Filling up the DagBag from /opt/airflow/dags/main.py
[2025-09-30T14:55:44.986+0000] {processor.py:840} INFO - DAG(s) 'main' retrieved from /opt/airflow/dags/main.py
[2025-09-30T14:55:45.008+0000] {logging_mixin.py:188} INFO - [2025-09-30T14:55:45.008+0000] {dag.py:3096} INFO - Sync 1 DAGs
[2025-09-30T14:55:45.026+0000] {logging_mixin.py:188} INFO - [2025-09-30T14:55:45.026+0000] {dag.py:3954} INFO - Setting next_dagrun for main to 2025-09-29 00:00:00+00:00, run_after=2025-09-30 00:00:00+00:00
[2025-09-30T14:55:45.045+0000] {processor.py:183} INFO - Processing /opt/airflow/dags/main.py took 0.169 seconds
[2025-09-30T14:56:15.181+0000] {processor.py:161} INFO - Started process (PID=438) to work on /opt/airflow/dags/main.py
[2025-09-30T14:56:15.182+0000] {processor.py:830} INFO - Processing file /opt/airflow/dags/main.py for tasks to queue
[2025-09-30T14:56:15.184+0000] {logging_mixin.py:188} INFO - [2025-09-30T14:56:15.183+0000] {dagbag.py:545} INFO - Filling up the DagBag from /opt/airflow/dags/main.py
[2025-09-30T14:56:15.280+0000] {processor.py:840} INFO - DAG(s) 'main' retrieved from /opt/airflow/dags/main.py
[2025-09-30T14:56:15.300+0000] {logging_mixin.py:188} INFO - [2025-09-30T14:56:15.300+0000] {dag.py:3096} INFO - Sync 1 DAGs
[2025-09-30T14:56:15.317+0000] {logging_mixin.py:188} INFO - [2025-09-30T14:56:15.317+0000] {dag.py:3954} INFO - Setting next_dagrun for main to 2025-09-29 00:00:00+00:00, run_after=2025-09-30 00:00:00+00:00
[2025-09-30T14:56:15.336+0000] {processor.py:183} INFO - Processing /opt/airflow/dags/main.py took 0.161 seconds
[2025-09-30T14:56:45.479+0000] {processor.py:161} INFO - Started process (PID=445) to work on /opt/airflow/dags/main.py
[2025-09-30T14:56:45.480+0000] {processor.py:830} INFO - Processing file /opt/airflow/dags/main.py for tasks to queue
[2025-09-30T14:56:45.482+0000] {logging_mixin.py:188} INFO - [2025-09-30T14:56:45.481+0000] {dagbag.py:545} INFO - Filling up the DagBag from /opt/airflow/dags/main.py
[2025-09-30T14:56:45.579+0000] {processor.py:840} INFO - DAG(s) 'main' retrieved from /opt/airflow/dags/main.py
[2025-09-30T14:56:45.599+0000] {logging_mixin.py:188} INFO - [2025-09-30T14:56:45.599+0000] {dag.py:3096} INFO - Sync 1 DAGs
[2025-09-30T14:56:45.618+0000] {logging_mixin.py:188} INFO - [2025-09-30T14:56:45.617+0000] {dag.py:3954} INFO - Setting next_dagrun for main to 2025-09-29 00:00:00+00:00, run_after=2025-09-30 00:00:00+00:00
[2025-09-30T14:56:45.636+0000] {processor.py:183} INFO - Processing /opt/airflow/dags/main.py took 0.163 seconds
[2025-09-30T14:57:15.780+0000] {processor.py:161} INFO - Started process (PID=452) to work on /opt/airflow/dags/main.py
[2025-09-30T14:57:15.781+0000] {processor.py:830} INFO - Processing file /opt/airflow/dags/main.py for tasks to queue
[2025-09-30T14:57:15.783+0000] {logging_mixin.py:188} INFO - [2025-09-30T14:57:15.782+0000] {dagbag.py:545} INFO - Filling up the DagBag from /opt/airflow/dags/main.py
[2025-09-30T14:57:15.883+0000] {processor.py:840} INFO - DAG(s) 'main' retrieved from /opt/airflow/dags/main.py
[2025-09-30T14:57:15.904+0000] {logging_mixin.py:188} INFO - [2025-09-30T14:57:15.903+0000] {dag.py:3096} INFO - Sync 1 DAGs
[2025-09-30T14:57:15.921+0000] {logging_mixin.py:188} INFO - [2025-09-30T14:57:15.921+0000] {dag.py:3954} INFO - Setting next_dagrun for main to 2025-09-29 00:00:00+00:00, run_after=2025-09-30 00:00:00+00:00
[2025-09-30T14:57:15.940+0000] {processor.py:183} INFO - Processing /opt/airflow/dags/main.py took 0.165 seconds
[2025-09-30T14:57:46.084+0000] {processor.py:161} INFO - Started process (PID=459) to work on /opt/airflow/dags/main.py
[2025-09-30T14:57:46.085+0000] {processor.py:830} INFO - Processing file /opt/airflow/dags/main.py for tasks to queue
[2025-09-30T14:57:46.086+0000] {logging_mixin.py:188} INFO - [2025-09-30T14:57:46.086+0000] {dagbag.py:545} INFO - Filling up the DagBag from /opt/airflow/dags/main.py
[2025-09-30T14:57:46.191+0000] {processor.py:840} INFO - DAG(s) 'main' retrieved from /opt/airflow/dags/main.py
[2025-09-30T14:57:46.215+0000] {logging_mixin.py:188} INFO - [2025-09-30T14:57:46.215+0000] {dag.py:3096} INFO - Sync 1 DAGs
[2025-09-30T14:57:46.235+0000] {logging_mixin.py:188} INFO - [2025-09-30T14:57:46.235+0000] {dag.py:3954} INFO - Setting next_dagrun for main to 2025-09-29 00:00:00+00:00, run_after=2025-09-30 00:00:00+00:00
[2025-09-30T14:57:46.254+0000] {processor.py:183} INFO - Processing /opt/airflow/dags/main.py took 0.176 seconds
[2025-09-30T14:59:10.190+0000] {processor.py:161} INFO - Started process (PID=38) to work on /opt/airflow/dags/main.py
[2025-09-30T14:59:10.191+0000] {processor.py:830} INFO - Processing file /opt/airflow/dags/main.py for tasks to queue
[2025-09-30T14:59:10.193+0000] {logging_mixin.py:188} INFO - [2025-09-30T14:59:10.192+0000] {dagbag.py:545} INFO - Filling up the DagBag from /opt/airflow/dags/main.py
[2025-09-30T14:59:10.297+0000] {processor.py:840} INFO - DAG(s) 'main' retrieved from /opt/airflow/dags/main.py
[2025-09-30T14:59:10.387+0000] {logging_mixin.py:188} INFO - [2025-09-30T14:59:10.386+0000] {dag.py:3096} INFO - Sync 1 DAGs
[2025-09-30T14:59:10.404+0000] {logging_mixin.py:188} INFO - [2025-09-30T14:59:10.404+0000] {dag.py:3954} INFO - Setting next_dagrun for main to 2025-09-29 00:00:00+00:00, run_after=2025-09-30 00:00:00+00:00
[2025-09-30T14:59:10.423+0000] {processor.py:183} INFO - Processing /opt/airflow/dags/main.py took 0.237 seconds
[2025-09-30T14:59:40.516+0000] {processor.py:161} INFO - Started process (PID=45) to work on /opt/airflow/dags/main.py
[2025-09-30T14:59:40.517+0000] {processor.py:830} INFO - Processing file /opt/airflow/dags/main.py for tasks to queue
[2025-09-30T14:59:40.519+0000] {logging_mixin.py:188} INFO - [2025-09-30T14:59:40.518+0000] {dagbag.py:545} INFO - Filling up the DagBag from /opt/airflow/dags/main.py
[2025-09-30T14:59:40.608+0000] {processor.py:840} INFO - DAG(s) 'main' retrieved from /opt/airflow/dags/main.py
[2025-09-30T14:59:40.630+0000] {logging_mixin.py:188} INFO - [2025-09-30T14:59:40.630+0000] {dag.py:3096} INFO - Sync 1 DAGs
[2025-09-30T14:59:40.646+0000] {logging_mixin.py:188} INFO - [2025-09-30T14:59:40.645+0000] {dag.py:3954} INFO - Setting next_dagrun for main to 2025-09-29 00:00:00+00:00, run_after=2025-09-30 00:00:00+00:00
[2025-09-30T14:59:40.665+0000] {processor.py:183} INFO - Processing /opt/airflow/dags/main.py took 0.153 seconds
[2025-09-30T15:00:10.735+0000] {processor.py:161} INFO - Started process (PID=52) to work on /opt/airflow/dags/main.py
[2025-09-30T15:00:10.736+0000] {processor.py:830} INFO - Processing file /opt/airflow/dags/main.py for tasks to queue
[2025-09-30T15:00:10.737+0000] {logging_mixin.py:188} INFO - [2025-09-30T15:00:10.737+0000] {dagbag.py:545} INFO - Filling up the DagBag from /opt/airflow/dags/main.py
[2025-09-30T15:00:10.841+0000] {processor.py:840} INFO - DAG(s) 'main' retrieved from /opt/airflow/dags/main.py
[2025-09-30T15:00:10.862+0000] {logging_mixin.py:188} INFO - [2025-09-30T15:00:10.861+0000] {dag.py:3096} INFO - Sync 1 DAGs
[2025-09-30T15:00:10.878+0000] {logging_mixin.py:188} INFO - [2025-09-30T15:00:10.878+0000] {dag.py:3954} INFO - Setting next_dagrun for main to 2025-09-30 00:00:00+00:00, run_after=2025-10-01 00:00:00+00:00
[2025-09-30T15:00:10.894+0000] {processor.py:183} INFO - Processing /opt/airflow/dags/main.py took 0.164 seconds
[2025-09-30T15:00:41.054+0000] {processor.py:161} INFO - Started process (PID=59) to work on /opt/airflow/dags/main.py
[2025-09-30T15:00:41.055+0000] {processor.py:830} INFO - Processing file /opt/airflow/dags/main.py for tasks to queue
[2025-09-30T15:00:41.056+0000] {logging_mixin.py:188} INFO - [2025-09-30T15:00:41.056+0000] {dagbag.py:545} INFO - Filling up the DagBag from /opt/airflow/dags/main.py
[2025-09-30T15:00:41.143+0000] {processor.py:840} INFO - DAG(s) 'main' retrieved from /opt/airflow/dags/main.py
[2025-09-30T15:00:41.163+0000] {logging_mixin.py:188} INFO - [2025-09-30T15:00:41.163+0000] {dag.py:3096} INFO - Sync 1 DAGs
[2025-09-30T15:00:41.179+0000] {logging_mixin.py:188} INFO - [2025-09-30T15:00:41.179+0000] {dag.py:3954} INFO - Setting next_dagrun for main to 2025-09-30 00:00:00+00:00, run_after=2025-10-01 00:00:00+00:00
[2025-09-30T15:00:41.193+0000] {processor.py:183} INFO - Processing /opt/airflow/dags/main.py took 0.143 seconds
