[2025-09-30T15:00:08.361+0000] {local_task_job_runner.py:120} INFO - ::group::Pre task execution logs
[2025-09-30T15:00:08.379+0000] {taskinstance.py:2076} INFO - Dependencies all met for dep_context=non-requeueable deps ti=<TaskInstance: main.run_pyspark_task scheduled__2025-09-29T00:00:00+00:00 [queued]>
[2025-09-30T15:00:08.385+0000] {taskinstance.py:2076} INFO - Dependencies all met for dep_context=requeueable deps ti=<TaskInstance: main.run_pyspark_task scheduled__2025-09-29T00:00:00+00:00 [queued]>
[2025-09-30T15:00:08.386+0000] {taskinstance.py:2306} INFO - Starting attempt 1 of 1
[2025-09-30T15:00:08.396+0000] {taskinstance.py:2330} INFO - Executing <Task(PythonOperator): run_pyspark_task> on 2025-09-29 00:00:00+00:00
[2025-09-30T15:00:08.401+0000] {warnings.py:112} WARNING - /home/***/.local/lib/python3.12/site-packages/***/task/task_runner/standard_task_runner.py:61: DeprecationWarning: This process (pid=70) is multi-threaded, use of fork() may lead to deadlocks in the child.
  pid = os.fork()

[2025-09-30T15:00:08.403+0000] {standard_task_runner.py:63} INFO - Started process 71 to run task
[2025-09-30T15:00:08.402+0000] {standard_task_runner.py:90} INFO - Running: ['***', 'tasks', 'run', 'main', 'run_pyspark_task', 'scheduled__2025-09-29T00:00:00+00:00', '--job-id', '11', '--raw', '--subdir', 'DAGS_FOLDER/main.py', '--cfg-path', '/tmp/tmpt65b524e']
[2025-09-30T15:00:08.403+0000] {standard_task_runner.py:91} INFO - Job 11: Subtask run_pyspark_task
[2025-09-30T15:00:08.442+0000] {task_command.py:426} INFO - Running <TaskInstance: main.run_pyspark_task scheduled__2025-09-29T00:00:00+00:00 [running]> on host 1f699f040596
[2025-09-30T15:00:08.506+0000] {taskinstance.py:2648} INFO - Exporting env vars: AIRFLOW_CTX_DAG_OWNER='***' AIRFLOW_CTX_DAG_ID='main' AIRFLOW_CTX_TASK_ID='run_pyspark_task' AIRFLOW_CTX_EXECUTION_DATE='2025-09-29T00:00:00+00:00' AIRFLOW_CTX_TRY_NUMBER='1' AIRFLOW_CTX_DAG_RUN_ID='scheduled__2025-09-29T00:00:00+00:00'
[2025-09-30T15:00:08.506+0000] {taskinstance.py:430} INFO - ::endgroup::
[2025-09-30T15:00:16.553+0000] {logging_mixin.py:188} INFO - +-------+---+
|   name| id|
+-------+---+
|  Alice|  1|
|    Bob|  2|
|Charlie|  3|
+-------+---+
[2025-09-30T15:00:17.521+0000] {python.py:237} INFO - Done. Returned value was: None
[2025-09-30T15:00:17.523+0000] {taskinstance.py:441} INFO - ::group::Post task execution logs
[2025-09-30T15:00:17.535+0000] {taskinstance.py:1206} INFO - Marking task as SUCCESS. dag_id=main, task_id=run_pyspark_task, run_id=scheduled__2025-09-29T00:00:00+00:00, execution_date=20250929T000000, start_date=20250930T150008, end_date=20250930T150017
[2025-09-30T15:00:17.568+0000] {local_task_job_runner.py:240} INFO - Task exited with return code 0
[2025-09-30T15:00:17.582+0000] {taskinstance.py:3503} INFO - 0 downstream tasks scheduled from follow-on schedule check
[2025-09-30T15:00:17.585+0000] {local_task_job_runner.py:222} INFO - ::endgroup::
