[2025-10-06T12:12:45.815+0000] {local_task_job_runner.py:120} INFO - ::group::Pre task execution logs
[2025-10-06T12:12:45.831+0000] {taskinstance.py:2076} INFO - Dependencies all met for dep_context=non-requeueable deps ti=<TaskInstance: main.run_pyspark_task manual__2025-10-06T12:12:44.818734+00:00 [queued]>
[2025-10-06T12:12:45.838+0000] {taskinstance.py:2076} INFO - Dependencies all met for dep_context=requeueable deps ti=<TaskInstance: main.run_pyspark_task manual__2025-10-06T12:12:44.818734+00:00 [queued]>
[2025-10-06T12:12:45.838+0000] {taskinstance.py:2306} INFO - Starting attempt 1 of 1
[2025-10-06T12:12:45.849+0000] {taskinstance.py:2330} INFO - Executing <Task(PythonOperator): run_pyspark_task> on 2025-10-06 12:12:44.818734+00:00
[2025-10-06T12:12:45.854+0000] {warnings.py:112} WARNING - /home/***/.local/lib/python3.12/site-packages/***/task/task_runner/standard_task_runner.py:61: DeprecationWarning: This process (pid=3147) is multi-threaded, use of fork() may lead to deadlocks in the child.
  pid = os.fork()

[2025-10-06T12:12:45.856+0000] {standard_task_runner.py:63} INFO - Started process 3149 to run task
[2025-10-06T12:12:45.856+0000] {standard_task_runner.py:90} INFO - Running: ['***', 'tasks', 'run', 'main', 'run_pyspark_task', 'manual__2025-10-06T12:12:44.818734+00:00', '--job-id', '137', '--raw', '--subdir', 'DAGS_FOLDER/main.py', '--cfg-path', '/tmp/tmphsoc24ly']
[2025-10-06T12:12:45.858+0000] {standard_task_runner.py:91} INFO - Job 137: Subtask run_pyspark_task
[2025-10-06T12:12:45.894+0000] {task_command.py:426} INFO - Running <TaskInstance: main.run_pyspark_task manual__2025-10-06T12:12:44.818734+00:00 [running]> on host 5adecdfd8c83
[2025-10-06T12:12:45.956+0000] {taskinstance.py:2648} INFO - Exporting env vars: AIRFLOW_CTX_DAG_OWNER='***' AIRFLOW_CTX_DAG_ID='main' AIRFLOW_CTX_TASK_ID='run_pyspark_task' AIRFLOW_CTX_EXECUTION_DATE='2025-10-06T12:12:44.818734+00:00' AIRFLOW_CTX_TRY_NUMBER='1' AIRFLOW_CTX_DAG_RUN_ID='manual__2025-10-06T12:12:44.818734+00:00'
[2025-10-06T12:12:45.957+0000] {taskinstance.py:430} INFO - ::endgroup::
[2025-10-06T12:12:57.984+0000] {logging_mixin.py:188} INFO - +--------+------------------+------------------+----------------+--------+----------+-------------------+--------------------+--------------------+--------------------+-------------------+--------------------+
|house_id|          latitude|         longitude|maintenance_year|  square|population|             region|       locality_name|             address|        full_address|communal_service_id|         description|
+--------+------------------+------------------+----------------+--------+----------+-------------------+--------------------+--------------------+--------------------+-------------------+--------------------+
|       1|         44.707617|         43.006476|            1974|2 661.10|        89|Ставропольский край|село Александровское|с. Александровско...|Ставропольский кр...|                1.0|Жилой дом в , по ...|
|       2|44.706720000000004|         43.005281|            1989|3 111.10|       115|Ставропольский край|село Александровское|с. Александровско...|Ставропольский кр...|                1.0|Жилой дом в , по ...|
|       3|         44.708302|43.006665000000005|            1977|2 896.04|        89|Ставропольский край|село Александровское|с. Александровско...|Ставропольский кр...|                1.0|Жилой дом в , по ...|
|       5|44.711946999999995|          42.97358|            1978|1 061.92|        26|Ставропольский край|село Александровское|с. Александровско...|Ставропольский кр...|                1.0|Жилой дом в , по ...|
|       6|         44.707751|         43.005515|            1978|2 688.70|       105|Ставропольский край|село Александровское|с. Александровско...|Ставропольский кр...|                2.0|Жилой дом в , по ...|
|       7|44.711946999999995|          42.97358|            1973|  854.90|        40|Ставропольский край|село Александровское|с. Александровско...|Ставропольский кр...|                3.0|Жилой дом в , по ...|
|       8|44.723622999999996|         42.996864|            1978|  924.40|        31|Ставропольский край|село Александровское|с. Александровско...|Ставропольский кр...|                4.0|Жилой дом в , по ...|
|       9|44.721765999999995|          43.02013|            1974|1 011.30|        38|Ставропольский край|село Александровское|с. Александровско...|Ставропольский кр...|                5.0|Жилой дом в , по ...|
|      10|         44.710557|         43.000278|            1963|  621.21|        20|Ставропольский край|село Александровское|с. Александровско...|Ставропольский кр...|                6.0|Жилой дом в , по ...|
|      11|44.724903999999995|         43.003359|            1972|  681.60|        26|Ставропольский край|село Александровское|с. Александровско...|Ставропольский кр...|                7.0|Жилой дом в , по ...|
+--------+------------------+------------------+----------------+--------+----------+-------------------+--------------------+--------------------+--------------------+-------------------+--------------------+
only showing top 10 rows
[2025-10-06T12:13:06.365+0000] {logging_mixin.py:188} INFO - Количество строк загруженных из файла 507914
[2025-10-06T12:13:06.367+0000] {logging_mixin.py:188} INFO - root
 |-- house_id: integer (nullable = true)
 |-- latitude: double (nullable = true)
 |-- longitude: double (nullable = true)
 |-- maintenance_year: string (nullable = true)
 |-- square: string (nullable = true)
 |-- population: string (nullable = true)
 |-- region: string (nullable = true)
 |-- locality_name: string (nullable = true)
 |-- address: string (nullable = true)
 |-- full_address: string (nullable = true)
 |-- communal_service_id: string (nullable = true)
 |-- description: string (nullable = true)
[2025-10-06T12:13:06.553+0000] {logging_mixin.py:188} INFO - +--------+------------------+------------------+----------------+--------+----------+-------------------+--------------------+--------------------+--------------------+-------------------+--------------------+
|house_id|          latitude|         longitude|maintenance_year|  square|population|             region|       locality_name|             address|        full_address|communal_service_id|         description|
+--------+------------------+------------------+----------------+--------+----------+-------------------+--------------------+--------------------+--------------------+-------------------+--------------------+
|       1|         44.707617|         43.006476|            1974|2 661.10|        89|Ставропольский край|село Александровское|с. Александровско...|Ставропольский кр...|                1.0|Жилой дом в , по ...|
|       2|44.706720000000004|         43.005281|            1989|3 111.10|       115|Ставропольский край|село Александровское|с. Александровско...|Ставропольский кр...|                1.0|Жилой дом в , по ...|
|       3|         44.708302|43.006665000000005|            1977|2 896.04|        89|Ставропольский край|село Александровское|с. Александровско...|Ставропольский кр...|                1.0|Жилой дом в , по ...|
|       5|44.711946999999995|          42.97358|            1978|1 061.92|        26|Ставропольский край|село Александровское|с. Александровско...|Ставропольский кр...|                1.0|Жилой дом в , по ...|
|       6|         44.707751|         43.005515|            1978|2 688.70|       105|Ставропольский край|село Александровское|с. Александровско...|Ставропольский кр...|                2.0|Жилой дом в , по ...|
|       7|44.711946999999995|          42.97358|            1973|  854.90|        40|Ставропольский край|село Александровское|с. Александровско...|Ставропольский кр...|                3.0|Жилой дом в , по ...|
|       8|44.723622999999996|         42.996864|            1978|  924.40|        31|Ставропольский край|село Александровское|с. Александровско...|Ставропольский кр...|                4.0|Жилой дом в , по ...|
|       9|44.721765999999995|          43.02013|            1974|1 011.30|        38|Ставропольский край|село Александровское|с. Александровско...|Ставропольский кр...|                5.0|Жилой дом в , по ...|
|      10|         44.710557|         43.000278|            1963|  621.21|        20|Ставропольский край|село Александровское|с. Александровско...|Ставропольский кр...|                6.0|Жилой дом в , по ...|
|      11|44.724903999999995|         43.003359|            1972|  681.60|        26|Ставропольский край|село Александровское|с. Александровско...|Ставропольский кр...|                7.0|Жилой дом в , по ...|
+--------+------------------+------------------+----------------+--------+----------+-------------------+--------------------+--------------------+--------------------+-------------------+--------------------+
only showing top 10 rows
[2025-10-06T12:13:06.555+0000] {logging_mixin.py:188} INFO - root
 |-- house_id: integer (nullable = true)
 |-- latitude: float (nullable = true)
 |-- longitude: float (nullable = true)
 |-- maintenance_year: integer (nullable = true)
 |-- CAST(regexp_replace(square,  , , 1) AS FLOAT): float (nullable = true)
 |-- population: integer (nullable = true)
 |-- region: string (nullable = true)
 |-- locality_name: string (nullable = true)
 |-- address: string (nullable = true)
 |-- full_address: string (nullable = true)
 |-- communal_service_id: integer (nullable = true)
 |-- description: string (nullable = true)
[2025-10-06T12:13:06.733+0000] {logging_mixin.py:188} INFO - +--------+---------+---------+----------------+---------------------------------------------+----------+-------------------+--------------------+--------------------+--------------------+-------------------+--------------------+
|house_id| latitude|longitude|maintenance_year|CAST(regexp_replace(square,  , , 1) AS FLOAT)|population|             region|       locality_name|             address|        full_address|communal_service_id|         description|
+--------+---------+---------+----------------+---------------------------------------------+----------+-------------------+--------------------+--------------------+--------------------+-------------------+--------------------+
|       1| 44.70762|43.006477|            1974|                                       2661.1|        89|Ставропольский край|село Александровское|с. Александровско...|Ставропольский кр...|                  1|Жилой дом в , по ...|
|       2| 44.70672| 43.00528|            1989|                                       3111.1|       115|Ставропольский край|село Александровское|с. Александровско...|Ставропольский кр...|                  1|Жилой дом в , по ...|
|       3|  44.7083|43.006664|            1977|                                      2896.04|        89|Ставропольский край|село Александровское|с. Александровско...|Ставропольский кр...|                  1|Жилой дом в , по ...|
|       5| 44.71195| 42.97358|            1978|                                      1061.92|        26|Ставропольский край|село Александровское|с. Александровско...|Ставропольский кр...|                  1|Жилой дом в , по ...|
|       6|44.707752|43.005516|            1978|                                       2688.7|       105|Ставропольский край|село Александровское|с. Александровско...|Ставропольский кр...|                  2|Жилой дом в , по ...|
|       7| 44.71195| 42.97358|            1973|                                        854.9|        40|Ставропольский край|село Александровское|с. Александровско...|Ставропольский кр...|                  3|Жилой дом в , по ...|
|       8| 44.72362|42.996864|            1978|                                        924.4|        31|Ставропольский край|село Александровское|с. Александровско...|Ставропольский кр...|                  4|Жилой дом в , по ...|
|       9|44.721767| 43.02013|            1974|                                       1011.3|        38|Ставропольский край|село Александровское|с. Александровско...|Ставропольский кр...|                  5|Жилой дом в , по ...|
|      10|44.710556| 43.00028|            1963|                                       621.21|        20|Ставропольский край|село Александровское|с. Александровско...|Ставропольский кр...|                  6|Жилой дом в , по ...|
|      11|44.724903| 43.00336|            1972|                                        681.6|        26|Ставропольский край|село Александровское|с. Александровско...|Ставропольский кр...|                  7|Жилой дом в , по ...|
+--------+---------+---------+----------------+---------------------------------------------+----------+-------------------+--------------------+--------------------+--------------------+-------------------+--------------------+
only showing top 10 rows
[2025-10-06T12:13:07.066+0000] {python.py:237} INFO - Done. Returned value was: None
[2025-10-06T12:13:07.067+0000] {taskinstance.py:441} INFO - ::group::Post task execution logs
[2025-10-06T12:13:07.074+0000] {taskinstance.py:1206} INFO - Marking task as SUCCESS. dag_id=main, task_id=run_pyspark_task, run_id=manual__2025-10-06T12:12:44.818734+00:00, execution_date=20251006T121244, start_date=20251006T121245, end_date=20251006T121307
[2025-10-06T12:13:07.123+0000] {local_task_job_runner.py:240} INFO - Task exited with return code 0
[2025-10-06T12:13:07.132+0000] {taskinstance.py:3503} INFO - 0 downstream tasks scheduled from follow-on schedule check
[2025-10-06T12:13:07.133+0000] {local_task_job_runner.py:222} INFO - ::endgroup::
