[2025-10-02T11:44:28.836+0000] {local_task_job_runner.py:120} INFO - ::group::Pre task execution logs
[2025-10-02T11:44:28.857+0000] {taskinstance.py:2076} INFO - Dependencies all met for dep_context=non-requeueable deps ti=<TaskInstance: main.run_pyspark_clickhouse manual__2025-10-02T11:44:19.960271+00:00 [queued]>
[2025-10-02T11:44:28.864+0000] {taskinstance.py:2076} INFO - Dependencies all met for dep_context=requeueable deps ti=<TaskInstance: main.run_pyspark_clickhouse manual__2025-10-02T11:44:19.960271+00:00 [queued]>
[2025-10-02T11:44:28.864+0000] {taskinstance.py:2306} INFO - Starting attempt 1 of 1
[2025-10-02T11:44:28.875+0000] {taskinstance.py:2330} INFO - Executing <Task(PythonOperator): run_pyspark_clickhouse> on 2025-10-02 11:44:19.960271+00:00
[2025-10-02T11:44:28.910+0000] {warnings.py:112} WARNING - /home/***/.local/lib/python3.12/site-packages/***/task/task_runner/standard_task_runner.py:61: DeprecationWarning: This process (pid=4159) is multi-threaded, use of fork() may lead to deadlocks in the child.
  pid = os.fork()

[2025-10-02T11:44:28.911+0000] {standard_task_runner.py:90} INFO - Running: ['***', 'tasks', 'run', 'main', 'run_pyspark_clickhouse', 'manual__2025-10-02T11:44:19.960271+00:00', '--job-id', '82', '--raw', '--subdir', 'DAGS_FOLDER/main.py', '--cfg-path', '/tmp/tmpkj5lwmc_']
[2025-10-02T11:44:28.912+0000] {standard_task_runner.py:63} INFO - Started process 4160 to run task
[2025-10-02T11:44:28.912+0000] {standard_task_runner.py:91} INFO - Job 82: Subtask run_pyspark_clickhouse
[2025-10-02T11:44:28.957+0000] {task_command.py:426} INFO - Running <TaskInstance: main.run_pyspark_clickhouse manual__2025-10-02T11:44:19.960271+00:00 [running]> on host 5adecdfd8c83
[2025-10-02T11:44:29.039+0000] {taskinstance.py:2648} INFO - Exporting env vars: AIRFLOW_CTX_DAG_OWNER='***' AIRFLOW_CTX_DAG_ID='main' AIRFLOW_CTX_TASK_ID='run_pyspark_clickhouse' AIRFLOW_CTX_EXECUTION_DATE='2025-10-02T11:44:19.960271+00:00' AIRFLOW_CTX_TRY_NUMBER='1' AIRFLOW_CTX_DAG_RUN_ID='manual__2025-10-02T11:44:19.960271+00:00'
[2025-10-02T11:44:29.040+0000] {taskinstance.py:430} INFO - ::endgroup::
[2025-10-02T11:44:34.726+0000] {logging_mixin.py:188} INFO - +----------+--------+--------+-----+--------+
|      date| product|quantity|price|order_id|
+----------+--------+--------+-----+--------+
|2023-05-01|Widget A|      10|  5.0|       1|
|2023-05-01|Widget A|      15|  4.5|       2|
|2023-05-02|Gadget B|      20| 10.0|       3|
+----------+--------+--------+-----+--------+
[2025-10-02T11:44:35.056+0000] {python.py:237} INFO - Done. Returned value was: None
[2025-10-02T11:44:35.058+0000] {taskinstance.py:441} INFO - ::group::Post task execution logs
[2025-10-02T11:44:35.066+0000] {taskinstance.py:1206} INFO - Marking task as SUCCESS. dag_id=main, task_id=run_pyspark_clickhouse, run_id=manual__2025-10-02T11:44:19.960271+00:00, execution_date=20251002T114419, start_date=20251002T114428, end_date=20251002T114435
[2025-10-02T11:44:35.108+0000] {local_task_job_runner.py:240} INFO - Task exited with return code 0
[2025-10-02T11:44:35.120+0000] {taskinstance.py:3503} INFO - 0 downstream tasks scheduled from follow-on schedule check
[2025-10-02T11:44:35.123+0000] {local_task_job_runner.py:222} INFO - ::endgroup::
