[2025-10-01T12:43:42.180+0000] {local_task_job_runner.py:120} INFO - ::group::Pre task execution logs
[2025-10-01T12:43:42.199+0000] {taskinstance.py:2076} INFO - Dependencies all met for dep_context=non-requeueable deps ti=<TaskInstance: main.read_data manual__2025-10-01T12:43:11.701960+00:00 [queued]>
[2025-10-01T12:43:42.205+0000] {taskinstance.py:2076} INFO - Dependencies all met for dep_context=requeueable deps ti=<TaskInstance: main.read_data manual__2025-10-01T12:43:11.701960+00:00 [queued]>
[2025-10-01T12:43:42.206+0000] {taskinstance.py:2306} INFO - Starting attempt 1 of 1
[2025-10-01T12:43:42.222+0000] {taskinstance.py:2330} INFO - Executing <Task(PythonOperator): read_data> on 2025-10-01 12:43:11.701960+00:00
[2025-10-01T12:43:42.228+0000] {warnings.py:112} WARNING - /home/***/.local/lib/python3.12/site-packages/***/task/task_runner/standard_task_runner.py:61: DeprecationWarning: This process (pid=3002) is multi-threaded, use of fork() may lead to deadlocks in the child.
  pid = os.fork()

[2025-10-01T12:43:42.230+0000] {standard_task_runner.py:90} INFO - Running: ['***', 'tasks', 'run', 'main', 'read_data', 'manual__2025-10-01T12:43:11.701960+00:00', '--job-id', '40', '--raw', '--subdir', 'DAGS_FOLDER/main.py', '--cfg-path', '/tmp/tmpoff_2l8s']
[2025-10-01T12:43:42.230+0000] {standard_task_runner.py:63} INFO - Started process 3003 to run task
[2025-10-01T12:43:42.231+0000] {standard_task_runner.py:91} INFO - Job 40: Subtask read_data
[2025-10-01T12:43:42.270+0000] {task_command.py:426} INFO - Running <TaskInstance: main.read_data manual__2025-10-01T12:43:11.701960+00:00 [running]> on host 8f02716048bd
[2025-10-01T12:43:42.359+0000] {taskinstance.py:2648} INFO - Exporting env vars: AIRFLOW_CTX_DAG_OWNER='***' AIRFLOW_CTX_DAG_ID='main' AIRFLOW_CTX_TASK_ID='read_data' AIRFLOW_CTX_EXECUTION_DATE='2025-10-01T12:43:11.701960+00:00' AIRFLOW_CTX_TRY_NUMBER='1' AIRFLOW_CTX_DAG_RUN_ID='manual__2025-10-01T12:43:11.701960+00:00'
[2025-10-01T12:43:42.360+0000] {taskinstance.py:430} INFO - ::endgroup::
[2025-10-01T12:43:45.367+0000] {base.py:84} INFO - Using connection ID 'postgres_conn' for task execution.
[2025-10-01T12:43:45.369+0000] {taskinstance.py:441} INFO - ::group::Post task execution logs
[2025-10-01T12:43:45.370+0000] {taskinstance.py:2905} ERROR - Task failed with exception
Traceback (most recent call last):
  File "/home/airflow/.local/lib/python3.12/site-packages/airflow/models/taskinstance.py", line 465, in _execute_task
    result = _execute_callable(context=context, **execute_callable_kwargs)
             ^^^^^^^^^^^^^^^^^^^^^^^^^^^^^^^^^^^^^^^^^^^^^^^^^^^^^^^^^^^^^
  File "/home/airflow/.local/lib/python3.12/site-packages/airflow/models/taskinstance.py", line 432, in _execute_callable
    return execute_callable(context=context, **execute_callable_kwargs)
           ^^^^^^^^^^^^^^^^^^^^^^^^^^^^^^^^^^^^^^^^^^^^^^^^^^^^^^^^^^^^
  File "/home/airflow/.local/lib/python3.12/site-packages/airflow/models/baseoperator.py", line 401, in wrapper
    return func(self, *args, **kwargs)
           ^^^^^^^^^^^^^^^^^^^^^^^^^^^
  File "/home/airflow/.local/lib/python3.12/site-packages/airflow/operators/python.py", line 235, in execute
    return_value = self.execute_callable()
                   ^^^^^^^^^^^^^^^^^^^^^^^
  File "/home/airflow/.local/lib/python3.12/site-packages/airflow/operators/python.py", line 252, in execute_callable
    return self.python_callable(*self.op_args, **self.op_kwargs)
           ^^^^^^^^^^^^^^^^^^^^^^^^^^^^^^^^^^^^^^^^^^^^^^^^^^^^^
  File "/opt/airflow/dags/main.py", line 12, in fetch_data_from_postgres
    df = hook.get_pandas_df(sql)
         ^^^^^^^^^^^^^^^^^^^^^^^
  File "/home/airflow/.local/lib/python3.12/site-packages/airflow/providers/common/sql/hooks/sql.py", line 262, in get_pandas_df
    with closing(self.get_conn()) as conn:
                 ^^^^^^^^^^^^^^^
  File "/home/airflow/.local/lib/python3.12/site-packages/airflow/providers/postgres/hooks/postgres.py", line 175, in get_conn
    self.conn = psycopg2.connect(**conn_args)
                ^^^^^^^^^^^^^^^^^^^^^^^^^^^^^
  File "/home/airflow/.local/lib/python3.12/site-packages/psycopg2/__init__.py", line 122, in connect
    conn = _connect(dsn, connection_factory=connection_factory, **kwasync)
           ^^^^^^^^^^^^^^^^^^^^^^^^^^^^^^^^^^^^^^^^^^^^^^^^^^^^^^^^^^^^^^^
psycopg2.OperationalError: connection to server at "localhost" (127.0.0.1), port 5432 failed: Connection refused
	Is the server running on that host and accepting TCP/IP connections?
connection to server at "localhost" (::1), port 5432 failed: Cannot assign requested address
	Is the server running on that host and accepting TCP/IP connections?

[2025-10-01T12:43:45.381+0000] {taskinstance.py:1206} INFO - Marking task as FAILED. dag_id=main, task_id=read_data, run_id=manual__2025-10-01T12:43:11.701960+00:00, execution_date=20251001T124311, start_date=20251001T124342, end_date=20251001T124345
[2025-10-01T12:43:45.392+0000] {standard_task_runner.py:110} ERROR - Failed to execute job 40 for task read_data (connection to server at "localhost" (127.0.0.1), port 5432 failed: Connection refused
	Is the server running on that host and accepting TCP/IP connections?
connection to server at "localhost" (::1), port 5432 failed: Cannot assign requested address
	Is the server running on that host and accepting TCP/IP connections?
; 3003)
[2025-10-01T12:43:45.417+0000] {local_task_job_runner.py:240} INFO - Task exited with return code 1
[2025-10-01T12:43:45.432+0000] {taskinstance.py:3503} INFO - 0 downstream tasks scheduled from follow-on schedule check
[2025-10-01T12:43:45.435+0000] {local_task_job_runner.py:222} INFO - ::endgroup::
