[2025-10-02T13:24:41.363+0000] {local_task_job_runner.py:120} INFO - ::group::Pre task execution logs
[2025-10-02T13:24:41.378+0000] {taskinstance.py:2076} INFO - Dependencies all met for dep_context=non-requeueable deps ti=<TaskInstance: main.run_pyspark_postgres manual__2025-10-02T13:24:40.367689+00:00 [queued]>
[2025-10-02T13:24:41.384+0000] {taskinstance.py:2076} INFO - Dependencies all met for dep_context=requeueable deps ti=<TaskInstance: main.run_pyspark_postgres manual__2025-10-02T13:24:40.367689+00:00 [queued]>
[2025-10-02T13:24:41.385+0000] {taskinstance.py:2306} INFO - Starting attempt 1 of 1
[2025-10-02T13:24:41.399+0000] {taskinstance.py:2330} INFO - Executing <Task(PythonOperator): run_pyspark_postgres> on 2025-10-02 13:24:40.367689+00:00
[2025-10-02T13:24:41.405+0000] {warnings.py:112} WARNING - /home/***/.local/lib/python3.12/site-packages/***/task/task_runner/standard_task_runner.py:61: DeprecationWarning: This process (pid=8403) is multi-threaded, use of fork() may lead to deadlocks in the child.
  pid = os.fork()

[2025-10-02T13:24:41.407+0000] {standard_task_runner.py:63} INFO - Started process 8405 to run task
[2025-10-02T13:24:41.406+0000] {standard_task_runner.py:90} INFO - Running: ['***', 'tasks', 'run', 'main', 'run_pyspark_postgres', 'manual__2025-10-02T13:24:40.367689+00:00', '--job-id', '97', '--raw', '--subdir', 'DAGS_FOLDER/main.py', '--cfg-path', '/tmp/tmpx5ibbf9s']
[2025-10-02T13:24:41.409+0000] {standard_task_runner.py:91} INFO - Job 97: Subtask run_pyspark_postgres
[2025-10-02T13:24:41.448+0000] {task_command.py:426} INFO - Running <TaskInstance: main.run_pyspark_postgres manual__2025-10-02T13:24:40.367689+00:00 [running]> on host 5adecdfd8c83
[2025-10-02T13:24:41.514+0000] {taskinstance.py:2648} INFO - Exporting env vars: AIRFLOW_CTX_DAG_OWNER='***' AIRFLOW_CTX_DAG_ID='main' AIRFLOW_CTX_TASK_ID='run_pyspark_postgres' AIRFLOW_CTX_EXECUTION_DATE='2025-10-02T13:24:40.367689+00:00' AIRFLOW_CTX_TRY_NUMBER='1' AIRFLOW_CTX_DAG_RUN_ID='manual__2025-10-02T13:24:40.367689+00:00'
[2025-10-02T13:24:41.516+0000] {taskinstance.py:430} INFO - ::endgroup::
[2025-10-02T13:24:46.830+0000] {logging_mixin.py:188} INFO - +-------+-------+
|column1|column2|
+-------+-------+
|      1|    cat|
+-------+-------+
[2025-10-02T13:24:47.071+0000] {python.py:237} INFO - Done. Returned value was: None
[2025-10-02T13:24:47.072+0000] {taskinstance.py:441} INFO - ::group::Post task execution logs
[2025-10-02T13:24:47.080+0000] {taskinstance.py:1206} INFO - Marking task as SUCCESS. dag_id=main, task_id=run_pyspark_postgres, run_id=manual__2025-10-02T13:24:40.367689+00:00, execution_date=20251002T132440, start_date=20251002T132441, end_date=20251002T132447
[2025-10-02T13:24:47.117+0000] {local_task_job_runner.py:240} INFO - Task exited with return code 0
[2025-10-02T13:24:47.133+0000] {taskinstance.py:3503} INFO - 1 downstream tasks scheduled from follow-on schedule check
[2025-10-02T13:24:47.135+0000] {local_task_job_runner.py:222} INFO - ::endgroup::
