[2025-10-02T14:05:35.859+0000] {local_task_job_runner.py:120} INFO - ::group::Pre task execution logs
[2025-10-02T14:05:35.875+0000] {taskinstance.py:2076} INFO - Dependencies all met for dep_context=non-requeueable deps ti=<TaskInstance: main.run_write_postgres manual__2025-10-02T14:05:27.087956+00:00 [queued]>
[2025-10-02T14:05:35.881+0000] {taskinstance.py:2076} INFO - Dependencies all met for dep_context=requeueable deps ti=<TaskInstance: main.run_write_postgres manual__2025-10-02T14:05:27.087956+00:00 [queued]>
[2025-10-02T14:05:35.882+0000] {taskinstance.py:2306} INFO - Starting attempt 1 of 1
[2025-10-02T14:05:35.894+0000] {taskinstance.py:2330} INFO - Executing <Task(PythonOperator): run_write_postgres> on 2025-10-02 14:05:27.087956+00:00
[2025-10-02T14:05:35.902+0000] {warnings.py:112} WARNING - /home/***/.local/lib/python3.12/site-packages/***/task/task_runner/standard_task_runner.py:61: DeprecationWarning: This process (pid=12656) is multi-threaded, use of fork() may lead to deadlocks in the child.
  pid = os.fork()

[2025-10-02T14:05:35.903+0000] {standard_task_runner.py:63} INFO - Started process 12658 to run task
[2025-10-02T14:05:35.903+0000] {standard_task_runner.py:90} INFO - Running: ['***', 'tasks', 'run', 'main', 'run_write_postgres', 'manual__2025-10-02T14:05:27.087956+00:00', '--job-id', '114', '--raw', '--subdir', 'DAGS_FOLDER/main.py', '--cfg-path', '/tmp/tmpi1t1xfsh']
[2025-10-02T14:05:35.905+0000] {standard_task_runner.py:91} INFO - Job 114: Subtask run_write_postgres
[2025-10-02T14:05:35.943+0000] {task_command.py:426} INFO - Running <TaskInstance: main.run_write_postgres manual__2025-10-02T14:05:27.087956+00:00 [running]> on host 5adecdfd8c83
[2025-10-02T14:05:36.009+0000] {taskinstance.py:2648} INFO - Exporting env vars: AIRFLOW_CTX_DAG_OWNER='***' AIRFLOW_CTX_DAG_ID='main' AIRFLOW_CTX_TASK_ID='run_write_postgres' AIRFLOW_CTX_EXECUTION_DATE='2025-10-02T14:05:27.087956+00:00' AIRFLOW_CTX_TRY_NUMBER='1' AIRFLOW_CTX_DAG_RUN_ID='manual__2025-10-02T14:05:27.087956+00:00'
[2025-10-02T14:05:36.010+0000] {taskinstance.py:430} INFO - ::endgroup::
[2025-10-02T14:05:40.658+0000] {logging_mixin.py:188} INFO - Получен объект типа <class 'NoneType'>
[2025-10-02T14:05:40.659+0000] {logging_mixin.py:188} INFO - None
[2025-10-02T14:05:40.664+0000] {logging_mixin.py:188} INFO - Empty DataFrame
Columns: []
Index: []
[2025-10-02T14:05:42.726+0000] {logging_mixin.py:188} INFO - +-----+-----+
| Name|Value|
+-----+-----+
|Alice|    1|
|  Bob|    2|
|Cathy|    3|
+-----+-----+
[2025-10-02T14:05:43.689+0000] {python.py:237} INFO - Done. Returned value was: None
[2025-10-02T14:05:43.690+0000] {taskinstance.py:441} INFO - ::group::Post task execution logs
[2025-10-02T14:05:43.698+0000] {taskinstance.py:1206} INFO - Marking task as SUCCESS. dag_id=main, task_id=run_write_postgres, run_id=manual__2025-10-02T14:05:27.087956+00:00, execution_date=20251002T140527, start_date=20251002T140535, end_date=20251002T140543
[2025-10-02T14:05:43.755+0000] {local_task_job_runner.py:240} INFO - Task exited with return code 0
[2025-10-02T14:05:43.767+0000] {taskinstance.py:3503} INFO - 0 downstream tasks scheduled from follow-on schedule check
[2025-10-02T14:05:43.771+0000] {local_task_job_runner.py:222} INFO - ::endgroup::
