[2025-10-02T13:35:33.895+0000] {local_task_job_runner.py:120} INFO - ::group::Pre task execution logs
[2025-10-02T13:35:33.914+0000] {taskinstance.py:2076} INFO - Dependencies all met for dep_context=non-requeueable deps ti=<TaskInstance: main.run_write_postgres manual__2025-10-02T13:35:25.904979+00:00 [queued]>
[2025-10-02T13:35:33.920+0000] {taskinstance.py:2076} INFO - Dependencies all met for dep_context=requeueable deps ti=<TaskInstance: main.run_write_postgres manual__2025-10-02T13:35:25.904979+00:00 [queued]>
[2025-10-02T13:35:33.921+0000] {taskinstance.py:2306} INFO - Starting attempt 1 of 1
[2025-10-02T13:35:33.933+0000] {taskinstance.py:2330} INFO - Executing <Task(PythonOperator): run_write_postgres> on 2025-10-02 13:35:25.904979+00:00
[2025-10-02T13:35:33.938+0000] {warnings.py:112} WARNING - /home/***/.local/lib/python3.12/site-packages/***/task/task_runner/standard_task_runner.py:61: DeprecationWarning: This process (pid=10544) is multi-threaded, use of fork() may lead to deadlocks in the child.
  pid = os.fork()

[2025-10-02T13:35:33.940+0000] {standard_task_runner.py:63} INFO - Started process 10553 to run task
[2025-10-02T13:35:33.940+0000] {standard_task_runner.py:90} INFO - Running: ['***', 'tasks', 'run', 'main', 'run_write_postgres', 'manual__2025-10-02T13:35:25.904979+00:00', '--job-id', '106', '--raw', '--subdir', 'DAGS_FOLDER/main.py', '--cfg-path', '/tmp/tmphvr_lp5w']
[2025-10-02T13:35:33.942+0000] {standard_task_runner.py:91} INFO - Job 106: Subtask run_write_postgres
[2025-10-02T13:35:33.979+0000] {task_command.py:426} INFO - Running <TaskInstance: main.run_write_postgres manual__2025-10-02T13:35:25.904979+00:00 [running]> on host 5adecdfd8c83
[2025-10-02T13:35:34.046+0000] {taskinstance.py:2648} INFO - Exporting env vars: AIRFLOW_CTX_DAG_OWNER='***' AIRFLOW_CTX_DAG_ID='main' AIRFLOW_CTX_TASK_ID='run_write_postgres' AIRFLOW_CTX_EXECUTION_DATE='2025-10-02T13:35:25.904979+00:00' AIRFLOW_CTX_TRY_NUMBER='1' AIRFLOW_CTX_DAG_RUN_ID='manual__2025-10-02T13:35:25.904979+00:00'
[2025-10-02T13:35:34.047+0000] {taskinstance.py:430} INFO - ::endgroup::
[2025-10-02T13:35:38.378+0000] {logging_mixin.py:188} INFO - Empty DataFrame
Columns: []
Index: []
[2025-10-02T13:35:38.380+0000] {logging_mixin.py:188} INFO - Empty DataFrame
Columns: []
Index: []
[2025-10-02T13:35:38.381+0000] {logging_mixin.py:188} INFO - (0, 0)
[2025-10-02T13:35:38.381+0000] {logging_mixin.py:188} INFO - True
[2025-10-02T13:35:38.382+0000] {logging_mixin.py:188} INFO - <class 'pandas.core.frame.DataFrame'>
[2025-10-02T13:35:40.572+0000] {logging_mixin.py:188} INFO - +-----+-----+
| Name|Value|
+-----+-----+
|Alice|    1|
|  Bob|    2|
|Cathy|    3|
+-----+-----+
[2025-10-02T13:35:41.537+0000] {python.py:237} INFO - Done. Returned value was: None
[2025-10-02T13:35:41.538+0000] {taskinstance.py:441} INFO - ::group::Post task execution logs
[2025-10-02T13:35:41.546+0000] {taskinstance.py:1206} INFO - Marking task as SUCCESS. dag_id=main, task_id=run_write_postgres, run_id=manual__2025-10-02T13:35:25.904979+00:00, execution_date=20251002T133525, start_date=20251002T133533, end_date=20251002T133541
[2025-10-02T13:35:41.577+0000] {local_task_job_runner.py:240} INFO - Task exited with return code 0
[2025-10-02T13:35:41.590+0000] {taskinstance.py:3503} INFO - 0 downstream tasks scheduled from follow-on schedule check
[2025-10-02T13:35:41.594+0000] {local_task_job_runner.py:222} INFO - ::endgroup::
