[2025-10-02T14:18:52.796+0000] {local_task_job_runner.py:120} INFO - ::group::Pre task execution logs
[2025-10-02T14:18:52.812+0000] {taskinstance.py:2076} INFO - Dependencies all met for dep_context=non-requeueable deps ti=<TaskInstance: main.run_write_postgres manual__2025-10-02T14:18:44.558191+00:00 [queued]>
[2025-10-02T14:18:52.817+0000] {taskinstance.py:2076} INFO - Dependencies all met for dep_context=requeueable deps ti=<TaskInstance: main.run_write_postgres manual__2025-10-02T14:18:44.558191+00:00 [queued]>
[2025-10-02T14:18:52.817+0000] {taskinstance.py:2306} INFO - Starting attempt 1 of 1
[2025-10-02T14:18:52.827+0000] {taskinstance.py:2330} INFO - Executing <Task(PythonOperator): run_write_postgres> on 2025-10-02 14:18:44.558191+00:00
[2025-10-02T14:18:52.832+0000] {warnings.py:112} WARNING - /home/***/.local/lib/python3.12/site-packages/***/task/task_runner/standard_task_runner.py:61: DeprecationWarning: This process (pid=13746) is multi-threaded, use of fork() may lead to deadlocks in the child.
  pid = os.fork()

[2025-10-02T14:18:52.834+0000] {standard_task_runner.py:63} INFO - Started process 13748 to run task
[2025-10-02T14:18:52.834+0000] {standard_task_runner.py:90} INFO - Running: ['***', 'tasks', 'run', 'main', 'run_write_postgres', 'manual__2025-10-02T14:18:44.558191+00:00', '--job-id', '118', '--raw', '--subdir', 'DAGS_FOLDER/main.py', '--cfg-path', '/tmp/tmpb6ydwet3']
[2025-10-02T14:18:52.836+0000] {standard_task_runner.py:91} INFO - Job 118: Subtask run_write_postgres
[2025-10-02T14:18:52.872+0000] {task_command.py:426} INFO - Running <TaskInstance: main.run_write_postgres manual__2025-10-02T14:18:44.558191+00:00 [running]> on host 5adecdfd8c83
[2025-10-02T14:18:52.933+0000] {taskinstance.py:2648} INFO - Exporting env vars: AIRFLOW_CTX_DAG_OWNER='***' AIRFLOW_CTX_DAG_ID='main' AIRFLOW_CTX_TASK_ID='run_write_postgres' AIRFLOW_CTX_EXECUTION_DATE='2025-10-02T14:18:44.558191+00:00' AIRFLOW_CTX_TRY_NUMBER='1' AIRFLOW_CTX_DAG_RUN_ID='manual__2025-10-02T14:18:44.558191+00:00'
[2025-10-02T14:18:52.935+0000] {taskinstance.py:430} INFO - ::endgroup::
[2025-10-02T14:18:56.986+0000] {logging_mixin.py:188} INFO - Получен валидный DataFrame
[2025-10-02T14:18:56.989+0000] {logging_mixin.py:188} INFO - Empty DataFrame
Columns: []
Index: []
[2025-10-02T14:18:56.990+0000] {logging_mixin.py:188} INFO - Размер: (0, 0)
[2025-10-02T14:18:56.991+0000] {logging_mixin.py:188} INFO - Empty DataFrame
Columns: []
Index: []
[2025-10-02T14:18:59.220+0000] {logging_mixin.py:188} INFO - +-----+-----+
| Name|Value|
+-----+-----+
|Alice|    1|
|  Bob|    2|
|Cathy|    3|
+-----+-----+
[2025-10-02T14:19:00.190+0000] {python.py:237} INFO - Done. Returned value was: None
[2025-10-02T14:19:00.190+0000] {taskinstance.py:441} INFO - ::group::Post task execution logs
[2025-10-02T14:19:00.198+0000] {taskinstance.py:1206} INFO - Marking task as SUCCESS. dag_id=main, task_id=run_write_postgres, run_id=manual__2025-10-02T14:18:44.558191+00:00, execution_date=20251002T141844, start_date=20251002T141852, end_date=20251002T141900
[2025-10-02T14:19:00.251+0000] {local_task_job_runner.py:240} INFO - Task exited with return code 0
[2025-10-02T14:19:00.263+0000] {taskinstance.py:3503} INFO - 0 downstream tasks scheduled from follow-on schedule check
[2025-10-02T14:19:00.265+0000] {local_task_job_runner.py:222} INFO - ::endgroup::
