[2025-10-07T12:48:30.759+0000] {local_task_job_runner.py:120} INFO - ::group::Pre task execution logs
[2025-10-07T12:48:30.779+0000] {taskinstance.py:2076} INFO - Dependencies all met for dep_context=non-requeueable deps ti=<TaskInstance: main.run_pyspark_task manual__2025-10-07T12:48:30.278914+00:00 [queued]>
[2025-10-07T12:48:30.785+0000] {taskinstance.py:2076} INFO - Dependencies all met for dep_context=requeueable deps ti=<TaskInstance: main.run_pyspark_task manual__2025-10-07T12:48:30.278914+00:00 [queued]>
[2025-10-07T12:48:30.786+0000] {taskinstance.py:2306} INFO - Starting attempt 1 of 1
[2025-10-07T12:48:30.798+0000] {taskinstance.py:2330} INFO - Executing <Task(PythonOperator): run_pyspark_task> on 2025-10-07 12:48:30.278914+00:00
[2025-10-07T12:48:30.804+0000] {warnings.py:112} WARNING - /home/***/.local/lib/python3.12/site-packages/***/task/task_runner/standard_task_runner.py:61: DeprecationWarning: This process (pid=4645) is multi-threaded, use of fork() may lead to deadlocks in the child.
  pid = os.fork()

[2025-10-07T12:48:30.805+0000] {standard_task_runner.py:63} INFO - Started process 4646 to run task
[2025-10-07T12:48:30.805+0000] {standard_task_runner.py:90} INFO - Running: ['***', 'tasks', 'run', 'main', 'run_pyspark_task', 'manual__2025-10-07T12:48:30.278914+00:00', '--job-id', '174', '--raw', '--subdir', 'DAGS_FOLDER/main.py', '--cfg-path', '/tmp/tmpuvo10hgo']
[2025-10-07T12:48:30.806+0000] {standard_task_runner.py:91} INFO - Job 174: Subtask run_pyspark_task
[2025-10-07T12:48:30.844+0000] {task_command.py:426} INFO - Running <TaskInstance: main.run_pyspark_task manual__2025-10-07T12:48:30.278914+00:00 [running]> on host 5adecdfd8c83
[2025-10-07T12:48:30.921+0000] {taskinstance.py:2648} INFO - Exporting env vars: AIRFLOW_CTX_DAG_OWNER='***' AIRFLOW_CTX_DAG_ID='main' AIRFLOW_CTX_TASK_ID='run_pyspark_task' AIRFLOW_CTX_EXECUTION_DATE='2025-10-07T12:48:30.278914+00:00' AIRFLOW_CTX_TRY_NUMBER='1' AIRFLOW_CTX_DAG_RUN_ID='manual__2025-10-07T12:48:30.278914+00:00'
[2025-10-07T12:48:30.922+0000] {taskinstance.py:430} INFO - ::endgroup::
[2025-10-07T12:48:51.424+0000] {logging_mixin.py:188} INFO - Количество строк загруженных из файла 507914
[2025-10-07T12:48:51.512+0000] {logging_mixin.py:188} INFO - root
 |-- house_id: integer (nullable = true)
 |-- latitude: float (nullable = true)
 |-- longitude: float (nullable = true)
 |-- maintenance_year: integer (nullable = false)
 |-- square: float (nullable = false)
 |-- population: integer (nullable = false)
 |-- region: string (nullable = true)
 |-- locality_name: string (nullable = true)
 |-- address: string (nullable = true)
 |-- full_address: string (nullable = true)
 |-- communal_service_id: integer (nullable = false)
 |-- description: string (nullable = true)
[2025-10-07T12:49:07.366+0000] {logging_mixin.py:188} INFO - Средний год постройки 1971.0, медианный год постройки 1971.0
[2025-10-07T12:49:07.383+0000] {logging_mixin.py:188} INFO - Топ-10 областей и городов с наибольшим количеством объектов
[2025-10-07T12:49:15.667+0000] {logging_mixin.py:188} INFO - +-----------------------+---------------+---------+
|region                 |locality_name  |count_obj|
+-----------------------+---------------+---------+
|Москва                 |Москва         |24484    |
|Самарская область      |Самара         |7224     |
|Свердловская область   |Екатеринбург   |6860     |
|Санкт-Петербург        |Санкт-Петербург|6127     |
|Нижегородская область  |Нижний Новгород|5903     |
|Новосибирская область  |Новосибирск    |5458     |
|Красноярский край      |Красноярск     |5289     |
|Ростовская область     |Ростов-на-Дону |5124     |
|Калининградская область|Калининград    |4940     |
|Республика Татарстан   |Казань         |4889     |
+-----------------------+---------------+---------+
only showing top 10 rows
[2025-10-07T12:49:15.855+0000] {logging_mixin.py:188} INFO - Здания с максимальной и минимальной площадью в рамках каждой области
[2025-10-07T12:49:41.403+0000] {logging_mixin.py:188} INFO - +-------------------------------------+-------------------------+---------------------------------------------------+---------+--------------------+
|region                               |locality_name            |address                                            |square   |square_flg          |
+-------------------------------------+-------------------------+---------------------------------------------------+---------+--------------------+
|Карагандинская область               |Караганда                |ул. З.Космодемьянской, д. 50, к. а                 |4985.0   |Минимальная площадь |
|Республика Тыва                      |Кызыл                    |ул. Красных Партизан, д. 13                        |229.0    |Минимальная площадь |
|Тюменская область                    |Тобольск                 |ул. Челюскинцев, д. 4                              |18.4     |Минимальная площадь |
|Калининградская область              |Калининград              |ул. Мира, д. 10                                    |3.0      |Минимальная площадь |
|Новосибирская область                |Новосибирск              |ул. Коммунистическая, д. 77                        |12.4     |Минимальная площадь |
|Днепропетровская область             |Кривой Рог               |ул. Орджоникидзе, д. 60                            |596.0    |Минимальная площадь |
|Псковская область                    |Псков                    |ул. Ленинградская, д. 13                           |23.4     |Минимальная площадь |
|Камчатский край                      |Елизово                  |ул. Звездная, д. 4, к. а                           |22.9     |Минимальная площадь |
|Ивановская область                   |Шуя                      |ул. Северная 9-я, д. 26                            |25.6     |Минимальная площадь |
|Республика Мордовия                  |Саранск                  |пр-кт. 70 лет Октября, д. 192                      |15.3     |Минимальная площадь |
|Забайкальский край                   |Чита                     |п. Восточный, ул. Назара Губина, д. 5              |18.2     |Минимальная площадь |
|Амурская область                     |Благовещенск             |пер. Кооперативный, д. 9                           |26.6     |Минимальная площадь |
|Одесская область                     |Измаил                   |ул. Некрасова, д. 70                               |948.8    |Минимальная площадь |
|Кировская область                    |Киров                    |ул. Орловская, д. 26                               |2.9      |Минимальная площадь |
|Приволжский федеральный округ        |Бор                      |мкр. ж/р Боталово-4, ул. Керченская, д. 6          |30.0     |Минимальная площадь |
|Республика Саха (Якутия)             |Якутск                   |ул. Дзержинского, д. 26, к. 3                      |3.06     |Минимальная площадь |
|Пермский край                        |Кудымкар                 |ул. Чкалова, д. 34                                 |17.8     |Минимальная площадь |
|Астраханская область                 |Астрахань                |ул. Лиманская, д. 45, к. литер А                   |55.9     |Минимальная площадь |
|Кировоградская область               |Светловодск              |д. г Омск пр-кт Мира д.38                          |3249.7   |Минимальная площадь |
|Северо-Кавказский федеральный округ  |Аргун                    |ул. Станционная, д. ст.Аргун 2143-3                |104.5    |Минимальная площадь |
|Могилевская область                  |Могилев                  |ул. Заводская, д. 32                               |3708.0   |Минимальная площадь |
|Могилевская область                  |Могилев                  |ул. Заводская, д. 36                               |3708.0   |Минимальная площадь |
|Орловская область                    |Орел                     |ул. Кукушкина, д. 9                                |5.1      |Минимальная площадь |
|Архангельская область                |Архангельск              |ул. Вычегодская, д. 1, к. 1                        |20.9     |Минимальная площадь |
|Вологодская область                  |Череповец                |ул. Милютина, д. 17                                |1.71     |Минимальная площадь |
|Красноярский край                    |Красноярск               |ул. Норильская, д. 8                               |5.56     |Минимальная площадь |
|Курская область                      |Курск                    |ул. Заречная, д. 154                               |30.2     |Минимальная площадь |
|Свердловская область                 |Екатеринбург             |ул. Викулова, д. 44, к. 1                          |4.0      |Минимальная площадь |
|Кабардино-Балкарская Республика      |Нальчик                  |ул. Хмельницкого, д. 45                            |2.2      |Минимальная площадь |
|Новгородская область                 |Боровичи                 |ул. Коммунистическая, д. 39                        |33.0     |Минимальная площадь |
|Калужская область                    |Таруса                   |ул. Садовая, д. 48                                 |17.8     |Минимальная площадь |
|Московская область                   |Химки                    |ул. Пролетарская, д. 17                            |4.84     |Минимальная площадь |
|Челябинская область                  |Копейск                  |ул. Похвалина, д. 38                               |16.0     |Минимальная площадь |
|Карачаево-Черкесская Республика      |Черкесск                 |ул. Л.Шевцовой, д. 20                              |281.9    |Минимальная площадь |
|Сахалинская область                  |село Восток              |с. Восток, ул. Приморская, д. 5, к. 1              |3.0      |Минимальная площадь |
|Республика Калмыкия                  |Элиста                   |мкр. 8-й, д. 20а                                   |163.3    |Минимальная площадь |
|Донецкая область                     |Донецк                   |д. г Осинники ул Кирова д.10                       |382.0    |Минимальная площадь |
|Республика Бурятия                   |Улан-Удэ                 |ул. Смолина, д. 81                                 |20.3     |Минимальная площадь |
|Саратовская область                  |Саратов                  |ул. Красновая, д. 32, стр. жилой                   |8.5      |Минимальная площадь |
|Республика Алтай                     |Горно-Алтайск            |пер. Полярный, д. 2                                |31.0     |Минимальная площадь |
|Омская область                       |Омск                     |ул. Харьковская, д. 176                            |35.5     |Минимальная площадь |
|ХМАО                                 |Сургут                   |ул. Таежная (п Лунный), д. 4Б                      |15.9     |Минимальная площадь |
|Восточно-Казахстанская область       |Семей                    |ул. Пархоменко, д. 60                              |7704.0   |Минимальная площадь |
|Владимирская область                 |Кольчугино               |ул. Чапаева, д. 1Б                                 |3.01     |Минимальная площадь |
|Республика Дагестан                  |село Гуниб               |с. Гуниб, ул. Омарова, д. 3                        |46.0     |Минимальная площадь |
|Курганская область                   |Щучье                    |ул. Советская, д. 23                               |2.17     |Минимальная площадь |
|Воронежская область                  |Воронеж                  |ул. 20-летия ВЛКСМ, д. 54а                         |21.0     |Минимальная площадь |
|Новомосковский административный округ|поселок Коммунарка       |п. Коммунарка, ул. Липовый парк, д. 10, к. 1       |6643.5   |Минимальная площадь |
|Троицкий административный округ      |поселок Первомайское     |п. Первомайское, ул. Парковая, д. 4                |52.4     |Минимальная площадь |
|Удмуртская Республика                |Ижевск                   |. 7 Сарапульского тракта , д. 5                    |21.3     |Минимальная площадь |
|Мурманская область                   |поселок Умба             |пгт. Умба, ул. 8 Марта, д. 25                      |23.9     |Минимальная площадь |
|Республика Ингушетия                 |Назрань                  |ул. Осканова, д. 6 7                               |204.0    |Минимальная площадь |
|ЯНАО                                 |Салехард                 |ул. Щорса, д. 15                                   |11.5     |Минимальная площадь |
|Николаевская область                 |Первомайск               |ул. Поповича, д. 29                                |373.9    |Минимальная площадь |
|Сумская область                      |Ахтырка                  |ул. Менжинского, д. 14                             |4132.2   |Минимальная площадь |
|Москва                               |Москва                   |пр-кт. Мира, д. 190                                |2.62     |Минимальная площадь |
|Брянская область                     |Брянск                   |ул. Почтовая, д. 48                                |18.8     |Минимальная площадь |
|Приморский край                      |село Авангард            |г. Партизанск, с. Авангард, ул. Павлова, д. 3, к. Б|2.8      |Минимальная площадь |
|Республика Коми                      |Сыктывкар                |пгт. Верхняя Максаковка, ул. Ключевая, д. 4        |37.7     |Минимальная площадь |
|Республика Хакасия                   |поселок Верхняя Согра    |г. Абакан, ул. Молодежная, д. 11                   |74.0     |Минимальная площадь |
|Республика Хакасия                   |поселок Верхняя Согра    |г. Абакан, ул. Молодежная, д. 13                   |74.0     |Минимальная площадь |
|Ставропольский край                  |Ставрополь               |ул. Мира, д. 429                                   |4.13     |Минимальная площадь |
|Томская область                      |Томск                    |ул. Басандайская, д. 31, к. 6                      |16.8     |Минимальная площадь |
|Санкт-Петербург                      |Санкт-Петербург          |пр-кт. Раевского, д. 3                             |1.6      |Минимальная площадь |
|Республика Северная Осетия-Алания    |Владикавказ              |ул. Братьев Газдановых, д. 3                       |58.0     |Минимальная площадь |
|Республика Карелия                   |Петрозаводск             |ул. Ровио, д. 19 а                                 |2.66     |Минимальная площадь |
|Чукотский автономный округ           |село Конергино           |с. Конергино, ул. им Б.И.Равтытагина, д. 17        |39.2     |Минимальная площадь |
|НАО                                  |поселок Макарово         |д. Макарово, д. 3                                  |46.2     |Минимальная площадь |
|Оренбургская область                 |Оренбург                 |ул. Лабужского, д. 12/3                            |4.9      |Минимальная площадь |
|Центральный федеральный округ        |поселок Первомайское     |п. Птичное, ул. Центральная усадьба, д. 14         |23.0     |Минимальная площадь |
|Ульяновская область                  |Ульяновск                |ул. Минина, д. 15/33                               |2.88     |Минимальная площадь |
|Черкасская область                   |Смела                    |ул. Громова, д. 4                                  |1032.8   |Минимальная площадь |
|Алматы                               |Алматы                   |д. г Навашино ул Соболева д.12                     |457.08   |Минимальная площадь |
|Республика Адыгея                    |станица Гиагинская       |ст-ца. Гиагинская, ул. Красная, д. 367             |383.2    |Минимальная площадь |
|Республика Татарстан                 |Елабуга                  |ул. Московская, д. 87                              |23.6     |Минимальная площадь |
|Гродненская область                  |Гродно                   |ул. Поповича, д. 28                                |806.1    |Минимальная площадь |
|Магаданская область                  |Магадан                  |ул. Рыбозаводская, д. 2, к. В                      |11.9     |Минимальная площадь |
|Хабаровский край                     |поселок Дормидонтовка    |п. Дормидонтовка, ул. Гаражная, д. 8               |35.5     |Минимальная площадь |
|Люнебург                             |Манди-Гобиндгарх         |ул. Орджоникидзе, д. 153, к. а                     |3487.0   |Минимальная площадь |
|Смоленская область                   |Смоленск                 |п. Серебрянка, д. 44                               |17.85    |Минимальная площадь |
|Киевская область                     |Узин                     |ул. Поповича, д. 20                                |717.1    |Минимальная площадь |
|Чоко                                 |Банайн-Ч                 |г. Смоленск, п. Красный Бор, д. 2 в/ч 83283        |127.8    |Минимальная площадь |
|Волгоградская область                |Волгоград                |ул. им Циолковского, д. 39                         |6.73     |Минимальная площадь |
|Херсонская область                   |Херсон                   |д. ул. Садовая 44                                  |838.9    |Минимальная площадь |
|Северо-Западный федеральный округ    |Зеленогорск              |ул. Паровозная, д. 15                              |29.72    |Минимальная площадь |
|Тамбовская область                   |Тамбов                   |ул. Карла Маркса, д. 175а, к. 4                    |2.0      |Минимальная площадь |
|Пензенская область                   |Пенза                    |ул. Рахманинова, д. 14                             |5.0      |Минимальная площадь |
|Самарская область                    |Самара                   |ул. Садовая, д. 128В                               |18.0     |Минимальная площадь |
|Алтайский край                       |Барнаул                  |ул. Витебская, д. 2                                |3.26     |Минимальная площадь |
|Еврейская автономная область         |село Пронькино           |с. Пронькино, ул. Набережная, д. 9                 |20.85    |Минимальная площадь |
|Нижегородская область                |Нижний Новгород          |ул. Островского, д. 10                             |2.56     |Минимальная площадь |
|Тульская область                     |Богородицк               |мкр. Жданковский, ул. Гагарина, д. 5               |19.2     |Минимальная площадь |
|Луганская область                    |поселок Cтаница Луганская|п. д/о Вороново, д. 62                             |451.0    |Минимальная площадь |
|Липецкая область                     |Липецк                   |ул. Бунина, д. 15                                  |7.98     |Минимальная площадь |
|Иркутская область                    |Ангарск                  |кв-л. 35-й, д. 5                                   |12.0     |Минимальная площадь |
|Кемеровская область                  |Анжеро-Судженск          |ул. Киселевская, д. 21                             |15.4     |Минимальная площадь |
|Ростовская область                   |Таганрог                 |ул. Сергея Шило, д. 190/2                          |1.95     |Минимальная площадь |
|Рязанская область                    |Рязань                   |ул. Новослободская, д. 3                           |21.3     |Минимальная площадь |
|Краснодарский край                   |станица Полтавская       |ст-ца. Полтавская, ул. Жлобы, д. 60                |1.2      |Минимальная площадь |
|Республика Марий Эл                  |Волжск                   |ул. Кабанова, д. 4, к. 1                           |2.18     |Минимальная площадь |
|Минск                                |Минск                    |ул. Жуковского, д. 15а                             |1241.3   |Минимальная площадь |
|Чувашская Республика                 |Чебоксары                |ул. Ф.Н.Орлова, д. 37, к. 9                        |17.0     |Минимальная площадь |
|Тверская область                     |Нелидово                 |ул. Марины Расковой, д. 2                          |30.3     |Минимальная площадь |
|Белгородская область                 |Белгород                 |ул. Разина, д. 10                                  |16.3     |Минимальная площадь |
|Ярославская область                  |село Середа              |с. Середа, ул. Садовая, д. 12                      |21.1     |Минимальная площадь |
|Южно-Казахстанская область           |Шымкент                  |ул. Юсупова, д. 32                                 |411.5    |Минимальная площадь |
|Запорожская область                  |Мелитополь               |ул. А.Невского, д. 4                               |3347.7   |Минимальная площадь |
|Костромская область                  |село Боговарово          |с. Боговарово, ул. Школьная, д. 22                 |12.6     |Минимальная площадь |
|Чеченская Республика                 |село Ачхой-Мартан        |с. Ачхой-Мартан, ул. Х.Нурадилова, д. 120          |30.5     |Минимальная площадь |
|Республика Башкортостан              |село Железнодорожный     |с. Железнодорожный, ул. Промысловая, д. 1          |22.4     |Минимальная площадь |
|Ленинградская область                |поселок Сосново          |п. Сосново, ул. Ленинградская, д. 28               |17.89    |Минимальная площадь |
|Карагандинская область               |Караганда                |ул. З.Космодемьянской, д. 50, к. а                 |4985.0   |Максимальная площадь|
|Белгородская область                 |Старый Оскол             |мкр. Дубрава квартал 1, д. 18                      |7058900.0|Максимальная площадь|
|Камчатский край                      |Петропавловск-Камчатский |ул. Академика Королева, д. 21                      |17893.7  |Максимальная площадь|
|Липецкая область                     |Липецк                   |ул. Белянского, д. 16                              |100071.4 |Максимальная площадь|
|Луганская область                    |Луганск                  |ул. З.Космодемьянской, д. 48, к. а                 |12169.5  |Максимальная площадь|
|Южно-Казахстанская область           |Шымкент                  |ул. Юсупова, д. 34                                 |715.5    |Максимальная площадь|
|Одесская область                     |Измаил                   |ул. Некрасова, д. 70                               |948.8    |Максимальная площадь|
|Республика Адыгея                    |поселок Яблоновский      |пгт. Яблоновский, ул. Кобцевой Н.С., д. 1          |45445.0  |Максимальная площадь|
|Чукотский автономный округ           |Певек                    |ул. Обручева, д. 38                                |7529.7   |Максимальная площадь|
|Кировоградская область               |Светловодск              |д. г Омск пр-кт Мира д.38                          |3249.7   |Максимальная площадь|
|Волгоградская область                |Волжский                 |пр-кт. им Ленина, д. 97                            |55789.0  |Максимальная площадь|
|Алтайский край                       |Барнаул                  |ул. Папанинцев, д. 121а                            |88871.7  |Максимальная площадь|
|Новгородская область                 |Великий Новгород         |ул. Дачная, д. 4                                   |33616.2  |Максимальная площадь|
|Николаевская область                 |Первомайск               |ул. Поповича, д. 33                                |1477.7   |Максимальная площадь|
|Мурманская область                   |Мурманск                 |ул. Халтурина, д. 1                                |39889.7  |Максимальная площадь|
|Могилевская область                  |Могилев                  |ул. Заводская, д. 32                               |3708.0   |Максимальная площадь|
|Могилевская область                  |Могилев                  |ул. Заводская, д. 36                               |3708.0   |Максимальная площадь|
|Московская область                   |Фрязино                  |ул. Пионерская, д. 3                               |410203.8 |Максимальная площадь|
|Вологодская область                  |Вологда                  |ул. Возрождения, д. 82а                            |40878.18 |Максимальная площадь|
|Республика Карелия                   |Петрозаводск             |ул. Чапаева, д. 44                                 |18438.0  |Максимальная площадь|
|Республика Саха (Якутия)             |Якутск                   |ул. Лермонтова, д. 49                              |34776.7  |Максимальная площадь|
|Республика Дагестан                  |Махачкала                |пр-кт. Петра Первого, д. 44                        |81512.0  |Максимальная площадь|
|Ленинградская область                |Тихвин                   |ул. Ярослава Иванова, д. 1                         |91195.9  |Максимальная площадь|
|Саратовская область                  |Саратов                  |ул. Батавина, д. 12                                |61589.0  |Максимальная площадь|
|Кабардино-Балкарская Республика      |Нальчик                  |ул. Московская, д. 6                               |20850.0  |Максимальная площадь|
|Санкт-Петербург                      |Санкт-Петербург          |ул. Коллонтай, д. 5/1                              |187955.11|Максимальная площадь|
|Москва                               |Москва                   |ул. Старый Гай, д. 6                               |883057.4 |Максимальная площадь|
|Пензенская область                   |Пенза                    |ул. Леонова, д. 20                                 |122261.1 |Максимальная площадь|
|Республика Татарстан                 |Набережные Челны         |ул. Раскольникова, д. 25                           |194618.0 |Максимальная площадь|
|Республика Тыва                      |Кызыл                    |ул. Кочетова, д. 59/2                              |16319.68 |Максимальная площадь|
|Республика Алтай                     |Горно-Алтайск            |пр-кт. Коммунистический, д. 94/1                   |18469.7  |Максимальная площадь|
|Калужская область                    |Малоярославец            |ул. Щорса, д. 7                                    |22574.3  |Максимальная площадь|
|Магаданская область                  |Магадан                  |ул. Портовая, д. 38                                |19242.6  |Максимальная площадь|
|Чувашская Республика                 |Чебоксары                |ул. Маршака, д. 8, к. 1                            |73661.0  |Максимальная площадь|
|Республика Коми                      |Печора                   |ул. Ленина, д. 27                                  |42044.0  |Максимальная площадь|
|Алматы                               |Алматы                   |ул. Орджоникидзе, д. 169                           |3403.0   |Максимальная площадь|
|Восточно-Казахстанская область       |Семей                    |ул. Пархоменко, д. 60                              |7704.0   |Максимальная площадь|
|Республика Марий Эл                  |Йошкар-Ола               |ул. Эшкинина, д. 22                                |27139.0  |Максимальная площадь|
|Тверская область                     |Тверь                    |ул. Паши Савельевой, д. 54                         |31656.87 |Максимальная площадь|
|НАО                                  |Нарьян-Мар               |ул. Оленная, д. 8                                  |16640.9  |Максимальная площадь|
|Карачаево-Черкесская Республика      |Черкесск                 |ул. Гутякулова, д. 34                              |10505.0  |Максимальная площадь|
|Пермский край                        |Пермь                    |ул. Революции, д. 21                               |65104.2  |Максимальная площадь|
|Псковская область                    |Великие Луки             |ул. Заслонова, д. 31                               |60112.0  |Максимальная площадь|
|Чоко                                 |Банайн-Ч                 |г. Смоленск, п. Красный Бор, д. 7 в/ч 83283        |887.4    |Максимальная площадь|
|Архангельская область                |Архангельск              |пр-кт. Московский, д. 43, к. 3                     |39452.7  |Максимальная площадь|
|Калининградская область              |Калининград              |ул. Ю.Гагарина, д. 101                             |44105.0  |Максимальная площадь|
|Республика Хакасия                   |Абакан                   |ул. Кирова, д. 112, к. 1                           |19367.2  |Максимальная площадь|
|Ярославская область                  |Ярославль                |пр-кт. Московский, д. 163                          |42224.8  |Максимальная площадь|
|Сахалинская область                  |Южно-Сахалинск           |пр-кт. Победы, д. 63Г                              |16726.0  |Максимальная площадь|
|Республика Бурятия                   |Улан-Удэ                 |ул. Ключевская, д. 76а                             |24522.3  |Максимальная площадь|
|ЯНАО                                 |Ноябрьск                 |ул. Школьная, д. 23                                |26512.0  |Максимальная площадь|
|Сумская область                      |Ахтырка                  |ул. Менжинского, д. 14                             |4132.2   |Максимальная площадь|
|Самарская область                    |Тольятти                 |ул. Баныкина, д. 16В                               |259491.0 |Максимальная площадь|
|Чеченская Республика                 |Грозный                  |ул. им Льва И. Яшина, д. 28                        |74420.9  |Максимальная площадь|
|Троицкий административный округ      |Троицк                   |пл. Академическая, д. 3                            |47905.48 |Максимальная площадь|
|Костромская область                  |Кострома                 |ул. Никитская, д. 138                              |40099.41 |Максимальная площадь|
|Курганская область                   |Курган                   |мкр. 5-й, д. 1                                     |28546.0  |Максимальная площадь|
|Ставропольский край                  |Ставрополь               |проезд. 2 Юго-Западный, д. 2Г                      |58591.2  |Максимальная площадь|
|Республика Башкортостан              |село Толбазы             |с. Толбазы, ул. Партизанская, д. 5                 |16858.0  |Максимальная площадь|
|Курская область                      |Курск                    |пр-кт. Вячеслава Клыкова, д. 92                    |35758.2  |Максимальная площадь|
|Свердловская область                 |Екатеринбург             |ул. Токарей, д. 68                                 |1879860.0|Максимальная площадь|
|Томская область                      |Северск                  |пр-кт. Коммунистический, д. 151                    |43293.2  |Максимальная площадь|
|Челябинская область                  |Челябинск                |пр-кт. Победы, д. 238                              |35576.0  |Максимальная площадь|
|Астраханская область                 |Астрахань                |ул. С.Перовской, д. 84                             |15026.0  |Максимальная площадь|
|Новосибирская область                |Новосибирск              |ул. Заречная, д. 4                                 |60371.8  |Максимальная площадь|
|Республика Ингушетия                 |Назрань                  |ул. Московская, д. 41, стр. 2003                   |7100.0   |Максимальная площадь|
|Республика Ингушетия                 |Назрань                  |ул. Московская, д. 41                              |7100.0   |Максимальная площадь|
|Кировская область                    |Киров                    |ул. Свердлова, д. 8, к. а                          |313165.6 |Максимальная площадь|
|Забайкальский край                   |Чита                     |ул. Карла Маркса, д. 16                            |41307.0  |Максимальная площадь|
|Черкасская область                   |Смела                    |ул. Громова, д. 4                                  |1032.8   |Максимальная площадь|
|Новомосковский административный округ|поселок Коммунарка       |п. Коммунарка, ул. Липовый парк, д. 11             |37361.65 |Максимальная площадь|
|Гродненская область                  |Гродно                   |ул. Поповича, д. 28                                |806.1    |Максимальная площадь|
|Ульяновская область                  |Ульяновск                |пр-кт. Ульяновский, д. 2                           |75387.85 |Максимальная площадь|
|Владимирская область                 |Владимир                 |пр-кт. Октябрьский, д. 36                          |26959.0  |Максимальная площадь|
|Хабаровский край                     |Амурск                   |пр-кт. Строителей, д. 36                           |19188.0  |Максимальная площадь|
|Иркутская область                    |Ангарск                  |мкр. 9-й, д. 85                                    |121168.9 |Максимальная площадь|
|Республика Мордовия                  |Саранск                  |ул. Б.Хмельницкого, д. 75                          |32797.8  |Максимальная площадь|
|Люнебург                             |Манди-Гобиндгарх         |ул. Орджоникидзе, д. 153, к. а                     |3487.0   |Максимальная площадь|
|Тюменская область                    |Тюмень                   |проезд. Солнечный, д. 7                            |54334.09 |Максимальная площадь|
|ХМАО                                 |Нижневартовск            |пр-кт. Победы, д. 18                               |646910.0 |Максимальная площадь|
|Республика Калмыкия                  |Элиста                   |ул. А.С.Пушкина, д. 3 а, к. 1                      |10616.0  |Максимальная площадь|
|Орловская область                    |Орел                     |ш. Московское, д. 151                              |40026.6  |Максимальная площадь|
|Удмуртская Республика                |Ижевск                   |ул. 40 лет Победы, д. 140                          |197757.0 |Максимальная площадь|
|Омская область                       |Омск                     |ул. Солнечная 2-я, д. 28, к. А                     |3652010.0|Максимальная площадь|
|Донецкая область                     |Константиновка           |ул. Красноармейская, д. 67                         |6911.7   |Максимальная площадь|
|Ростовская область                   |Ростов-на-Дону           |ул. Вятская, д. 49                                 |107113.9 |Максимальная площадь|
|Днепропетровская область             |Подгородное              |ул. Комсомольская, д. 4                            |1341.0   |Максимальная площадь|
|Днепропетровская область             |Подгородное              |ул. Комсомольская, д. 5                            |1341.0   |Максимальная площадь|
|Киевская область                     |Узин                     |ул. Поповича, д. 20                                |717.1    |Максимальная площадь|
|Кемеровская область                  |Новокузнецк              |пр-кт. Курако, д. 37а                              |72448.0  |Максимальная площадь|
|Херсонская область                   |Херсон                   |д. ул. Садовая 44                                  |838.9    |Максимальная площадь|
|Краснодарский край                   |Краснодар                |ул. Кубанская Набережная, д. 31/1                  |71190.0  |Максимальная площадь|
|Ивановская область                   |Иваново                  |ш. Кохомское, д. 11                                |32617.6  |Максимальная площадь|
|Красноярский край                    |поселок Филимоново       |с. Филимоново, ул. Профсоюзная, д. 3               |452520.0 |Максимальная площадь|
|Амурская область                     |поселок Февральск        |пгт. Февральск, ул. Саянская, д. 4 А               |429720.0 |Максимальная площадь|
|Северо-Кавказский федеральный округ  |Аргун                    |ул. Станционная, д. ст.Аргун 3                     |368.0    |Максимальная площадь|
|Центральный федеральный округ        |Зеленоград               |д. 1824                                            |56865.0  |Максимальная площадь|
|Приволжский федеральный округ        |Бор                      |мкр. ж/р Боталово-4, ул. Керченская, д. 17         |116.0    |Максимальная площадь|
|Приволжский федеральный округ        |Бор                      |мкр. ж/р Боталово-4, ул. Керченская, д. 25         |116.0    |Максимальная площадь|
|Брянская область                     |Брянск                   |ул. Красноармейская, д. 100                        |40764.3  |Максимальная площадь|
|Северо-Западный федеральный округ    |поселок Парголово        |п. Парголово, ул. Федора Абрамова, д. 8            |181937.4 |Максимальная площадь|
|Смоленская область                   |Смоленск                 |ул. Николаева, д. 34В                              |97496.0  |Максимальная площадь|
|Оренбургская область                 |Орск                     |пр-кт. Ленина, д. 46                               |47776.6  |Максимальная площадь|
|Тамбовская область                   |Тамбов                   |ул. Базарная, д. 115/59                            |52181.1  |Максимальная площадь|
|Тульская область                     |Тула                     |ул. М.Горького, д. 12(2)                           |47102.6  |Максимальная площадь|
|Рязанская область                    |Рязань                   |ш. Солотчинское, д. 2                              |52551.7  |Максимальная площадь|
|Минск                                |Минск                    |ул. Жуковского, д. 15а                             |1241.3   |Максимальная площадь|
|Нижегородская область                |Нижний Новгород          |ул. Звездинка, д. 20б                              |199115.0 |Максимальная площадь|
|Республика Северная Осетия-Алания    |Владикавказ              |ул. Астана Кесаева, д. 37                          |21311.09 |Максимальная площадь|
|Приморский край                      |Владивосток              |ул. Леонова, д. 66                                 |41085.9  |Максимальная площадь|
|Запорожская область                  |Мелитополь               |ул. А.Невского, д. 4                               |3347.7   |Максимальная площадь|
|Еврейская автономная область         |Биробиджан               |пр-кт. 60-летия СССР, д. 11.                       |14884.0  |Максимальная площадь|
|Воронежская область                  |Воронеж                  |ул. Урывского, д. 9                                |198476.7 |Максимальная площадь|
+-------------------------------------+-------------------------+---------------------------------------------------+---------+--------------------+
[2025-10-07T12:49:41.445+0000] {logging_mixin.py:188} INFO - Количество зданий по десятилетиям
[2025-10-07T12:49:49.590+0000] {logging_mixin.py:188} INFO - +--------+---------+
|year_tmp|count_obj|
+--------+---------+
|1030    |1        |
|1050    |4        |
|1060    |5        |
|1070    |8        |
|1080    |1        |
|1090    |2        |
|11 0    |1        |
|1110    |1        |
|1180    |1        |
|1190    |9        |
|1220    |1        |
|1270    |2        |
|1350    |1        |
|1390    |1        |
|1490    |2        |
|1530    |1        |
|1550    |3        |
|1590    |1        |
|1640    |10       |
|1650    |29       |
|1660    |3        |
|1670    |2        |
|1680    |3        |
|1690    |26       |
|1720    |2        |
|1730    |1        |
|1750    |7        |
|1760    |1        |
|1770    |7        |
|1780    |7        |
|1790    |27       |
|1800    |22       |
|1810    |16       |
|1820    |47       |
|1830    |68       |
|1840    |72       |
|1850    |124      |
|1860    |185      |
|1870    |375      |
|1880    |682      |
|1890    |1180     |
|1900    |2581     |
|1910    |13366    |
|1920    |4613     |
|1930    |12309    |
|1940    |18444    |
|1950    |81540    |
|1960    |108225   |
|1970    |94403    |
|1980    |88118    |
+--------+---------+
only showing top 50 rows
[2025-10-07T12:49:49.591+0000] {logging_mixin.py:188} INFO - Данные успешно записаны в таблицу city_house
[2025-10-07T12:49:49.806+0000] {logging_mixin.py:188} INFO - Данные из ClickHouse, топ 25 домов, у которых площадь больше 60 кв.м
[2025-10-07T12:49:50.240+0000] {logging_mixin.py:188} INFO - +--------------------------------------+---------+
|address                               |square   |
+--------------------------------------+---------+
|мкр. Дубрава квартал 1, д. 18         |7058900.0|
|мкр. Дубрава квартал 1, д. 19         |6966720.0|
|ул. Солнечная 2-я, д. 28, к. А        |3652010.0|
|ул. Токарей, д. 68                    |1879860.0|
|ул. Старый Гай, д. 6                  |883057.4 |
|пр-кт. Победы, д. 18                  |646910.0 |
|с. Филимоново, ул. Профсоюзная, д. 3  |452520.0 |
|с. Филимоново, ул. Западная, д. 11    |448666.0 |
|с. Филимоново, ул. Луговая, д. 7      |441713.0 |
|с. Филимоново, ул. Трактовая, д. 3    |441350.0 |
|пгт. Февральск, ул. Саянская, д. 4 А  |429720.0 |
|ул. Пионерская, д. 3                  |410203.8 |
|пер. Трехгорный Б., д. 2              |383408.0 |
|ул. Подольских Курсантов, д. 18, к. 1 |335259.0 |
|ул. Свердлова, д. 8, к. а             |313165.6 |
|с. Филимоново, ул. Луговая, д. 4      |270929.0 |
|ул. Баныкина, д. 16В                  |259491.0 |
|наб. Академика Туполева, д. 15        |214075.5 |
|с. Филимоново, ул. Луговая, д. 2      |212432.0 |
|б-р. Маршала Рокоссовского, д. 6, к. 1|202347.1 |
|ул. Маршала Савицкого, д. 18, к. 2    |202034.0 |
|ул. Звездинка, д. 20б                 |199115.0 |
|ул. Урывского, д. 9                   |198476.7 |
|ш. Хорошевское, д. 12                 |198275.3 |
|ул. 40 лет Победы, д. 140             |197757.0 |
+--------------------------------------+---------+
only showing top 25 rows
[2025-10-07T12:49:50.643+0000] {python.py:237} INFO - Done. Returned value was: None
[2025-10-07T12:49:50.644+0000] {taskinstance.py:441} INFO - ::group::Post task execution logs
[2025-10-07T12:49:50.655+0000] {taskinstance.py:1206} INFO - Marking task as SUCCESS. dag_id=main, task_id=run_pyspark_task, run_id=manual__2025-10-07T12:48:30.278914+00:00, execution_date=20251007T124830, start_date=20251007T124830, end_date=20251007T124950
[2025-10-07T12:49:50.697+0000] {local_task_job_runner.py:240} INFO - Task exited with return code 0
[2025-10-07T12:49:50.712+0000] {taskinstance.py:3503} INFO - 0 downstream tasks scheduled from follow-on schedule check
[2025-10-07T12:49:50.715+0000] {local_task_job_runner.py:222} INFO - ::endgroup::
