[2025-10-02T13:14:55.608+0000] {local_task_job_runner.py:120} INFO - ::group::Pre task execution logs
[2025-10-02T13:14:55.625+0000] {taskinstance.py:2076} INFO - Dependencies all met for dep_context=non-requeueable deps ti=<TaskInstance: main.run_write_postgres manual__2025-10-02T13:14:47.296565+00:00 [queued]>
[2025-10-02T13:14:55.632+0000] {taskinstance.py:2076} INFO - Dependencies all met for dep_context=requeueable deps ti=<TaskInstance: main.run_write_postgres manual__2025-10-02T13:14:47.296565+00:00 [queued]>
[2025-10-02T13:14:55.632+0000] {taskinstance.py:2306} INFO - Starting attempt 1 of 1
[2025-10-02T13:14:55.642+0000] {taskinstance.py:2330} INFO - Executing <Task(PythonOperator): run_write_postgres> on 2025-10-02 13:14:47.296565+00:00
[2025-10-02T13:14:55.647+0000] {warnings.py:112} WARNING - /home/***/.local/lib/python3.12/site-packages/***/task/task_runner/standard_task_runner.py:61: DeprecationWarning: This process (pid=7995) is multi-threaded, use of fork() may lead to deadlocks in the child.
  pid = os.fork()

[2025-10-02T13:14:55.649+0000] {standard_task_runner.py:63} INFO - Started process 7997 to run task
[2025-10-02T13:14:55.649+0000] {standard_task_runner.py:90} INFO - Running: ['***', 'tasks', 'run', 'main', 'run_write_postgres', 'manual__2025-10-02T13:14:47.296565+00:00', '--job-id', '96', '--raw', '--subdir', 'DAGS_FOLDER/main.py', '--cfg-path', '/tmp/tmp_xe9dm0e']
[2025-10-02T13:14:55.651+0000] {standard_task_runner.py:91} INFO - Job 96: Subtask run_write_postgres
[2025-10-02T13:14:55.686+0000] {task_command.py:426} INFO - Running <TaskInstance: main.run_write_postgres manual__2025-10-02T13:14:47.296565+00:00 [running]> on host 5adecdfd8c83
[2025-10-02T13:14:55.745+0000] {taskinstance.py:2648} INFO - Exporting env vars: AIRFLOW_CTX_DAG_OWNER='***' AIRFLOW_CTX_DAG_ID='main' AIRFLOW_CTX_TASK_ID='run_write_postgres' AIRFLOW_CTX_EXECUTION_DATE='2025-10-02T13:14:47.296565+00:00' AIRFLOW_CTX_TRY_NUMBER='1' AIRFLOW_CTX_DAG_RUN_ID='manual__2025-10-02T13:14:47.296565+00:00'
[2025-10-02T13:14:55.747+0000] {taskinstance.py:430} INFO - ::endgroup::
[2025-10-02T13:14:59.900+0000] {logging_mixin.py:188} INFO - Empty DataFrame
Columns: []
Index: []
[2025-10-02T13:15:02.067+0000] {logging_mixin.py:188} INFO - +-----+-----+
| Name|Value|
+-----+-----+
|Alice|    1|
|  Bob|    2|
|Cathy|    3|
+-----+-----+
[2025-10-02T13:15:03.032+0000] {python.py:237} INFO - Done. Returned value was: None
[2025-10-02T13:15:03.033+0000] {taskinstance.py:441} INFO - ::group::Post task execution logs
[2025-10-02T13:15:03.041+0000] {taskinstance.py:1206} INFO - Marking task as SUCCESS. dag_id=main, task_id=run_write_postgres, run_id=manual__2025-10-02T13:14:47.296565+00:00, execution_date=20251002T131447, start_date=20251002T131455, end_date=20251002T131503
[2025-10-02T13:15:03.086+0000] {local_task_job_runner.py:240} INFO - Task exited with return code 0
[2025-10-02T13:15:03.097+0000] {taskinstance.py:3503} INFO - 0 downstream tasks scheduled from follow-on schedule check
[2025-10-02T13:15:03.099+0000] {local_task_job_runner.py:222} INFO - ::endgroup::
