[2025-10-02T12:49:13.758+0000] {local_task_job_runner.py:120} INFO - ::group::Pre task execution logs
[2025-10-02T12:49:13.778+0000] {taskinstance.py:2076} INFO - Dependencies all met for dep_context=non-requeueable deps ti=<TaskInstance: main.run_pyspark_postgres manual__2025-10-02T12:49:13.161354+00:00 [queued]>
[2025-10-02T12:49:13.784+0000] {taskinstance.py:2076} INFO - Dependencies all met for dep_context=requeueable deps ti=<TaskInstance: main.run_pyspark_postgres manual__2025-10-02T12:49:13.161354+00:00 [queued]>
[2025-10-02T12:49:13.785+0000] {taskinstance.py:2306} INFO - Starting attempt 1 of 1
[2025-10-02T12:49:13.797+0000] {taskinstance.py:2330} INFO - Executing <Task(PythonOperator): run_pyspark_postgres> on 2025-10-02 12:49:13.161354+00:00
[2025-10-02T12:49:13.803+0000] {warnings.py:112} WARNING - /home/***/.local/lib/python3.12/site-packages/***/task/task_runner/standard_task_runner.py:61: DeprecationWarning: This process (pid=5899) is multi-threaded, use of fork() may lead to deadlocks in the child.
  pid = os.fork()

[2025-10-02T12:49:13.804+0000] {standard_task_runner.py:63} INFO - Started process 5900 to run task
[2025-10-02T12:49:13.804+0000] {standard_task_runner.py:90} INFO - Running: ['***', 'tasks', 'run', 'main', 'run_pyspark_postgres', 'manual__2025-10-02T12:49:13.161354+00:00', '--job-id', '87', '--raw', '--subdir', 'DAGS_FOLDER/main.py', '--cfg-path', '/tmp/tmpslwaxed8']
[2025-10-02T12:49:13.806+0000] {standard_task_runner.py:91} INFO - Job 87: Subtask run_pyspark_postgres
[2025-10-02T12:49:13.845+0000] {task_command.py:426} INFO - Running <TaskInstance: main.run_pyspark_postgres manual__2025-10-02T12:49:13.161354+00:00 [running]> on host 5adecdfd8c83
[2025-10-02T12:49:13.916+0000] {taskinstance.py:2648} INFO - Exporting env vars: AIRFLOW_CTX_DAG_OWNER='***' AIRFLOW_CTX_DAG_ID='main' AIRFLOW_CTX_TASK_ID='run_pyspark_postgres' AIRFLOW_CTX_EXECUTION_DATE='2025-10-02T12:49:13.161354+00:00' AIRFLOW_CTX_TRY_NUMBER='1' AIRFLOW_CTX_DAG_RUN_ID='manual__2025-10-02T12:49:13.161354+00:00'
[2025-10-02T12:49:13.917+0000] {taskinstance.py:430} INFO - ::endgroup::
[2025-10-02T12:49:19.092+0000] {logging_mixin.py:188} INFO - +-------+-------+
|column1|column2|
+-------+-------+
|      1|    cat|
+-------+-------+
[2025-10-02T12:49:19.379+0000] {python.py:237} INFO - Done. Returned value was: None
[2025-10-02T12:49:19.381+0000] {taskinstance.py:441} INFO - ::group::Post task execution logs
[2025-10-02T12:49:19.396+0000] {taskinstance.py:1206} INFO - Marking task as SUCCESS. dag_id=main, task_id=run_pyspark_postgres, run_id=manual__2025-10-02T12:49:13.161354+00:00, execution_date=20251002T124913, start_date=20251002T124913, end_date=20251002T124919
[2025-10-02T12:49:19.435+0000] {local_task_job_runner.py:240} INFO - Task exited with return code 0
[2025-10-02T12:49:19.451+0000] {taskinstance.py:3503} INFO - 1 downstream tasks scheduled from follow-on schedule check
[2025-10-02T12:49:19.456+0000] {local_task_job_runner.py:222} INFO - ::endgroup::
