[2025-10-02T13:40:48.063+0000] {local_task_job_runner.py:120} INFO - ::group::Pre task execution logs
[2025-10-02T13:40:48.077+0000] {taskinstance.py:2076} INFO - Dependencies all met for dep_context=non-requeueable deps ti=<TaskInstance: main.run_pyspark_postgres manual__2025-10-02T13:40:46.801278+00:00 [queued]>
[2025-10-02T13:40:48.084+0000] {taskinstance.py:2076} INFO - Dependencies all met for dep_context=requeueable deps ti=<TaskInstance: main.run_pyspark_postgres manual__2025-10-02T13:40:46.801278+00:00 [queued]>
[2025-10-02T13:40:48.086+0000] {taskinstance.py:2306} INFO - Starting attempt 1 of 1
[2025-10-02T13:40:48.097+0000] {taskinstance.py:2330} INFO - Executing <Task(PythonOperator): run_pyspark_postgres> on 2025-10-02 13:40:46.801278+00:00
[2025-10-02T13:40:48.102+0000] {warnings.py:112} WARNING - /home/***/.local/lib/python3.12/site-packages/***/task/task_runner/standard_task_runner.py:61: DeprecationWarning: This process (pid=11697) is multi-threaded, use of fork() may lead to deadlocks in the child.
  pid = os.fork()

[2025-10-02T13:40:48.104+0000] {standard_task_runner.py:63} INFO - Started process 11699 to run task
[2025-10-02T13:40:48.104+0000] {standard_task_runner.py:90} INFO - Running: ['***', 'tasks', 'run', 'main', 'run_pyspark_postgres', 'manual__2025-10-02T13:40:46.801278+00:00', '--job-id', '111', '--raw', '--subdir', 'DAGS_FOLDER/main.py', '--cfg-path', '/tmp/tmpoveuddwc']
[2025-10-02T13:40:48.105+0000] {standard_task_runner.py:91} INFO - Job 111: Subtask run_pyspark_postgres
[2025-10-02T13:40:48.139+0000] {task_command.py:426} INFO - Running <TaskInstance: main.run_pyspark_postgres manual__2025-10-02T13:40:46.801278+00:00 [running]> on host 5adecdfd8c83
[2025-10-02T13:40:48.208+0000] {taskinstance.py:2648} INFO - Exporting env vars: AIRFLOW_CTX_DAG_OWNER='***' AIRFLOW_CTX_DAG_ID='main' AIRFLOW_CTX_TASK_ID='run_pyspark_postgres' AIRFLOW_CTX_EXECUTION_DATE='2025-10-02T13:40:46.801278+00:00' AIRFLOW_CTX_TRY_NUMBER='1' AIRFLOW_CTX_DAG_RUN_ID='manual__2025-10-02T13:40:46.801278+00:00'
[2025-10-02T13:40:48.210+0000] {taskinstance.py:430} INFO - ::endgroup::
[2025-10-02T13:40:53.466+0000] {logging_mixin.py:188} INFO - +-------+-------+
|column1|column2|
+-------+-------+
|      1|    cat|
+-------+-------+
[2025-10-02T13:40:53.768+0000] {python.py:237} INFO - Done. Returned value was: None
[2025-10-02T13:40:53.769+0000] {taskinstance.py:441} INFO - ::group::Post task execution logs
[2025-10-02T13:40:53.777+0000] {taskinstance.py:1206} INFO - Marking task as SUCCESS. dag_id=main, task_id=run_pyspark_postgres, run_id=manual__2025-10-02T13:40:46.801278+00:00, execution_date=20251002T134046, start_date=20251002T134048, end_date=20251002T134053
[2025-10-02T13:40:53.816+0000] {local_task_job_runner.py:240} INFO - Task exited with return code 0
[2025-10-02T13:40:53.832+0000] {taskinstance.py:3503} INFO - 1 downstream tasks scheduled from follow-on schedule check
[2025-10-02T13:40:53.835+0000] {local_task_job_runner.py:222} INFO - ::endgroup::
