[2025-10-01T10:44:12.923+0000] {local_task_job_runner.py:120} INFO - ::group::Pre task execution logs
[2025-10-01T10:44:12.939+0000] {taskinstance.py:2076} INFO - Dependencies all met for dep_context=non-requeueable deps ti=<TaskInstance: main.run_pyspark_task manual__2025-10-01T10:44:11.553314+00:00 [queued]>
[2025-10-01T10:44:12.950+0000] {taskinstance.py:2076} INFO - Dependencies all met for dep_context=requeueable deps ti=<TaskInstance: main.run_pyspark_task manual__2025-10-01T10:44:11.553314+00:00 [queued]>
[2025-10-01T10:44:12.951+0000] {taskinstance.py:2306} INFO - Starting attempt 1 of 1
[2025-10-01T10:44:12.964+0000] {taskinstance.py:2330} INFO - Executing <Task(PythonOperator): run_pyspark_task> on 2025-10-01 10:44:11.553314+00:00
[2025-10-01T10:44:12.969+0000] {warnings.py:112} WARNING - /home/***/.local/lib/python3.12/site-packages/***/task/task_runner/standard_task_runner.py:61: DeprecationWarning: This process (pid=243) is multi-threaded, use of fork() may lead to deadlocks in the child.
  pid = os.fork()

[2025-10-01T10:44:12.970+0000] {standard_task_runner.py:63} INFO - Started process 244 to run task
[2025-10-01T10:44:12.970+0000] {standard_task_runner.py:90} INFO - Running: ['***', 'tasks', 'run', 'main', 'run_pyspark_task', 'manual__2025-10-01T10:44:11.553314+00:00', '--job-id', '32', '--raw', '--subdir', 'DAGS_FOLDER/main.py', '--cfg-path', '/tmp/tmp026_o4y7']
[2025-10-01T10:44:12.971+0000] {standard_task_runner.py:91} INFO - Job 32: Subtask run_pyspark_task
[2025-10-01T10:44:13.005+0000] {task_command.py:426} INFO - Running <TaskInstance: main.run_pyspark_task manual__2025-10-01T10:44:11.553314+00:00 [running]> on host 8f02716048bd
[2025-10-01T10:44:13.066+0000] {taskinstance.py:2648} INFO - Exporting env vars: AIRFLOW_CTX_DAG_OWNER='***' AIRFLOW_CTX_DAG_ID='main' AIRFLOW_CTX_TASK_ID='run_pyspark_task' AIRFLOW_CTX_EXECUTION_DATE='2025-10-01T10:44:11.553314+00:00' AIRFLOW_CTX_TRY_NUMBER='1' AIRFLOW_CTX_DAG_RUN_ID='manual__2025-10-01T10:44:11.553314+00:00'
[2025-10-01T10:44:13.067+0000] {taskinstance.py:430} INFO - ::endgroup::
[2025-10-01T10:44:21.703+0000] {logging_mixin.py:188} INFO - 590707
[2025-10-01T10:44:21.759+0000] {python.py:237} INFO - Done. Returned value was: None
[2025-10-01T10:44:21.761+0000] {taskinstance.py:441} INFO - ::group::Post task execution logs
[2025-10-01T10:44:21.769+0000] {taskinstance.py:1206} INFO - Marking task as SUCCESS. dag_id=main, task_id=run_pyspark_task, run_id=manual__2025-10-01T10:44:11.553314+00:00, execution_date=20251001T104411, start_date=20251001T104412, end_date=20251001T104421
[2025-10-01T10:44:21.811+0000] {local_task_job_runner.py:240} INFO - Task exited with return code 0
[2025-10-01T10:44:21.823+0000] {taskinstance.py:3503} INFO - 0 downstream tasks scheduled from follow-on schedule check
[2025-10-01T10:44:21.824+0000] {local_task_job_runner.py:222} INFO - ::endgroup::
