[2025-10-02T14:18:46.099+0000] {local_task_job_runner.py:120} INFO - ::group::Pre task execution logs
[2025-10-02T14:18:46.114+0000] {taskinstance.py:2076} INFO - Dependencies all met for dep_context=non-requeueable deps ti=<TaskInstance: main.run_pyspark_postgres manual__2025-10-02T14:18:44.558191+00:00 [queued]>
[2025-10-02T14:18:46.119+0000] {taskinstance.py:2076} INFO - Dependencies all met for dep_context=requeueable deps ti=<TaskInstance: main.run_pyspark_postgres manual__2025-10-02T14:18:44.558191+00:00 [queued]>
[2025-10-02T14:18:46.119+0000] {taskinstance.py:2306} INFO - Starting attempt 1 of 1
[2025-10-02T14:18:46.131+0000] {taskinstance.py:2330} INFO - Executing <Task(PythonOperator): run_pyspark_postgres> on 2025-10-02 14:18:44.558191+00:00
[2025-10-02T14:18:46.136+0000] {warnings.py:112} WARNING - /home/***/.local/lib/python3.12/site-packages/***/task/task_runner/standard_task_runner.py:61: DeprecationWarning: This process (pid=13562) is multi-threaded, use of fork() may lead to deadlocks in the child.
  pid = os.fork()

[2025-10-02T14:18:46.139+0000] {standard_task_runner.py:63} INFO - Started process 13564 to run task
[2025-10-02T14:18:46.138+0000] {standard_task_runner.py:90} INFO - Running: ['***', 'tasks', 'run', 'main', 'run_pyspark_postgres', 'manual__2025-10-02T14:18:44.558191+00:00', '--job-id', '117', '--raw', '--subdir', 'DAGS_FOLDER/main.py', '--cfg-path', '/tmp/tmpgbrpz59s']
[2025-10-02T14:18:46.140+0000] {standard_task_runner.py:91} INFO - Job 117: Subtask run_pyspark_postgres
[2025-10-02T14:18:46.172+0000] {task_command.py:426} INFO - Running <TaskInstance: main.run_pyspark_postgres manual__2025-10-02T14:18:44.558191+00:00 [running]> on host 5adecdfd8c83
[2025-10-02T14:18:46.234+0000] {taskinstance.py:2648} INFO - Exporting env vars: AIRFLOW_CTX_DAG_OWNER='***' AIRFLOW_CTX_DAG_ID='main' AIRFLOW_CTX_TASK_ID='run_pyspark_postgres' AIRFLOW_CTX_EXECUTION_DATE='2025-10-02T14:18:44.558191+00:00' AIRFLOW_CTX_TRY_NUMBER='1' AIRFLOW_CTX_DAG_RUN_ID='manual__2025-10-02T14:18:44.558191+00:00'
[2025-10-02T14:18:46.235+0000] {taskinstance.py:430} INFO - ::endgroup::
[2025-10-02T14:18:51.033+0000] {logging_mixin.py:188} INFO - +-------+-------+
|column1|column2|
+-------+-------+
|      1|    cat|
+-------+-------+
[2025-10-02T14:18:51.495+0000] {python.py:237} INFO - Done. Returned value was: None
[2025-10-02T14:18:51.498+0000] {taskinstance.py:441} INFO - ::group::Post task execution logs
[2025-10-02T14:18:51.513+0000] {taskinstance.py:1206} INFO - Marking task as SUCCESS. dag_id=main, task_id=run_pyspark_postgres, run_id=manual__2025-10-02T14:18:44.558191+00:00, execution_date=20251002T141844, start_date=20251002T141846, end_date=20251002T141851
[2025-10-02T14:18:51.565+0000] {local_task_job_runner.py:240} INFO - Task exited with return code 0
[2025-10-02T14:18:51.580+0000] {taskinstance.py:3503} INFO - 1 downstream tasks scheduled from follow-on schedule check
[2025-10-02T14:18:51.583+0000] {local_task_job_runner.py:222} INFO - ::endgroup::
