[2025-10-07T12:20:20.815+0000] {local_task_job_runner.py:120} INFO - ::group::Pre task execution logs
[2025-10-07T12:20:20.830+0000] {taskinstance.py:2076} INFO - Dependencies all met for dep_context=non-requeueable deps ti=<TaskInstance: main.run_pyspark_task manual__2025-10-07T12:20:19.708186+00:00 [queued]>
[2025-10-07T12:20:20.836+0000] {taskinstance.py:2076} INFO - Dependencies all met for dep_context=requeueable deps ti=<TaskInstance: main.run_pyspark_task manual__2025-10-07T12:20:19.708186+00:00 [queued]>
[2025-10-07T12:20:20.836+0000] {taskinstance.py:2306} INFO - Starting attempt 1 of 1
[2025-10-07T12:20:20.848+0000] {taskinstance.py:2330} INFO - Executing <Task(PythonOperator): run_pyspark_task> on 2025-10-07 12:20:19.708186+00:00
[2025-10-07T12:20:20.853+0000] {warnings.py:112} WARNING - /home/***/.local/lib/python3.12/site-packages/***/task/task_runner/standard_task_runner.py:61: DeprecationWarning: This process (pid=3404) is multi-threaded, use of fork() may lead to deadlocks in the child.
  pid = os.fork()

[2025-10-07T12:20:20.855+0000] {standard_task_runner.py:63} INFO - Started process 3406 to run task
[2025-10-07T12:20:20.855+0000] {standard_task_runner.py:90} INFO - Running: ['***', 'tasks', 'run', 'main', 'run_pyspark_task', 'manual__2025-10-07T12:20:19.708186+00:00', '--job-id', '170', '--raw', '--subdir', 'DAGS_FOLDER/main.py', '--cfg-path', '/tmp/tmpbq7io9r4']
[2025-10-07T12:20:20.857+0000] {standard_task_runner.py:91} INFO - Job 170: Subtask run_pyspark_task
[2025-10-07T12:20:20.888+0000] {task_command.py:426} INFO - Running <TaskInstance: main.run_pyspark_task manual__2025-10-07T12:20:19.708186+00:00 [running]> on host 5adecdfd8c83
[2025-10-07T12:20:20.948+0000] {taskinstance.py:2648} INFO - Exporting env vars: AIRFLOW_CTX_DAG_OWNER='***' AIRFLOW_CTX_DAG_ID='main' AIRFLOW_CTX_TASK_ID='run_pyspark_task' AIRFLOW_CTX_EXECUTION_DATE='2025-10-07T12:20:19.708186+00:00' AIRFLOW_CTX_TRY_NUMBER='1' AIRFLOW_CTX_DAG_RUN_ID='manual__2025-10-07T12:20:19.708186+00:00'
[2025-10-07T12:20:20.949+0000] {taskinstance.py:430} INFO - ::endgroup::
[2025-10-07T12:20:33.006+0000] {logging_mixin.py:188} INFO - +--------+------------------+------------------+----------------+--------+----------+-------------------+--------------------+--------------------+--------------------+-------------------+--------------------+
|house_id|          latitude|         longitude|maintenance_year|  square|population|             region|       locality_name|             address|        full_address|communal_service_id|         description|
+--------+------------------+------------------+----------------+--------+----------+-------------------+--------------------+--------------------+--------------------+-------------------+--------------------+
|       1|         44.707617|         43.006476|            1974|2 661.10|        89|Ставропольский край|село Александровское|с. Александровско...|Ставропольский кр...|                1.0|Жилой дом в , по ...|
|       2|44.706720000000004|         43.005281|            1989|3 111.10|       115|Ставропольский край|село Александровское|с. Александровско...|Ставропольский кр...|                1.0|Жилой дом в , по ...|
|       3|         44.708302|43.006665000000005|            1977|2 896.04|        89|Ставропольский край|село Александровское|с. Александровско...|Ставропольский кр...|                1.0|Жилой дом в , по ...|
|       5|44.711946999999995|          42.97358|            1978|1 061.92|        26|Ставропольский край|село Александровское|с. Александровско...|Ставропольский кр...|                1.0|Жилой дом в , по ...|
|       6|         44.707751|         43.005515|            1978|2 688.70|       105|Ставропольский край|село Александровское|с. Александровско...|Ставропольский кр...|                2.0|Жилой дом в , по ...|
|       7|44.711946999999995|          42.97358|            1973|  854.90|        40|Ставропольский край|село Александровское|с. Александровско...|Ставропольский кр...|                3.0|Жилой дом в , по ...|
|       8|44.723622999999996|         42.996864|            1978|  924.40|        31|Ставропольский край|село Александровское|с. Александровско...|Ставропольский кр...|                4.0|Жилой дом в , по ...|
|       9|44.721765999999995|          43.02013|            1974|1 011.30|        38|Ставропольский край|село Александровское|с. Александровско...|Ставропольский кр...|                5.0|Жилой дом в , по ...|
|      10|         44.710557|         43.000278|            1963|  621.21|        20|Ставропольский край|село Александровское|с. Александровско...|Ставропольский кр...|                6.0|Жилой дом в , по ...|
|      11|44.724903999999995|         43.003359|            1972|  681.60|        26|Ставропольский край|село Александровское|с. Александровско...|Ставропольский кр...|                7.0|Жилой дом в , по ...|
+--------+------------------+------------------+----------------+--------+----------+-------------------+--------------------+--------------------+--------------------+-------------------+--------------------+
only showing top 10 rows
[2025-10-07T12:20:40.673+0000] {logging_mixin.py:188} INFO - Количество строк загруженных из файла 507914
[2025-10-07T12:20:40.676+0000] {logging_mixin.py:188} INFO - root
 |-- house_id: integer (nullable = true)
 |-- latitude: double (nullable = true)
 |-- longitude: double (nullable = true)
 |-- maintenance_year: string (nullable = true)
 |-- square: string (nullable = true)
 |-- population: string (nullable = true)
 |-- region: string (nullable = true)
 |-- locality_name: string (nullable = true)
 |-- address: string (nullable = true)
 |-- full_address: string (nullable = true)
 |-- communal_service_id: string (nullable = true)
 |-- description: string (nullable = true)
[2025-10-07T12:20:40.724+0000] {logging_mixin.py:188} INFO - root
 |-- house_id: integer (nullable = true)
 |-- latitude: float (nullable = true)
 |-- longitude: float (nullable = true)
 |-- maintenance_year: integer (nullable = true)
 |-- square: float (nullable = true)
 |-- population: integer (nullable = false)
 |-- region: string (nullable = true)
 |-- locality_name: string (nullable = true)
 |-- address: string (nullable = true)
 |-- full_address: string (nullable = true)
 |-- communal_service_id: integer (nullable = true)
 |-- description: string (nullable = true)
[2025-10-07T12:20:41.361+0000] {taskinstance.py:441} INFO - ::group::Post task execution logs
[2025-10-07T12:20:41.362+0000] {taskinstance.py:2905} ERROR - Task failed with exception
Traceback (most recent call last):
  File "/home/airflow/.local/lib/python3.12/site-packages/airflow/models/taskinstance.py", line 465, in _execute_task
    result = _execute_callable(context=context, **execute_callable_kwargs)
             ^^^^^^^^^^^^^^^^^^^^^^^^^^^^^^^^^^^^^^^^^^^^^^^^^^^^^^^^^^^^^
  File "/home/airflow/.local/lib/python3.12/site-packages/airflow/models/taskinstance.py", line 432, in _execute_callable
    return execute_callable(context=context, **execute_callable_kwargs)
           ^^^^^^^^^^^^^^^^^^^^^^^^^^^^^^^^^^^^^^^^^^^^^^^^^^^^^^^^^^^^
  File "/home/airflow/.local/lib/python3.12/site-packages/airflow/models/baseoperator.py", line 401, in wrapper
    return func(self, *args, **kwargs)
           ^^^^^^^^^^^^^^^^^^^^^^^^^^^
  File "/home/airflow/.local/lib/python3.12/site-packages/airflow/operators/python.py", line 235, in execute
    return_value = self.execute_callable()
                   ^^^^^^^^^^^^^^^^^^^^^^^
  File "/home/airflow/.local/lib/python3.12/site-packages/airflow/operators/python.py", line 252, in execute_callable
    return self.python_callable(*self.op_args, **self.op_kwargs)
           ^^^^^^^^^^^^^^^^^^^^^^^^^^^^^^^^^^^^^^^^^^^^^^^^^^^^^
  File "/opt/airflow/dags/main.py", line 78, in run_spark_job
    df_casttype.write.jdbc(url=jdbc_url, table="default.city_house", mode="append", properties=connection_properties)
  File "/home/airflow/.local/lib/python3.12/site-packages/pyspark/sql/readwriter.py", line 1919, in jdbc
    self.mode(mode)._jwrite.jdbc(url, table, jprop)
  File "/opt/spark/spark-3.4.2-bin-hadoop3/python/lib/py4j-0.10.9.7-src.zip/py4j/java_gateway.py", line 1322, in __call__
    return_value = get_return_value(
                   ^^^^^^^^^^^^^^^^^
  File "/home/airflow/.local/lib/python3.12/site-packages/pyspark/errors/exceptions/captured.py", line 169, in deco
    return f(*a, **kw)
           ^^^^^^^^^^^
  File "/opt/spark/spark-3.4.2-bin-hadoop3/python/lib/py4j-0.10.9.7-src.zip/py4j/protocol.py", line 326, in get_return_value
    raise Py4JJavaError(
py4j.protocol.Py4JJavaError: An error occurred while calling o96.jdbc.
: org.apache.spark.SparkException: Job aborted due to stage failure: Task 0 in stage 6.0 failed 1 times, most recent failure: Lost task 0.0 in stage 6.0 (TID 5) (5adecdfd8c83 executor driver): java.sql.SQLException: Cannot set null to non-nullable column #5 [square Float32]
	at com.clickhouse.jdbc.SqlExceptionUtils.clientError(SqlExceptionUtils.java:73)
	at com.clickhouse.jdbc.internal.InputBasedPreparedStatement.addBatch(InputBasedPreparedStatement.java:340)
	at org.apache.spark.sql.execution.datasources.jdbc.JdbcUtils$.savePartition(JdbcUtils.scala:731)
	at org.apache.spark.sql.execution.datasources.jdbc.JdbcUtils$.$anonfun$saveTable$1(JdbcUtils.scala:891)
	at org.apache.spark.sql.execution.datasources.jdbc.JdbcUtils$.$anonfun$saveTable$1$adapted(JdbcUtils.scala:890)
	at org.apache.spark.rdd.RDD.$anonfun$foreachPartition$2(RDD.scala:1009)
	at org.apache.spark.rdd.RDD.$anonfun$foreachPartition$2$adapted(RDD.scala:1009)
	at org.apache.spark.SparkContext.$anonfun$runJob$5(SparkContext.scala:2303)
	at org.apache.spark.scheduler.ResultTask.runTask(ResultTask.scala:92)
	at org.apache.spark.TaskContext.runTaskWithListeners(TaskContext.scala:161)
	at org.apache.spark.scheduler.Task.run(Task.scala:139)
	at org.apache.spark.executor.Executor$TaskRunner.$anonfun$run$3(Executor.scala:554)
	at org.apache.spark.util.Utils$.tryWithSafeFinally(Utils.scala:1529)
	at org.apache.spark.executor.Executor$TaskRunner.run(Executor.scala:557)
	at java.base/java.util.concurrent.ThreadPoolExecutor.runWorker(ThreadPoolExecutor.java:1136)
	at java.base/java.util.concurrent.ThreadPoolExecutor$Worker.run(ThreadPoolExecutor.java:635)
	at java.base/java.lang.Thread.run(Thread.java:840)

Driver stacktrace:
	at org.apache.spark.scheduler.DAGScheduler.failJobAndIndependentStages(DAGScheduler.scala:2785)
	at org.apache.spark.scheduler.DAGScheduler.$anonfun$abortStage$2(DAGScheduler.scala:2721)
	at org.apache.spark.scheduler.DAGScheduler.$anonfun$abortStage$2$adapted(DAGScheduler.scala:2720)
	at scala.collection.mutable.ResizableArray.foreach(ResizableArray.scala:62)
	at scala.collection.mutable.ResizableArray.foreach$(ResizableArray.scala:55)
	at scala.collection.mutable.ArrayBuffer.foreach(ArrayBuffer.scala:49)
	at org.apache.spark.scheduler.DAGScheduler.abortStage(DAGScheduler.scala:2720)
	at org.apache.spark.scheduler.DAGScheduler.$anonfun$handleTaskSetFailed$1(DAGScheduler.scala:1206)
	at org.apache.spark.scheduler.DAGScheduler.$anonfun$handleTaskSetFailed$1$adapted(DAGScheduler.scala:1206)
	at scala.Option.foreach(Option.scala:407)
	at org.apache.spark.scheduler.DAGScheduler.handleTaskSetFailed(DAGScheduler.scala:1206)
	at org.apache.spark.scheduler.DAGSchedulerEventProcessLoop.doOnReceive(DAGScheduler.scala:2984)
	at org.apache.spark.scheduler.DAGSchedulerEventProcessLoop.onReceive(DAGScheduler.scala:2923)
	at org.apache.spark.scheduler.DAGSchedulerEventProcessLoop.onReceive(DAGScheduler.scala:2912)
	at org.apache.spark.util.EventLoop$$anon$1.run(EventLoop.scala:49)
	at org.apache.spark.scheduler.DAGScheduler.runJob(DAGScheduler.scala:971)
	at org.apache.spark.SparkContext.runJob(SparkContext.scala:2263)
	at org.apache.spark.SparkContext.runJob(SparkContext.scala:2284)
	at org.apache.spark.SparkContext.runJob(SparkContext.scala:2303)
	at org.apache.spark.SparkContext.runJob(SparkContext.scala:2328)
	at org.apache.spark.rdd.RDD.$anonfun$foreachPartition$1(RDD.scala:1009)
	at org.apache.spark.rdd.RDDOperationScope$.withScope(RDDOperationScope.scala:151)
	at org.apache.spark.rdd.RDDOperationScope$.withScope(RDDOperationScope.scala:112)
	at org.apache.spark.rdd.RDD.withScope(RDD.scala:405)
	at org.apache.spark.rdd.RDD.foreachPartition(RDD.scala:1007)
	at org.apache.spark.sql.execution.datasources.jdbc.JdbcUtils$.saveTable(JdbcUtils.scala:890)
	at org.apache.spark.sql.execution.datasources.jdbc.JdbcRelationProvider.createRelation(JdbcRelationProvider.scala:70)
	at org.apache.spark.sql.execution.datasources.SaveIntoDataSourceCommand.run(SaveIntoDataSourceCommand.scala:47)
	at org.apache.spark.sql.execution.command.ExecutedCommandExec.sideEffectResult$lzycompute(commands.scala:75)
	at org.apache.spark.sql.execution.command.ExecutedCommandExec.sideEffectResult(commands.scala:73)
	at org.apache.spark.sql.execution.command.ExecutedCommandExec.executeCollect(commands.scala:84)
	at org.apache.spark.sql.execution.QueryExecution$$anonfun$eagerlyExecuteCommands$1.$anonfun$applyOrElse$1(QueryExecution.scala:98)
	at org.apache.spark.sql.execution.SQLExecution$.$anonfun$withNewExecutionId$6(SQLExecution.scala:118)
	at org.apache.spark.sql.execution.SQLExecution$.withSQLConfPropagated(SQLExecution.scala:195)
	at org.apache.spark.sql.execution.SQLExecution$.$anonfun$withNewExecutionId$1(SQLExecution.scala:103)
	at org.apache.spark.sql.SparkSession.withActive(SparkSession.scala:827)
	at org.apache.spark.sql.execution.SQLExecution$.withNewExecutionId(SQLExecution.scala:65)
	at org.apache.spark.sql.execution.QueryExecution$$anonfun$eagerlyExecuteCommands$1.applyOrElse(QueryExecution.scala:98)
	at org.apache.spark.sql.execution.QueryExecution$$anonfun$eagerlyExecuteCommands$1.applyOrElse(QueryExecution.scala:94)
	at org.apache.spark.sql.catalyst.trees.TreeNode.$anonfun$transformDownWithPruning$1(TreeNode.scala:512)
	at org.apache.spark.sql.catalyst.trees.CurrentOrigin$.withOrigin(TreeNode.scala:104)
	at org.apache.spark.sql.catalyst.trees.TreeNode.transformDownWithPruning(TreeNode.scala:512)
	at org.apache.spark.sql.catalyst.plans.logical.LogicalPlan.org$apache$spark$sql$catalyst$plans$logical$AnalysisHelper$$super$transformDownWithPruning(LogicalPlan.scala:31)
	at org.apache.spark.sql.catalyst.plans.logical.AnalysisHelper.transformDownWithPruning(AnalysisHelper.scala:267)
	at org.apache.spark.sql.catalyst.plans.logical.AnalysisHelper.transformDownWithPruning$(AnalysisHelper.scala:263)
	at org.apache.spark.sql.catalyst.plans.logical.LogicalPlan.transformDownWithPruning(LogicalPlan.scala:31)
	at org.apache.spark.sql.catalyst.plans.logical.LogicalPlan.transformDownWithPruning(LogicalPlan.scala:31)
	at org.apache.spark.sql.catalyst.trees.TreeNode.transformDown(TreeNode.scala:488)
	at org.apache.spark.sql.execution.QueryExecution.eagerlyExecuteCommands(QueryExecution.scala:94)
	at org.apache.spark.sql.execution.QueryExecution.commandExecuted$lzycompute(QueryExecution.scala:81)
	at org.apache.spark.sql.execution.QueryExecution.commandExecuted(QueryExecution.scala:79)
	at org.apache.spark.sql.execution.QueryExecution.assertCommandExecuted(QueryExecution.scala:133)
	at org.apache.spark.sql.DataFrameWriter.runCommand(DataFrameWriter.scala:856)
	at org.apache.spark.sql.DataFrameWriter.saveToV1Source(DataFrameWriter.scala:387)
	at org.apache.spark.sql.DataFrameWriter.saveInternal(DataFrameWriter.scala:360)
	at org.apache.spark.sql.DataFrameWriter.save(DataFrameWriter.scala:247)
	at org.apache.spark.sql.DataFrameWriter.jdbc(DataFrameWriter.scala:753)
	at java.base/jdk.internal.reflect.NativeMethodAccessorImpl.invoke0(Native Method)
	at java.base/jdk.internal.reflect.NativeMethodAccessorImpl.invoke(NativeMethodAccessorImpl.java:77)
	at java.base/jdk.internal.reflect.DelegatingMethodAccessorImpl.invoke(DelegatingMethodAccessorImpl.java:43)
	at java.base/java.lang.reflect.Method.invoke(Method.java:569)
	at py4j.reflection.MethodInvoker.invoke(MethodInvoker.java:244)
	at py4j.reflection.ReflectionEngine.invoke(ReflectionEngine.java:374)
	at py4j.Gateway.invoke(Gateway.java:282)
	at py4j.commands.AbstractCommand.invokeMethod(AbstractCommand.java:132)
	at py4j.commands.CallCommand.execute(CallCommand.java:79)
	at py4j.ClientServerConnection.waitForCommands(ClientServerConnection.java:182)
	at py4j.ClientServerConnection.run(ClientServerConnection.java:106)
	at java.base/java.lang.Thread.run(Thread.java:840)
Caused by: java.sql.SQLException: Cannot set null to non-nullable column #5 [square Float32]
	at com.clickhouse.jdbc.SqlExceptionUtils.clientError(SqlExceptionUtils.java:73)
	at com.clickhouse.jdbc.internal.InputBasedPreparedStatement.addBatch(InputBasedPreparedStatement.java:340)
	at org.apache.spark.sql.execution.datasources.jdbc.JdbcUtils$.savePartition(JdbcUtils.scala:731)
	at org.apache.spark.sql.execution.datasources.jdbc.JdbcUtils$.$anonfun$saveTable$1(JdbcUtils.scala:891)
	at org.apache.spark.sql.execution.datasources.jdbc.JdbcUtils$.$anonfun$saveTable$1$adapted(JdbcUtils.scala:890)
	at org.apache.spark.rdd.RDD.$anonfun$foreachPartition$2(RDD.scala:1009)
	at org.apache.spark.rdd.RDD.$anonfun$foreachPartition$2$adapted(RDD.scala:1009)
	at org.apache.spark.SparkContext.$anonfun$runJob$5(SparkContext.scala:2303)
	at org.apache.spark.scheduler.ResultTask.runTask(ResultTask.scala:92)
	at org.apache.spark.TaskContext.runTaskWithListeners(TaskContext.scala:161)
	at org.apache.spark.scheduler.Task.run(Task.scala:139)
	at org.apache.spark.executor.Executor$TaskRunner.$anonfun$run$3(Executor.scala:554)
	at org.apache.spark.util.Utils$.tryWithSafeFinally(Utils.scala:1529)
	at org.apache.spark.executor.Executor$TaskRunner.run(Executor.scala:557)
	at java.base/java.util.concurrent.ThreadPoolExecutor.runWorker(ThreadPoolExecutor.java:1136)
	at java.base/java.util.concurrent.ThreadPoolExecutor$Worker.run(ThreadPoolExecutor.java:635)
	... 1 more

[2025-10-07T12:20:41.430+0000] {taskinstance.py:1206} INFO - Marking task as FAILED. dag_id=main, task_id=run_pyspark_task, run_id=manual__2025-10-07T12:20:19.708186+00:00, execution_date=20251007T122019, start_date=20251007T122020, end_date=20251007T122041
[2025-10-07T12:20:41.452+0000] {standard_task_runner.py:110} ERROR - Failed to execute job 170 for task run_pyspark_task (An error occurred while calling o96.jdbc.
: org.apache.spark.SparkException: Job aborted due to stage failure: Task 0 in stage 6.0 failed 1 times, most recent failure: Lost task 0.0 in stage 6.0 (TID 5) (5adecdfd8c83 executor driver): java.sql.SQLException: Cannot set null to non-nullable column #5 [square Float32]
	at com.clickhouse.jdbc.SqlExceptionUtils.clientError(SqlExceptionUtils.java:73)
	at com.clickhouse.jdbc.internal.InputBasedPreparedStatement.addBatch(InputBasedPreparedStatement.java:340)
	at org.apache.spark.sql.execution.datasources.jdbc.JdbcUtils$.savePartition(JdbcUtils.scala:731)
	at org.apache.spark.sql.execution.datasources.jdbc.JdbcUtils$.$anonfun$saveTable$1(JdbcUtils.scala:891)
	at org.apache.spark.sql.execution.datasources.jdbc.JdbcUtils$.$anonfun$saveTable$1$adapted(JdbcUtils.scala:890)
	at org.apache.spark.rdd.RDD.$anonfun$foreachPartition$2(RDD.scala:1009)
	at org.apache.spark.rdd.RDD.$anonfun$foreachPartition$2$adapted(RDD.scala:1009)
	at org.apache.spark.SparkContext.$anonfun$runJob$5(SparkContext.scala:2303)
	at org.apache.spark.scheduler.ResultTask.runTask(ResultTask.scala:92)
	at org.apache.spark.TaskContext.runTaskWithListeners(TaskContext.scala:161)
	at org.apache.spark.scheduler.Task.run(Task.scala:139)
	at org.apache.spark.executor.Executor$TaskRunner.$anonfun$run$3(Executor.scala:554)
	at org.apache.spark.util.Utils$.tryWithSafeFinally(Utils.scala:1529)
	at org.apache.spark.executor.Executor$TaskRunner.run(Executor.scala:557)
	at java.base/java.util.concurrent.ThreadPoolExecutor.runWorker(ThreadPoolExecutor.java:1136)
	at java.base/java.util.concurrent.ThreadPoolExecutor$Worker.run(ThreadPoolExecutor.java:635)
	at java.base/java.lang.Thread.run(Thread.java:840)

Driver stacktrace:
	at org.apache.spark.scheduler.DAGScheduler.failJobAndIndependentStages(DAGScheduler.scala:2785)
	at org.apache.spark.scheduler.DAGScheduler.$anonfun$abortStage$2(DAGScheduler.scala:2721)
	at org.apache.spark.scheduler.DAGScheduler.$anonfun$abortStage$2$adapted(DAGScheduler.scala:2720)
	at scala.collection.mutable.ResizableArray.foreach(ResizableArray.scala:62)
	at scala.collection.mutable.ResizableArray.foreach$(ResizableArray.scala:55)
	at scala.collection.mutable.ArrayBuffer.foreach(ArrayBuffer.scala:49)
	at org.apache.spark.scheduler.DAGScheduler.abortStage(DAGScheduler.scala:2720)
	at org.apache.spark.scheduler.DAGScheduler.$anonfun$handleTaskSetFailed$1(DAGScheduler.scala:1206)
	at org.apache.spark.scheduler.DAGScheduler.$anonfun$handleTaskSetFailed$1$adapted(DAGScheduler.scala:1206)
	at scala.Option.foreach(Option.scala:407)
	at org.apache.spark.scheduler.DAGScheduler.handleTaskSetFailed(DAGScheduler.scala:1206)
	at org.apache.spark.scheduler.DAGSchedulerEventProcessLoop.doOnReceive(DAGScheduler.scala:2984)
	at org.apache.spark.scheduler.DAGSchedulerEventProcessLoop.onReceive(DAGScheduler.scala:2923)
	at org.apache.spark.scheduler.DAGSchedulerEventProcessLoop.onReceive(DAGScheduler.scala:2912)
	at org.apache.spark.util.EventLoop$$anon$1.run(EventLoop.scala:49)
	at org.apache.spark.scheduler.DAGScheduler.runJob(DAGScheduler.scala:971)
	at org.apache.spark.SparkContext.runJob(SparkContext.scala:2263)
	at org.apache.spark.SparkContext.runJob(SparkContext.scala:2284)
	at org.apache.spark.SparkContext.runJob(SparkContext.scala:2303)
	at org.apache.spark.SparkContext.runJob(SparkContext.scala:2328)
	at org.apache.spark.rdd.RDD.$anonfun$foreachPartition$1(RDD.scala:1009)
	at org.apache.spark.rdd.RDDOperationScope$.withScope(RDDOperationScope.scala:151)
	at org.apache.spark.rdd.RDDOperationScope$.withScope(RDDOperationScope.scala:112)
	at org.apache.spark.rdd.RDD.withScope(RDD.scala:405)
	at org.apache.spark.rdd.RDD.foreachPartition(RDD.scala:1007)
	at org.apache.spark.sql.execution.datasources.jdbc.JdbcUtils$.saveTable(JdbcUtils.scala:890)
	at org.apache.spark.sql.execution.datasources.jdbc.JdbcRelationProvider.createRelation(JdbcRelationProvider.scala:70)
	at org.apache.spark.sql.execution.datasources.SaveIntoDataSourceCommand.run(SaveIntoDataSourceCommand.scala:47)
	at org.apache.spark.sql.execution.command.ExecutedCommandExec.sideEffectResult$lzycompute(commands.scala:75)
	at org.apache.spark.sql.execution.command.ExecutedCommandExec.sideEffectResult(commands.scala:73)
	at org.apache.spark.sql.execution.command.ExecutedCommandExec.executeCollect(commands.scala:84)
	at org.apache.spark.sql.execution.QueryExecution$$anonfun$eagerlyExecuteCommands$1.$anonfun$applyOrElse$1(QueryExecution.scala:98)
	at org.apache.spark.sql.execution.SQLExecution$.$anonfun$withNewExecutionId$6(SQLExecution.scala:118)
	at org.apache.spark.sql.execution.SQLExecution$.withSQLConfPropagated(SQLExecution.scala:195)
	at org.apache.spark.sql.execution.SQLExecution$.$anonfun$withNewExecutionId$1(SQLExecution.scala:103)
	at org.apache.spark.sql.SparkSession.withActive(SparkSession.scala:827)
	at org.apache.spark.sql.execution.SQLExecution$.withNewExecutionId(SQLExecution.scala:65)
	at org.apache.spark.sql.execution.QueryExecution$$anonfun$eagerlyExecuteCommands$1.applyOrElse(QueryExecution.scala:98)
	at org.apache.spark.sql.execution.QueryExecution$$anonfun$eagerlyExecuteCommands$1.applyOrElse(QueryExecution.scala:94)
	at org.apache.spark.sql.catalyst.trees.TreeNode.$anonfun$transformDownWithPruning$1(TreeNode.scala:512)
	at org.apache.spark.sql.catalyst.trees.CurrentOrigin$.withOrigin(TreeNode.scala:104)
	at org.apache.spark.sql.catalyst.trees.TreeNode.transformDownWithPruning(TreeNode.scala:512)
	at org.apache.spark.sql.catalyst.plans.logical.LogicalPlan.org$apache$spark$sql$catalyst$plans$logical$AnalysisHelper$$super$transformDownWithPruning(LogicalPlan.scala:31)
	at org.apache.spark.sql.catalyst.plans.logical.AnalysisHelper.transformDownWithPruning(AnalysisHelper.scala:267)
	at org.apache.spark.sql.catalyst.plans.logical.AnalysisHelper.transformDownWithPruning$(AnalysisHelper.scala:263)
	at org.apache.spark.sql.catalyst.plans.logical.LogicalPlan.transformDownWithPruning(LogicalPlan.scala:31)
	at org.apache.spark.sql.catalyst.plans.logical.LogicalPlan.transformDownWithPruning(LogicalPlan.scala:31)
	at org.apache.spark.sql.catalyst.trees.TreeNode.transformDown(TreeNode.scala:488)
	at org.apache.spark.sql.execution.QueryExecution.eagerlyExecuteCommands(QueryExecution.scala:94)
	at org.apache.spark.sql.execution.QueryExecution.commandExecuted$lzycompute(QueryExecution.scala:81)
	at org.apache.spark.sql.execution.QueryExecution.commandExecuted(QueryExecution.scala:79)
	at org.apache.spark.sql.execution.QueryExecution.assertCommandExecuted(QueryExecution.scala:133)
	at org.apache.spark.sql.DataFrameWriter.runCommand(DataFrameWriter.scala:856)
	at org.apache.spark.sql.DataFrameWriter.saveToV1Source(DataFrameWriter.scala:387)
	at org.apache.spark.sql.DataFrameWriter.saveInternal(DataFrameWriter.scala:360)
	at org.apache.spark.sql.DataFrameWriter.save(DataFrameWriter.scala:247)
	at org.apache.spark.sql.DataFrameWriter.jdbc(DataFrameWriter.scala:753)
	at java.base/jdk.internal.reflect.NativeMethodAccessorImpl.invoke0(Native Method)
	at java.base/jdk.internal.reflect.NativeMethodAccessorImpl.invoke(NativeMethodAccessorImpl.java:77)
	at java.base/jdk.internal.reflect.DelegatingMethodAccessorImpl.invoke(DelegatingMethodAccessorImpl.java:43)
	at java.base/java.lang.reflect.Method.invoke(Method.java:569)
	at py4j.reflection.MethodInvoker.invoke(MethodInvoker.java:244)
	at py4j.reflection.ReflectionEngine.invoke(ReflectionEngine.java:374)
	at py4j.Gateway.invoke(Gateway.java:282)
	at py4j.commands.AbstractCommand.invokeMethod(AbstractCommand.java:132)
	at py4j.commands.CallCommand.execute(CallCommand.java:79)
	at py4j.ClientServerConnection.waitForCommands(ClientServerConnection.java:182)
	at py4j.ClientServerConnection.run(ClientServerConnection.java:106)
	at java.base/java.lang.Thread.run(Thread.java:840)
Caused by: java.sql.SQLException: Cannot set null to non-nullable column #5 [square Float32]
	at com.clickhouse.jdbc.SqlExceptionUtils.clientError(SqlExceptionUtils.java:73)
	at com.clickhouse.jdbc.internal.InputBasedPreparedStatement.addBatch(InputBasedPreparedStatement.java:340)
	at org.apache.spark.sql.execution.datasources.jdbc.JdbcUtils$.savePartition(JdbcUtils.scala:731)
	at org.apache.spark.sql.execution.datasources.jdbc.JdbcUtils$.$anonfun$saveTable$1(JdbcUtils.scala:891)
	at org.apache.spark.sql.execution.datasources.jdbc.JdbcUtils$.$anonfun$saveTable$1$adapted(JdbcUtils.scala:890)
	at org.apache.spark.rdd.RDD.$anonfun$foreachPartition$2(RDD.scala:1009)
	at org.apache.spark.rdd.RDD.$anonfun$foreachPartition$2$adapted(RDD.scala:1009)
	at org.apache.spark.SparkContext.$anonfun$runJob$5(SparkContext.scala:2303)
	at org.apache.spark.scheduler.ResultTask.runTask(ResultTask.scala:92)
	at org.apache.spark.TaskContext.runTaskWithListeners(TaskContext.scala:161)
	at org.apache.spark.scheduler.Task.run(Task.scala:139)
	at org.apache.spark.executor.Executor$TaskRunner.$anonfun$run$3(Executor.scala:554)
	at org.apache.spark.util.Utils$.tryWithSafeFinally(Utils.scala:1529)
	at org.apache.spark.executor.Executor$TaskRunner.run(Executor.scala:557)
	at java.base/java.util.concurrent.ThreadPoolExecutor.runWorker(ThreadPoolExecutor.java:1136)
	at java.base/java.util.concurrent.ThreadPoolExecutor$Worker.run(ThreadPoolExecutor.java:635)
	... 1 more
; 3406)
[2025-10-07T12:20:41.525+0000] {local_task_job_runner.py:240} INFO - Task exited with return code 1
[2025-10-07T12:20:41.538+0000] {taskinstance.py:3503} INFO - 0 downstream tasks scheduled from follow-on schedule check
[2025-10-07T12:20:41.542+0000] {local_task_job_runner.py:222} INFO - ::endgroup::
