[2025-10-02T11:20:54.033+0000] {local_task_job_runner.py:120} INFO - ::group::Pre task execution logs
[2025-10-02T11:20:54.049+0000] {taskinstance.py:2076} INFO - Dependencies all met for dep_context=non-requeueable deps ti=<TaskInstance: main.read_clickhouse_data manual__2025-10-02T11:20:46.689717+00:00 [queued]>
[2025-10-02T11:20:54.054+0000] {taskinstance.py:2076} INFO - Dependencies all met for dep_context=requeueable deps ti=<TaskInstance: main.read_clickhouse_data manual__2025-10-02T11:20:46.689717+00:00 [queued]>
[2025-10-02T11:20:54.055+0000] {taskinstance.py:2306} INFO - Starting attempt 1 of 1
[2025-10-02T11:20:54.066+0000] {taskinstance.py:2330} INFO - Executing <Task(PostgresOperator): read_clickhouse_data> on 2025-10-02 11:20:46.689717+00:00
[2025-10-02T11:20:54.071+0000] {warnings.py:112} WARNING - /home/***/.local/lib/python3.12/site-packages/***/task/task_runner/standard_task_runner.py:61: DeprecationWarning: This process (pid=3141) is multi-threaded, use of fork() may lead to deadlocks in the child.
  pid = os.fork()

[2025-10-02T11:20:54.072+0000] {standard_task_runner.py:63} INFO - Started process 3142 to run task
[2025-10-02T11:20:54.072+0000] {standard_task_runner.py:90} INFO - Running: ['***', 'tasks', 'run', 'main', 'read_clickhouse_data', 'manual__2025-10-02T11:20:46.689717+00:00', '--job-id', '76', '--raw', '--subdir', 'DAGS_FOLDER/main.py', '--cfg-path', '/tmp/tmppygj6wzk']
[2025-10-02T11:20:54.073+0000] {standard_task_runner.py:91} INFO - Job 76: Subtask read_clickhouse_data
[2025-10-02T11:20:54.106+0000] {task_command.py:426} INFO - Running <TaskInstance: main.read_clickhouse_data manual__2025-10-02T11:20:46.689717+00:00 [running]> on host 5adecdfd8c83
[2025-10-02T11:20:54.168+0000] {taskinstance.py:2648} INFO - Exporting env vars: AIRFLOW_CTX_DAG_OWNER='***' AIRFLOW_CTX_DAG_ID='main' AIRFLOW_CTX_TASK_ID='read_clickhouse_data' AIRFLOW_CTX_EXECUTION_DATE='2025-10-02T11:20:46.689717+00:00' AIRFLOW_CTX_TRY_NUMBER='1' AIRFLOW_CTX_DAG_RUN_ID='manual__2025-10-02T11:20:46.689717+00:00'
[2025-10-02T11:20:54.169+0000] {taskinstance.py:430} INFO - ::endgroup::
[2025-10-02T11:20:54.178+0000] {sql.py:276} INFO - Executing: SELECT * FROM new_table
[2025-10-02T11:20:54.195+0000] {base.py:84} INFO - Using connection ID 'postgres_conn' for task execution.
[2025-10-02T11:20:54.224+0000] {base.py:84} INFO - Using connection ID 'postgres_conn' for task execution.
[2025-10-02T11:20:54.238+0000] {sql.py:487} INFO - Running statement: SELECT * FROM new_table, parameters: None
[2025-10-02T11:20:54.239+0000] {sql.py:496} INFO - Rows affected: 1
[2025-10-02T11:20:54.241+0000] {taskinstance.py:441} INFO - ::group::Post task execution logs
[2025-10-02T11:20:54.261+0000] {taskinstance.py:1206} INFO - Marking task as SUCCESS. dag_id=main, task_id=read_clickhouse_data, run_id=manual__2025-10-02T11:20:46.689717+00:00, execution_date=20251002T112046, start_date=20251002T112054, end_date=20251002T112054
[2025-10-02T11:20:54.286+0000] {local_task_job_runner.py:240} INFO - Task exited with return code 0
[2025-10-02T11:20:54.301+0000] {taskinstance.py:3503} INFO - 0 downstream tasks scheduled from follow-on schedule check
[2025-10-02T11:20:54.304+0000] {local_task_job_runner.py:222} INFO - ::endgroup::
