[2025-10-01T07:33:08.300+0000] {local_task_job_runner.py:120} INFO - ::group::Pre task execution logs
[2025-10-01T07:33:08.316+0000] {taskinstance.py:2076} INFO - Dependencies all met for dep_context=non-requeueable deps ti=<TaskInstance: main.run_pyspark_task scheduled__2025-09-30T00:00:00+00:00 [queued]>
[2025-10-01T07:33:08.324+0000] {taskinstance.py:2076} INFO - Dependencies all met for dep_context=requeueable deps ti=<TaskInstance: main.run_pyspark_task scheduled__2025-09-30T00:00:00+00:00 [queued]>
[2025-10-01T07:33:08.324+0000] {taskinstance.py:2306} INFO - Starting attempt 1 of 1
[2025-10-01T07:33:08.334+0000] {taskinstance.py:2330} INFO - Executing <Task(PythonOperator): run_pyspark_task> on 2025-09-30 00:00:00+00:00
[2025-10-01T07:33:08.338+0000] {warnings.py:112} WARNING - /home/***/.local/lib/python3.12/site-packages/***/task/task_runner/standard_task_runner.py:61: DeprecationWarning: This process (pid=56) is multi-threaded, use of fork() may lead to deadlocks in the child.
  pid = os.fork()

[2025-10-01T07:33:08.339+0000] {standard_task_runner.py:90} INFO - Running: ['***', 'tasks', 'run', 'main', 'run_pyspark_task', 'scheduled__2025-09-30T00:00:00+00:00', '--job-id', '14', '--raw', '--subdir', 'DAGS_FOLDER/main.py', '--cfg-path', '/tmp/tmp3pnuyqld']
[2025-10-01T07:33:08.340+0000] {standard_task_runner.py:63} INFO - Started process 57 to run task
[2025-10-01T07:33:08.340+0000] {standard_task_runner.py:91} INFO - Job 14: Subtask run_pyspark_task
[2025-10-01T07:33:08.373+0000] {task_command.py:426} INFO - Running <TaskInstance: main.run_pyspark_task scheduled__2025-09-30T00:00:00+00:00 [running]> on host 1f699f040596
[2025-10-01T07:33:08.437+0000] {taskinstance.py:2648} INFO - Exporting env vars: AIRFLOW_CTX_DAG_OWNER='***' AIRFLOW_CTX_DAG_ID='main' AIRFLOW_CTX_TASK_ID='run_pyspark_task' AIRFLOW_CTX_EXECUTION_DATE='2025-09-30T00:00:00+00:00' AIRFLOW_CTX_TRY_NUMBER='1' AIRFLOW_CTX_DAG_RUN_ID='scheduled__2025-09-30T00:00:00+00:00'
[2025-10-01T07:33:08.438+0000] {taskinstance.py:430} INFO - ::endgroup::
[2025-10-01T07:33:16.361+0000] {logging_mixin.py:188} INFO - +-------+---+
|   name| id|
+-------+---+
|  Alice|  1|
|    Bob|  2|
|Charlie|  3|
+-------+---+
[2025-10-01T07:33:17.309+0000] {python.py:237} INFO - Done. Returned value was: None
[2025-10-01T07:33:17.310+0000] {taskinstance.py:441} INFO - ::group::Post task execution logs
[2025-10-01T07:33:17.322+0000] {taskinstance.py:1206} INFO - Marking task as SUCCESS. dag_id=main, task_id=run_pyspark_task, run_id=scheduled__2025-09-30T00:00:00+00:00, execution_date=20250930T000000, start_date=20251001T073308, end_date=20251001T073317
[2025-10-01T07:33:17.346+0000] {local_task_job_runner.py:240} INFO - Task exited with return code 0
[2025-10-01T07:33:17.362+0000] {taskinstance.py:3503} INFO - 0 downstream tasks scheduled from follow-on schedule check
[2025-10-01T07:33:17.364+0000] {local_task_job_runner.py:222} INFO - ::endgroup::
